ALARA 2.9.2
Set verbose level to 2.
Opened tree file output/sample3.tree.
	Opened sample3 for input.
Starting problem input processing.
	Reading input.
	Cross-checking input for completeness and self-consistency.


***Please review this schedule hierarchy.!!!!!!!!!!

Schedule 'total':
	pulse: 1 s with 0 s delay pulsed with history pulsed_spec

***End of schedule hierarchy.


	Preprocessing input.
Starting problem solution.
	Solved problem.
	Reset binary dump with 5 results per isotope.
Zone output requested:
	Response Units: Bq /cm3
	Break-down by Constituent
	Total Decay Heat [W/cm3]


*** Total Decay Heat [W/cm3] ***

Zone #1: inner_zone
	Relative Volume: 314.159
	Containing mixture: inner_mix

Constituent: CONC
	Volume Fraction: 0.05	Relative Volume: 15.708
Total Decay Heat [W/cm3]
isotope	 shutdown         1 s         1 d         1 m         1 y   
====================================================================
h-3 	2.4902e-07  2.4902e-07  2.4899e-07  2.4902e-07  2.3546e-07  
he-6 	4.5750e+01  1.9403e+01  0.0000e+00  2.0391e-21  0.0000e+00  
li-8 	5.1002e-01  2.2391e-01  0.0000e+00  1.8052e-22  0.0000e+00  
be-8 	5.0354e+01  3.2764e-03  0.0000e+00  2.0278e-24  0.0000e+00  
be-10 	6.3274e-11  6.3274e-11  6.3274e-11  6.3274e-11  6.3274e-11  
be-11 	1.2015e-01  1.1427e-01  0.0000e+00  5.9136e-03  0.0000e+00  
b-12 	7.6765e+02  9.6093e-13  0.0000e+00  0.0000e+00  0.0000e+00  
b-13 	1.2865e+03  6.4393e-15  0.0000e+00  0.0000e+00  0.0000e+00  
c-14 	5.2378e-09  5.2378e-09  5.2378e-09  5.2378e-09  5.2372e-09  
c-15 	3.9048e+02  2.9423e+02  0.0000e+00  1.6460e-05  0.0000e+00  
n-13 	1.6811e-01  1.6792e-01  0.0000e+00  1.5682e-01  0.0000e+00  
n-16 	5.4819e+05  4.9734e+05  0.0000e+00  1.5928e+03  0.0000e+00  
n-17 	4.8057e+01  4.0696e+01  0.0000e+00  2.2354e-03  0.0000e+00  
n-18 	4.6014e+01  1.5313e+01  0.0000e+00  9.8484e-28  0.0000e+00  
o-19 	3.1104e+00  3.0313e+00  0.0000e+00  6.6318e-01  0.0000e+00  
f-18 	9.8251e-05  9.8241e-05  1.0985e-08  9.7632e-05  0.0000e+00  
f-20 	5.8352e+03  5.4798e+03  0.0000e+00  1.3444e+02  0.0000e+00  
f-21 	4.1625e+01  3.5455e+01  0.0000e+00  2.7440e-03  0.0000e+00  
f-22 	4.8999e+00  4.1609e+00  0.0000e+00  2.6936e-04  0.0000e+00  
ne-23 	1.0031e+03  9.8456e+02  0.0000e+00  3.2795e+02  0.0000e+00  
ne-24 	9.6819e-01  9.6488e-01  0.0000e+00  7.8867e-01  0.0000e+00  
na-21 	4.4214e-04  4.2872e-04  0.0000e+00  6.9575e-05  0.0000e+00  
na-22 	9.6599e-07  9.6599e-07  9.6528e-07  9.6599e-07  7.4083e-07  
na-24 	3.7758e+01  3.7801e+01  1.2455e+01  3.7774e+01  0.0000e+00  
na-24m	1.2062e+04  1.5099e-11  0.0000e+00  0.0000e+00  0.0000e+00  
na-25 	1.6321e+02  1.6132e+02  0.0000e+00  8.1226e+01  0.0000e+00  
na-26 	1.5108e+03  7.9520e+02  0.0000e+00  2.8531e-14  0.0000e+00  
mg-27 	4.0176e+02  4.0127e+02  0.0000e+00  3.7338e+02  0.0000e+00  
mg-28 	8.4955e-05  8.4954e-05  3.8342e-05  8.4908e-05  0.0000e+00  
mg-29 	5.7826e-07  3.3928e-07  0.0000e+00  7.3864e-21  0.0000e+00  
al-25 	1.9830e-02  1.8006e-02  0.0000e+00  6.0647e-05  0.0000e+00  
al-26 	1.9258e-09  1.9258e-09  1.9258e-09  1.9258e-09  1.9258e-09  
al-26m	9.3729e+00  8.4029e+00  0.0000e+00  1.3343e-02  0.0000e+00  
al-28 	5.4187e+04  5.3908e+04  0.0000e+00  3.9771e+04  0.0000e+00  
al-29 	7.9604e+02  7.9464e+02  0.0000e+00  7.1630e+02  0.0000e+00  
al-30 	5.8794e+03  4.8497e+03  0.0000e+00  5.6515e-02  0.0000e+00  
al-31 	1.9718e+00  6.6758e-01  0.0000e+00  1.1839e-28  0.0000e+00  
si-31 	1.4541e+00  1.4540e+00  2.5516e-03  1.4477e+00  0.0000e+00  
si-32 	3.7296e-10  3.7296e-10  3.7296e-10  3.7296e-10  3.7147e-10  
si-33 	3.6715e-02  3.2820e-02  0.0000e+00  4.3876e-05  0.0000e+00  
p-30 	4.2646e-02  4.2450e-02  0.0000e+00  3.2313e-02  0.0000e+00  
p-32 	1.8013e-02  1.8013e-02  1.7158e-02  1.8012e-02  3.7249e-10  
p-33 	1.8229e-05  1.8229e-05  1.7740e-05  1.8231e-05  8.8479e-10  
p-34 	1.2436e+02  1.1760e+02  0.0000e+00  4.3458e+00  0.0000e+00  
p-35 	9.9879e-03  9.8426e-03  0.0000e+00  4.1459e-03  0.0000e+00  
p-36 	6.7420e-03  5.9571e-03  0.0000e+00  4.0130e-06  0.0000e+00  
s-35 	1.1641e-05  1.1641e-05  1.1549e-05  1.1641e-05  6.5120e-07  
s-37 	3.7714e-01  3.7626e-01  0.0000e+00  3.2823e-01  0.0000e+00  
s-38 	5.7387e-05  5.7383e-05  1.6365e-07  5.7154e-05  0.0000e+00  
cl-34 	1.4985e-02  9.5147e-03  0.0000e+00  2.1859e-14  0.0000e+00  
cl-34m	2.6447e-04  2.6437e-04  8.2837e-18  2.5882e-04  0.0000e+00  
cl-36 	2.0580e-09  2.0580e-09  2.0580e-09  2.0580e-09  2.0580e-09  
cl-38 	1.4522e+00  1.4698e+00  3.2980e-12  1.4552e+00  0.0000e+00  
cl-38m	1.9601e+01  7.9677e+00  0.0000e+00  6.8454e-23  0.0000e+00  
cl-39 	1.2738e-01  1.2735e-01  2.0353e-09  1.2580e-01  0.0000e+00  
cl-40 	1.2215e+00  1.2111e+00  0.0000e+00  7.3097e-01  0.0000e+00  
cl-41 	2.1299e-02  2.0870e-02  0.0000e+00  6.2681e-03  0.0000e+00  
ar-37 	2.5440e-05  2.5440e-05  2.4942e-05  2.5440e-05  1.8984e-08  
ar-39 	2.7799e-06  2.7799e-06  2.7845e-06  2.7800e-06  2.7774e-06  
ar-41 	1.8455e+00  1.8453e+00  2.0498e-04  1.8339e+00  0.0000e+00  
ar-42 	4.8001e-09  4.8001e-09  4.7998e-09  4.8001e-09  4.7007e-09  
ar-43 	1.7483e-02  1.7445e-02  0.0000e+00  1.5364e-02  0.0000e+00  
ar-44 	4.2884e-04  4.2842e-04  1.2384e-40  4.0451e-04  0.0000e+00  
ar-45 	7.7526e-03  7.5064e-03  0.0000e+00  1.1184e-03  0.0000e+00  
k-38 	7.5070e+01  7.4956e+01  0.0000e+00  6.8534e+01  0.0000e+00  
k-38m	2.2630e+02  1.0688e+02  0.0000e+00  6.4162e-18  0.0000e+00  
k-40 	7.4581e-11  7.4581e-11  7.4581e-11  7.4581e-11  7.4581e-11  
k-42 	1.2037e+00  1.2037e+00  3.1366e-01  1.2026e+00  0.0000e+00  
k-43 	3.4029e-02  3.4029e-02  1.6099e-02  3.4015e-02  0.0000e+00  
k-44 	2.1372e+01  2.1361e+01  5.5184e-19  2.0713e+01  0.0000e+00  
k-45 	3.5069e-02  3.5048e-02  3.4377e-27  3.3770e-02  0.0000e+00  
k-46 	1.1404e-01  1.1321e-01  0.0000e+00  7.3612e-02  0.0000e+00  
k-47 	4.2863e-02  4.1199e-02  0.0000e+00  3.9809e-03  0.0000e+00  
k-48 	8.0361e+00  7.2573e+00  0.0000e+00  1.7738e-02  0.0000e+00  
ca-41 	1.9095e-09  1.9095e-09  1.9095e-09  1.9095e-09  1.9094e-09  
ca-45 	4.6374e-04  4.6374e-04  4.6184e-04  4.6374e-04  9.8371e-05  
ca-47 	4.9090e-02  4.9090e-02  4.2137e-02  4.9085e-02  3.5067e-26  
ca-49 	7.1818e+01  7.1723e+01  0.0000e+00  6.6330e+01  0.0000e+00  
sc-43 	1.6408e-08  1.6407e-08  2.2834e-10  1.6359e-08  0.0000e+00  
sc-44 	6.0779e-05  6.0776e-05  2.8510e-06  6.0608e-05  1.1773e-11  
sc-44m	2.8883e-07  2.8883e-07  2.1744e-07  2.8877e-07  0.0000e+00  
sc-45m	2.0729e-01  2.3119e-02  0.0000e+00  0.0000e+00  0.0000e+00  
sc-46 	1.3134e-04  1.3207e-04  1.5037e-04  1.4942e-04  7.4729e-06  
sc-46m	5.2714e-01  5.0795e-01  0.0000e+00  5.7023e-02  0.0000e+00  
sc-47 	3.6350e-04  3.6352e-04  1.9339e-03  3.6481e-04  6.4926e-37  
sc-48 	1.8660e-02  1.8660e-02  1.2749e-02  1.8655e-02  0.0000e+00  
sc-49 	9.4712e-02  9.7632e-02  7.1662e-08  2.6219e-01  0.0000e+00  
sc-50 	5.7172e-01  5.7796e-01  0.0000e+00  3.8890e-01  0.0000e+00  
sc-50m	2.2069e-01  3.0458e-02  0.0000e+00  0.0000e+00  0.0000e+00  
ti-44 	6.4967e-13  6.4967e-13  6.4965e-13  6.4967e-13  6.4024e-13  
ti-45 	1.6534e-03  1.6533e-03  7.4594e-06  1.6473e-03  0.0000e+00  
ti-51 	2.8568e-01  2.8512e-01  0.0000e+00  2.5350e-01  0.0000e+00  
v-49 	4.9089e-12  4.9089e-12  4.8986e-12  4.9089e-12  2.2853e-12  
v-50 	1.2664e-24  1.2664e-24  1.2664e-24  1.2664e-24  1.2664e-24  
v-52 	2.5924e-02  2.5844e-02  0.0000e+00  2.1543e-02  0.0000e+00  
v-53 	3.9795e-02  3.9512e-02  0.0000e+00  2.5942e-02  0.0000e+00  
v-54 	3.1967e-03  3.1525e-03  0.0000e+00  1.3868e-03  0.0000e+00  
cr-51 	1.9978e-05  1.9978e-05  1.9484e-05  1.9977e-05  2.2163e-09  
cr-55 	7.4518e-02  7.4275e-02  0.0000e+00  6.1267e-02  0.0000e+00  
cr-56 	3.2575e-05  3.2512e-05  0.0000e+00  2.8984e-05  0.0000e+00  
cr-57 	2.7069e-06  2.6194e-06  0.0000e+00  3.7710e-07  0.0000e+00  
mn-51 	5.3072e-07  5.3058e-07  2.1984e-16  5.2281e-07  0.0000e+00  
mn-52 	3.6743e-05  3.6743e-05  3.2636e-05  3.6746e-05  9.2951e-25  
mn-52m	4.5335e-03  4.5310e-03  1.2948e-23  4.3870e-03  0.0000e+00  
mn-53 	3.5175e-13  3.5175e-13  3.5385e-13  3.5192e-13  3.5385e-13  
mn-54 	2.8257e-04  2.8257e-04  2.8194e-04  2.8257e-04  1.2597e-04  
mn-56 	7.9484e+00  7.9478e+00  1.2558e-02  7.9128e+00  0.0000e+00  
mn-57 	6.1480e+00  6.1040e+00  0.0000e+00  3.9972e+00  0.0000e+00  
mn-58 	4.4876e-01  4.4402e-01  0.0000e+00  2.3737e-01  0.0000e+00  
mn-58m	8.3483e-01  6.6261e-01  0.0000e+00  7.9616e-07  0.0000e+00  
mn-59 	2.0081e-03  1.7272e-03  0.0000e+00  2.3785e-07  0.0000e+00  
mn-60 	3.1971e-05  2.1706e-05  0.0000e+00  2.5963e-15  0.0000e+00  
fe-53 	2.1108e-01  2.1079e-01  0.0000e+00  1.9457e-01  0.0000e+00  
fe-55 	6.3834e-06  6.3834e-06  6.3790e-06  6.3834e-06  4.9587e-06  
fe-59 	1.5095e-04  1.5095e-04  1.4862e-04  1.5095e-04  5.2070e-07  
fe-60 	1.2737e-15  1.2737e-15  1.2737e-15  1.2737e-15  1.2737e-15  
fe-61 	2.3881e-05  2.3835e-05  0.0000e+00  2.1267e-05  0.0000e+00  
co-60 	1.1198e-12  1.1198e-12  1.1194e-12  1.1198e-12  9.8224e-13  
co-60m	9.2053e-09  9.1951e-09  0.0000e+00  8.6156e-09  0.0000e+00  
co-61 	7.7981e-09  8.4118e-09  1.4501e-11  4.2476e-08  0.0000e+00  
====================================================================
total	6.3333e+05  5.6560e+05  1.2876e+01  4.3217e+04  2.4173e-04  
Constituent: b4c
	Volume Fraction: 0.25	Relative Volume: 78.5398
Total Decay Heat [W/cm3]
isotope	 shutdown         1 s         1 d         1 m         1 y   
====================================================================
h-3 	1.7990e-04  1.7990e-04  1.7987e-04  1.7990e-04  1.7010e-04  
he-6 	1.7145e+04  7.2713e+03  0.0000e+00  7.6416e-19  0.0000e+00  
li-8 	2.1011e+06  9.2244e+05  0.0000e+00  7.4368e-16  0.0000e+00  
be-8 	3.1079e+04  1.3498e+04  0.0000e+00  1.4905e-18  0.0000e+00  
be-10 	6.2690e-09  6.2690e-09  6.2690e-09  6.2690e-09  6.2690e-09  
be-11 	8.6632e+04  8.2392e+04  0.0000e+00  4.2639e+03  0.0000e+00  
b-12 	2.5713e+05  3.2187e-10  0.0000e+00  0.0000e+00  0.0000e+00  
b-13 	2.2222e+03  1.1123e-14  0.0000e+00  0.0000e+00  0.0000e+00  
c-14 	8.3633e-11  8.3633e-11  8.3633e-11  8.3633e-11  8.3623e-11  
====================================================================
total	2.4953e+06  1.0256e+06  1.7988e-04  4.2639e+03  1.7010e-04  
Constituent: ni
	Volume Fraction: 0.7	Relative Volume: 219.911
Total Decay Heat [W/cm3]
isotope	 shutdown         1 s         1 d         1 m         1 y   
====================================================================
h-3 	8.0766e-08  8.0766e-08  8.0754e-08  8.0766e-08  7.6366e-08  
v-52 	2.7430e-02  2.7346e-02  0.0000e+00  2.2795e-02  0.0000e+00  
cr-51 	1.8244e-06  1.8244e-06  1.7793e-06  1.8244e-06  2.0240e-10  
cr-55 	7.0912e+00  7.0681e+00  0.0000e+00  5.8302e+00  0.0000e+00  
cr-56 	6.3182e-03  6.3059e-03  0.0000e+00  5.6216e-03  0.0000e+00  
mn-53 	5.6835e-14  5.6835e-14  5.6835e-14  5.6835e-14  5.6835e-14  
mn-54 	7.6425e-04  7.6425e-04  7.6256e-04  7.6425e-04  3.4070e-04  
mn-56 	2.3996e+00  2.3995e+00  3.7923e-03  2.3890e+00  0.0000e+00  
mn-57 	2.5565e+01  2.5382e+01  0.0000e+00  1.6622e+01  0.0000e+00  
mn-58 	5.7162e+01  5.6559e+01  0.0000e+00  3.0235e+01  0.0000e+00  
mn-58m	1.7206e+02  1.3657e+02  0.0000e+00  1.6409e-04  0.0000e+00  
mn-59 	4.1782e-01  3.5938e-01  0.0000e+00  4.9490e-05  0.0000e+00  
fe-53 	4.3159e-02  4.3100e-02  0.0000e+00  3.9783e-02  0.0000e+00  
fe-53m	2.0793e-02  2.0700e-02  0.0000e+00  1.5894e-02  0.0000e+00  
fe-55 	6.3248e-04  6.3248e-04  6.3204e-04  6.3248e-04  4.9132e-04  
fe-59 	4.2196e-02  4.2196e-02  4.1544e-02  4.2195e-02  1.4555e-04  
fe-60 	1.5158e-12  1.5158e-12  1.5158e-12  1.5158e-12  1.5158e-12  
fe-61 	4.1274e+01  4.1194e+01  0.0000e+00  3.6757e+01  0.0000e+00  
co-55 	7.8027e-04  7.8027e-04  3.0207e-04  7.7976e-04  0.0000e+00  
co-56 	3.1419e-02  3.1419e-02  3.1139e-02  3.1419e-02  1.2014e-03  
co-57 	2.3320e-01  2.3320e-01  2.3540e-01  2.3320e-01  9.5149e-02  
co-58 	1.4581e-01  1.4581e-01  1.4818e-01  1.4582e-01  4.2731e-03  
co-58m	2.1367e-02  2.1367e-02  3.3237e-03  2.1340e-02  0.0000e+00  
co-60 	6.6193e-02  6.6268e-02  1.3377e-01  7.0526e-02  1.1739e-01  
co-60m	4.4003e+02  4.3955e+02  2.1253e-39  4.1185e+02  0.0000e+00  
co-61 	1.8565e+01  1.8564e+01  8.0150e-04  1.8497e+01  0.0000e+00  
co-62 	2.2022e+03  2.1853e+03  2.6624e-34  1.3879e+03  0.0000e+00  
co-62m	1.8242e+02  1.8227e+02  1.2522e-29  1.7356e+02  0.0000e+00  
co-63 	2.0662e+02  2.0146e+02  0.0000e+00  4.5288e+01  0.0000e+00  
co-64 	1.4237e+03  1.4125e+02  0.0000e+00  0.0000e+00  0.0000e+00  
ni-56 	2.9213e-04  2.9213e-04  2.6075e-04  2.9210e-04  3.1803e-22  
ni-57 	2.0217e+01  2.0217e+01  1.2686e+01  2.0210e+01  0.0000e+00  
ni-59 	3.9853e-07  3.9853e-07  3.9853e-07  3.9853e-07  3.9853e-07  
ni-63 	1.4199e-04  1.4199e-04  1.4201e-04  1.4201e-04  1.4103e-04  
ni-65 	9.8303e+01  9.8295e+01  1.3354e-01  9.7853e+01  0.0000e+00  
cu-64 	2.6722e-05  2.6721e-05  7.2124e-06  2.6697e-05  0.0000e+00  
cu-66 	2.5565e-02  2.5507e-02  0.0000e+00  2.2316e-02  0.0000e+00  
====================================================================
total	4.8987e+03  3.5571e+03  1.3420e+01  2.2476e+03  2.1913e-01  
Total (All constituents) 
	COMPACTED
	Volume Fraction: 1	Relative Volume: 314.159
Total Decay Heat [W/cm3]
isotope	 shutdown         1 s         1 d         1 m         1 y   
====================================================================
h-3 	4.5043e-05  4.5043e-05  4.5036e-05  4.5043e-05  4.2589e-05  
he-6 	4.2884e+03  1.8188e+03  0.0000e+00  1.9114e-19  0.0000e+00  
li-8 	5.2529e+05  2.3061e+05  0.0000e+00  1.8592e-16  0.0000e+00  
be-8 	7.7721e+03  3.3745e+03  0.0000e+00  3.7263e-19  0.0000e+00  
be-10 	1.5704e-09  1.5704e-09  1.5704e-09  1.5704e-09  1.5704e-09  
be-11 	2.1658e+04  2.0598e+04  0.0000e+00  1.0660e+03  0.0000e+00  
b-12 	6.4321e+04  8.0514e-11  0.0000e+00  0.0000e+00  0.0000e+00  
b-13 	6.1988e+02  3.1027e-15  0.0000e+00  0.0000e+00  0.0000e+00  
c-14 	2.8280e-10  2.8280e-10  2.8280e-10  2.8280e-10  2.8277e-10  
c-15 	1.9524e+01  1.4711e+01  0.0000e+00  8.2299e-07  0.0000e+00  
n-13 	8.4056e-03  8.3959e-03  0.0000e+00  7.8408e-03  0.0000e+00  
n-16 	2.7409e+04  2.4867e+04  0.0000e+00  7.9640e+01  0.0000e+00  
n-17 	2.4028e+00  2.0348e+00  0.0000e+00  1.1177e-04  0.0000e+00  
n-18 	2.3007e+00  7.6565e-01  0.0000e+00  4.9242e-29  0.0000e+00  
o-19 	1.5552e-01  1.5157e-01  0.0000e+00  3.3159e-02  0.0000e+00  
f-18 	4.9125e-06  4.9120e-06  5.4925e-10  4.8816e-06  0.0000e+00  
f-20 	2.9176e+02  2.7399e+02  0.0000e+00  6.7222e+00  0.0000e+00  
f-21 	2.0813e+00  1.7727e+00  0.0000e+00  1.3720e-04  0.0000e+00  
f-22 	2.4500e-01  2.0805e-01  0.0000e+00  1.3468e-05  0.0000e+00  
ne-23 	5.0154e+01  4.9228e+01  0.0000e+00  1.6397e+01  0.0000e+00  
ne-24 	4.8409e-02  4.8244e-02  0.0000e+00  3.9434e-02  0.0000e+00  
na-21 	2.2107e-05  2.1436e-05  0.0000e+00  3.4788e-06  0.0000e+00  
na-22 	4.8299e-08  4.8299e-08  4.8264e-08  4.8299e-08  3.7042e-08  
na-24 	1.8879e+00  1.8900e+00  6.2277e-01  1.8887e+00  0.0000e+00  
na-24m	6.0310e+02  7.5494e-13  0.0000e+00  0.0000e+00  0.0000e+00  
na-25 	8.1605e+00  8.0662e+00  0.0000e+00  4.0613e+00  0.0000e+00  
na-26 	7.5540e+01  3.9760e+01  0.0000e+00  1.4266e-15  0.0000e+00  
mg-27 	2.0088e+01  2.0063e+01  0.0000e+00  1.8669e+01  0.0000e+00  
mg-28 	4.2477e-06  4.2477e-06  1.9171e-06  4.2454e-06  0.0000e+00  
mg-29 	2.8913e-08  1.6964e-08  0.0000e+00  3.6932e-22  0.0000e+00  
al-25 	9.9152e-04  9.0031e-04  0.0000e+00  3.0324e-06  0.0000e+00  
al-26 	9.6291e-11  9.6291e-11  9.6291e-11  9.6291e-11  9.6291e-11  
al-26m	4.6865e-01  4.2015e-01  0.0000e+00  6.6715e-04  0.0000e+00  
al-28 	2.7094e+03  2.6954e+03  0.0000e+00  1.9886e+03  0.0000e+00  
al-29 	3.9802e+01  3.9732e+01  0.0000e+00  3.5815e+01  0.0000e+00  
al-30 	2.9397e+02  2.4248e+02  0.0000e+00  2.8258e-03  0.0000e+00  
al-31 	9.8591e-02  3.3379e-02  0.0000e+00  5.9193e-30  0.0000e+00  
si-31 	7.2703e-02  7.2698e-02  1.2758e-04  7.2384e-02  0.0000e+00  
si-32 	1.8648e-11  1.8648e-11  1.8648e-11  1.8648e-11  1.8573e-11  
si-33 	1.8358e-03  1.6410e-03  0.0000e+00  2.1938e-06  0.0000e+00  
p-30 	2.1323e-03  2.1225e-03  0.0000e+00  1.6156e-03  0.0000e+00  
p-32 	9.0065e-04  9.0065e-04  8.5792e-04  9.0062e-04  1.8624e-11  
p-33 	9.1146e-07  9.1147e-07  8.8701e-07  9.1153e-07  4.4239e-11  
p-34 	6.2178e+00  5.8798e+00  0.0000e+00  2.1729e-01  0.0000e+00  
p-35 	4.9940e-04  4.9213e-04  0.0000e+00  2.0730e-04  0.0000e+00  
p-36 	3.3710e-04  2.9785e-04  0.0000e+00  2.0065e-07  0.0000e+00  
s-35 	5.8204e-07  5.8204e-07  5.7747e-07  5.8205e-07  3.2560e-08  
s-37 	1.8857e-02  1.8813e-02  0.0000e+00  1.6411e-02  0.0000e+00  
s-38 	2.8694e-06  2.8692e-06  8.1823e-09  2.8577e-06  0.0000e+00  
cl-34 	7.4926e-04  4.7574e-04  0.0000e+00  1.0929e-15  0.0000e+00  
cl-34m	1.3223e-05  1.3219e-05  4.1419e-19  1.2941e-05  0.0000e+00  
cl-36 	1.0290e-10  1.0290e-10  1.0290e-10  1.0290e-10  1.0290e-10  
cl-38 	7.2609e-02  7.3488e-02  1.6490e-13  7.2761e-02  0.0000e+00  
cl-38m	9.8005e-01  3.9838e-01  0.0000e+00  3.4227e-24  0.0000e+00  
cl-39 	6.3689e-03  6.3676e-03  1.0177e-10  6.2900e-03  0.0000e+00  
cl-40 	6.1074e-02  6.0553e-02  0.0000e+00  3.6548e-02  0.0000e+00  
cl-41 	1.0650e-03  1.0435e-03  0.0000e+00  3.1341e-04  0.0000e+00  
ar-37 	1.2720e-06  1.2720e-06  1.2471e-06  1.2720e-06  9.4920e-10  
ar-39 	1.3900e-07  1.3900e-07  1.3923e-07  1.3900e-07  1.3887e-07  
ar-41 	9.2277e-02  9.2267e-02  1.0249e-05  9.1697e-02  0.0000e+00  
ar-42 	2.4001e-10  2.4001e-10  2.3999e-10  2.4001e-10  2.3503e-10  
ar-43 	8.7414e-04  8.7226e-04  0.0000e+00  7.6822e-04  0.0000e+00  
ar-44 	2.1442e-05  2.1421e-05  6.1918e-42  2.0225e-05  0.0000e+00  
ar-45 	3.8763e-04  3.7532e-04  0.0000e+00  5.5918e-05  0.0000e+00  
k-38 	3.7535e+00  3.7478e+00  0.0000e+00  3.4267e+00  0.0000e+00  
k-38m	1.1315e+01  5.3439e+00  0.0000e+00  3.2081e-19  0.0000e+00  
k-40 	3.7290e-12  3.7290e-12  3.7290e-12  3.7290e-12  3.7290e-12  
k-42 	6.0185e-02  6.0184e-02  1.5683e-02  6.0128e-02  0.0000e+00  
k-43 	1.7014e-03  1.7014e-03  8.0493e-04  1.7007e-03  0.0000e+00  
k-44 	1.0686e+00  1.0680e+00  2.7592e-20  1.0356e+00  0.0000e+00  
k-45 	1.7534e-03  1.7524e-03  1.7189e-28  1.6885e-03  0.0000e+00  
k-46 	5.7022e-03  5.6607e-03  0.0000e+00  3.6806e-03  0.0000e+00  
k-47 	2.1432e-03  2.0599e-03  0.0000e+00  1.9905e-04  0.0000e+00  
k-48 	4.0181e-01  3.6287e-01  0.0000e+00  8.8689e-04  0.0000e+00  
ca-41 	9.5473e-11  9.5473e-11  9.5473e-11  9.5473e-11  9.5472e-11  
ca-45 	2.3187e-05  2.3187e-05  2.3092e-05  2.3187e-05  4.9185e-06  
ca-47 	2.4545e-03  2.4545e-03  2.1068e-03  2.4543e-03  1.7534e-27  
ca-49 	3.5909e+00  3.5862e+00  0.0000e+00  3.3165e+00  0.0000e+00  
sc-43 	8.2038e-10  8.2034e-10  1.1417e-11  8.1794e-10  0.0000e+00  
sc-44 	3.0390e-06  3.0388e-06  1.4255e-07  3.0304e-06  5.8864e-13  
sc-44m	1.4441e-08  1.4441e-08  1.0872e-08  1.4438e-08  0.0000e+00  
sc-45m	1.0365e-02  1.1559e-03  0.0000e+00  0.0000e+00  0.0000e+00  
sc-46 	6.5668e-06  6.6037e-06  7.5186e-06  7.4712e-06  3.7365e-07  
sc-46m	2.6357e-02  2.5398e-02  0.0000e+00  2.8512e-03  0.0000e+00  
sc-47 	1.8175e-05  1.8176e-05  9.6693e-05  1.8240e-05  3.2463e-38  
sc-48 	9.3301e-04  9.3300e-04  6.3745e-04  9.3276e-04  0.0000e+00  
sc-49 	4.7356e-03  4.8816e-03  3.5831e-09  1.3109e-02  0.0000e+00  
sc-50 	2.8586e-02  2.8898e-02  0.0000e+00  1.9445e-02  0.0000e+00  
sc-50m	1.1035e-02  1.5229e-03  0.0000e+00  0.0000e+00  0.0000e+00  
ti-44 	3.2484e-14  3.2484e-14  3.2482e-14  3.2484e-14  3.2012e-14  
ti-45 	8.2672e-05  8.2667e-05  3.7297e-07  8.2363e-05  0.0000e+00  
ti-51 	1.4284e-02  1.4256e-02  0.0000e+00  1.2675e-02  0.0000e+00  
v-49 	2.4545e-13  2.4545e-13  2.4493e-13  2.4545e-13  1.1426e-13  
v-50 	6.3322e-26  6.3322e-26  6.3322e-26  6.3322e-26  6.3322e-26  
v-52 	2.0497e-02  2.0434e-02  0.0000e+00  1.7034e-02  0.0000e+00  
v-53 	1.9897e-03  1.9756e-03  0.0000e+00  1.2971e-03  0.0000e+00  
v-54 	1.5984e-04  1.5763e-04  0.0000e+00  6.9341e-05  0.0000e+00  
cr-51 	2.2760e-06  2.2760e-06  2.2197e-06  2.2759e-06  2.5250e-10  
cr-55 	4.9676e+00  4.9514e+00  0.0000e+00  4.0842e+00  0.0000e+00  
cr-56 	4.4244e-03  4.4157e-03  0.0000e+00  3.9365e-03  0.0000e+00  
cr-57 	1.3534e-07  1.3097e-07  0.0000e+00  1.8855e-08  0.0000e+00  
mn-51 	2.6536e-08  2.6529e-08  1.0992e-17  2.6141e-08  0.0000e+00  
mn-52 	1.8372e-06  1.8372e-06  1.6318e-06  1.8373e-06  4.6475e-26  
mn-52m	2.2668e-04  2.2655e-04  6.4741e-25  2.1935e-04  0.0000e+00  
mn-53 	5.7372e-14  5.7373e-14  5.7477e-14  5.7381e-14  5.7477e-14  
mn-54 	5.4910e-04  5.4910e-04  5.4789e-04  5.4910e-04  2.4479e-04  
mn-56 	2.0772e+00  2.0770e+00  3.2825e-03  2.0679e+00  0.0000e+00  
mn-57 	1.8203e+01  1.8073e+01  0.0000e+00  1.1835e+01  0.0000e+00  
mn-58 	4.0036e+01  3.9613e+01  0.0000e+00  2.1176e+01  0.0000e+00  
mn-58m	1.2048e+02  9.5629e+01  0.0000e+00  1.1490e-04  0.0000e+00  
mn-59 	2.9258e-01  2.5165e-01  0.0000e+00  3.4655e-05  0.0000e+00  
mn-60 	1.5985e-06  1.0853e-06  0.0000e+00  1.2982e-16  0.0000e+00  
fe-53 	4.0765e-02  4.0710e-02  0.0000e+00  3.7576e-02  0.0000e+00  
fe-53m	1.4555e-02  1.4490e-02  0.0000e+00  1.1126e-02  0.0000e+00  
fe-55 	4.4305e-04  4.4305e-04  4.4275e-04  4.4305e-04  3.4417e-04  
fe-59 	2.9544e-02  2.9545e-02  2.9088e-02  2.9544e-02  1.0191e-04  
fe-60 	1.0611e-12  1.0611e-12  1.0611e-12  1.0611e-12  1.0611e-12  
fe-61 	2.8892e+01  2.8836e+01  0.0000e+00  2.5730e+01  0.0000e+00  
co-55 	5.4619e-04  5.4619e-04  2.1145e-04  5.4583e-04  0.0000e+00  
co-56 	2.1994e-02  2.1994e-02  2.1797e-02  2.1993e-02  8.4095e-04  
co-57 	1.6324e-01  1.6324e-01  1.6478e-01  1.6324e-01  6.6604e-02  
co-58 	1.0207e-01  1.0207e-01  1.0373e-01  1.0207e-01  2.9912e-03  
co-58m	1.4957e-02  1.4957e-02  2.3266e-03  1.4938e-02  0.0000e+00  
co-60 	4.6335e-02  4.6388e-02  9.3642e-02  4.9368e-02  8.2172e-02  
co-60m	3.0802e+02  3.0768e+02  1.4877e-39  2.8829e+02  0.0000e+00  
co-61 	1.2996e+01  1.2995e+01  5.6105e-04  1.2948e+01  0.0000e+00  
co-62 	1.5415e+03  1.5297e+03  1.8637e-34  9.7151e+02  0.0000e+00  
co-62m	1.2770e+02  1.2759e+02  8.7652e-30  1.2149e+02  0.0000e+00  
co-63 	1.4463e+02  1.4102e+02  0.0000e+00  3.1701e+01  0.0000e+00  
co-64 	9.9659e+02  9.8874e+01  0.0000e+00  0.0000e+00  0.0000e+00  
ni-56 	2.0449e-04  2.0449e-04  1.8252e-04  2.0447e-04  2.2262e-22  
ni-57 	1.4152e+01  1.4152e+01  8.8805e+00  1.4147e+01  0.0000e+00  
ni-59 	2.7897e-07  2.7897e-07  2.7897e-07  2.7897e-07  2.7897e-07  
ni-63 	9.9396e-05  9.9396e-05  9.9407e-05  9.9406e-05  9.8718e-05  
ni-65 	6.8812e+01  6.8807e+01  9.3478e-02  6.8497e+01  0.0000e+00  
cu-64 	1.8705e-05  1.8705e-05  5.0487e-06  1.8688e-05  0.0000e+00  
cu-66 	1.7895e-02  1.7855e-02  0.0000e+00  1.5621e-02  0.0000e+00  
====================================================================
total	6.5893e+05  2.8717e+05  1.0038e+01  4.8002e+03  1.5345e-01  

Zone #2: outer_zone
	Relative Volume: 392.699
	Containing mixture: outer_mix

Constituent: fe
	Volume Fraction: 1	Relative Volume: 392.699
Total Decay Heat [W/cm3]
isotope	 shutdown         1 s         1 d         1 m         1 y   
====================================================================
h-3 	1.5684e-09  1.5684e-09  1.5682e-09  1.5684e-09  1.4830e-09  
sc-47 	2.6329e-10  2.6329e-10  2.1403e-10  2.6325e-10  6.5557e-43  
sc-48 	1.5957e-09  1.5957e-09  1.0902e-09  1.5953e-09  0.0000e+00  
ti-51 	1.9201e-04  1.9163e-04  0.0000e+00  1.7038e-04  0.0000e+00  
v-49 	1.2954e-11  1.2954e-11  1.2927e-11  1.2954e-11  6.0307e-12  
v-50 	5.5595e-24  5.5595e-24  5.5595e-24  5.5595e-24  5.5595e-24  
v-52 	9.4084e-02  9.3794e-02  0.0000e+00  7.8187e-02  0.0000e+00  
v-53 	1.5599e-01  1.5488e-01  0.0000e+00  1.0169e-01  0.0000e+00  
v-54 	4.8635e-03  4.7962e-03  0.0000e+00  2.1099e-03  0.0000e+00  
cr-51 	8.5928e-04  8.5928e-04  8.3805e-04  8.5926e-04  9.5328e-08  
cr-55 	2.4152e+00  2.4074e+00  0.0000e+00  1.9857e+00  0.0000e+00  
cr-56 	1.2049e-04  1.2026e-04  0.0000e+00  1.0720e-04  0.0000e+00  
cr-57 	1.0213e-06  9.8828e-07  0.0000e+00  1.4228e-07  0.0000e+00  
mn-51 	2.2005e-07  2.1999e-07  9.1151e-17  2.1677e-07  0.0000e+00  
mn-52 	1.8696e-04  1.8696e-04  1.6932e-04  1.8709e-04  4.7296e-24  
mn-52m	1.0590e-01  1.0584e-01  3.0245e-22  1.0247e-01  0.0000e+00  
mn-53 	1.7543e-11  1.7543e-11  1.7631e-11  1.7550e-11  1.7631e-11  
mn-54 	1.0458e-02  1.0458e-02  1.0435e-02  1.0458e-02  4.6621e-03  
mn-56 	3.3050e+02  3.3047e+02  5.2216e-01  3.2902e+02  0.0000e+00  
mn-57 	2.0191e+02  2.0047e+02  0.0000e+00  1.3127e+02  0.0000e+00  
mn-58 	1.7789e+01  1.7601e+01  0.0000e+00  9.4093e+00  0.0000e+00  
mn-58m	3.1879e+01  2.5303e+01  0.0000e+00  3.0402e-05  0.0000e+00  
mn-59 	7.3862e-03  6.3530e-03  0.0000e+00  8.7487e-07  0.0000e+00  
mn-60 	1.2090e-05  8.2084e-06  0.0000e+00  9.8184e-16  0.0000e+00  
fe-53 	8.9115e+00  8.8995e+00  0.0000e+00  8.2145e+00  0.0000e+00  
fe-55 	2.7411e-04  2.7411e-04  2.7392e-04  2.7411e-04  2.1293e-04  
fe-59 	6.0799e-03  6.0799e-03  5.9860e-03  6.0799e-03  2.0972e-05  
fe-60 	4.7099e-15  4.7099e-15  4.7099e-15  4.7099e-15  4.7099e-15  
fe-61 	8.8040e-06  8.7870e-06  0.0000e+00  7.8404e-06  0.0000e+00  
co-60 	4.5153e-12  4.5153e-12  4.5137e-12  4.5153e-12  3.9608e-12  
co-60m	3.6875e-08  3.6834e-08  0.0000e+00  3.4512e-08  0.0000e+00  
co-61 	2.9305e-09  3.1618e-09  5.4656e-12  1.6002e-08  0.0000e+00  
====================================================================
total	5.9379e+02  5.8553e+02  5.3986e-01  4.8021e+02  4.8961e-03  
** Zone totals are the same as those of the single constituent.


Totals for all zones.
Total Decay Heat [W/cm3]
zone	 shutdown         1 s         1 d         1 m         1 y   
====================================================================
1	6.5893e+05  2.8717e+05  1.0038e+01  4.8002e+03  1.5345e-01  	inner_zone (inner_mix)
2	5.9379e+02  5.8553e+02  5.3986e-01  4.8021e+02  4.8961e-03  	outer_zone (outer_mix)
====================================================================





Output.
