ALARA 2.9.2
Set verbose level to 2.
Opened tree file output/sample9.tree.
	Opened sample9 for input.
Starting problem input processing.
	Reading input.
	Cross-checking input for completeness and self-consistency.


***Please review this schedule hierarchy.!!!!!!!!!!

Schedule 'total':
	pulse: 0 s with 0 s delay pulsed with history mypulse

***End of schedule hierarchy.


	Preprocessing input.
Starting problem solution.
	Solved problem.
	Reset binary dump with 5 results per isotope.
Zone output requested:
	Response Units: Bq /cm
	Number Density [atoms/cm]
	Photon Source Distribution [gammas/s/cm] : output/sample9.photonSrc
	    with Specific Activity [Bq/cm]


*** Number Density [atoms/cm] ***

Zone #1: zone_0
	Relative Volume: 1
	Containing mixture: mix_0

Total (All constituents) 
	COMPACTED
	Volume Fraction: 1	Relative Volume: 1
Number Density [atoms/cm]
isotope	 shutdown      5000 s     10000 s     20000 s     50000 s   
====================================================================
mn-56 	8.6090e+22  5.9270e+22  4.0806e+22  1.9341e+22  2.0596e+21  
fe-56 	0.0000e+00  2.6820e+22  4.5284e+22  6.6748e+22  8.4030e+22  
====================================================================
total	8.6090e+22  8.6090e+22  8.6090e+22  8.6090e+22  8.6090e+22  

Totals for all zones.
Number Density [atoms/cm]
zone	 shutdown      5000 s     10000 s     20000 s     50000 s   
====================================================================
1	8.6090e+22  8.6090e+22  8.6090e+22  8.6090e+22  8.6090e+22  	zone_0 (mix_0)
====================================================================





*** Photon Source Distribution [gammas/s/cm] : output/sample9.photonSrc
	    with Specific Activity [Bq/cm] ***

Zone #1: zone_0
	Relative Volume: 1
	Containing mixture: mix_0

Total (All constituents) 
	COMPACTED
	Volume Fraction: 1	Relative Volume: 1
Photon Source Distribution [gammas/s/cm] : output/sample9.photonSrc
	    with Specific Activity [Bq/cm]
isotope	 shutdown      5000 s     10000 s     20000 s     50000 s   
====================================================================
mn-56 	6.4272e+18  4.4249e+18  3.0464e+18  1.4440e+18  1.5377e+17  
fe-56 	0.0000e+00  0.0000e+00  0.0000e+00  0.0000e+00  0.0000e+00  
====================================================================
total	6.4272e+18  4.4249e+18  3.0464e+18  1.4440e+18  1.5377e+17  

Totals for all zones.
Photon Source Distribution [gammas/s/cm] : output/sample9.photonSrc
	    with Specific Activity [Bq/cm]
zone	 shutdown      5000 s     10000 s     20000 s     50000 s   
====================================================================
1	6.4272e+18  4.4249e+18  3.0464e+18  1.4440e+18  1.5377e+17  	zone_0 (mix_0)
====================================================================





Zone output requested:
	Response Units: Bq /cm
	Photon Source Distribution [gammas/s/cm] : output/sample9.photonSrc_int
	    with Specific Activity [Bq/cm]


*** Photon Source Distribution [gammas/s/cm] : output/sample9.photonSrc_int
	    with Specific Activity [Bq/cm] ***

Zone #1: zone_0
	Relative Volume: 1
	Containing mixture: mix_0

Total (All constituents) 
	COMPACTED
	Volume Fraction: 1	Relative Volume: 1
Photon Source Distribution [gammas/s/cm] : output/sample9.photonSrc_int
	    with Specific Activity [Bq/cm]
isotope	 shutdown      5000 s     10000 s     20000 s     50000 s   
====================================================================
mn-56 	6.4272e+18  4.4249e+18  3.0464e+18  1.4440e+18  1.5377e+17  
fe-56 	0.0000e+00  0.0000e+00  0.0000e+00  0.0000e+00  0.0000e+00  
====================================================================
total	6.4272e+18  4.4249e+18  3.0464e+18  1.4440e+18  1.5377e+17  

Totals for all zones.
Photon Source Distribution [gammas/s/cm] : output/sample9.photonSrc_int
	    with Specific Activity [Bq/cm]
zone	 shutdown      5000 s     10000 s     20000 s     50000 s   
====================================================================
1	6.4272e+18  4.4249e+18  3.0464e+18  1.4440e+18  1.5377e+17  	zone_0 (mix_0)
====================================================================





Output.
