ALARA 2.9.2
Set verbose level to 3.
Opened tree file output/sample11.tree.
	Opened sample11 for input.
Starting problem input processing.
	Reading input.
		Set geometry type: rectangular.
		Reading volumes and zone assignments of intervals.
		Reading the material loading for this problem.
		Reading constituent list for Mixture mix_1 with constituents:
		Opened material library ./../data/matlib.sample
		Opened element library ./../data/elelib.std
		Openning DataLib with type alaralib
		Added output at resolution 2 (zone)
		Added Flux my_flux from file ../examples/ref_flux_files/fluxfnsfIBfw_518MW.txt with normalization 1, format code 1, and skipping 0 entries.
		Reading items for schedule top_sched.
		Reading items for schedule sch_1.
		Reading items for schedule sch_2.
		Reading items for schedule sch_3.
		Reading pulsing levels for History ph_1:
		Reading pulsing levels for History once:
		Truncation parameters set at 1e-05 for truncation and 1e-07 for ignore.
	Cross-checking input for completeness and self-consistency.
		Checking for all internally referenced mixtures.
		Checking for all mixtures referenced in material loading.
		Checking for all zones referenced in interval definitions.
		Checking for all sub-schedules, fluxes and pulsing histories referenced in schedules.


***Please review this schedule hierarchy.!!!!!!!!!!

top_schedule 'sch_3':
	pulse_entry: 20 d pulse_history ph_1 delay 0 s

***End of schedule hierarchy.


	Preprocessing input.
		Replacing all 'similar' constituents and removing unused mixtures.
		Cross-referencing intervals with mixtures.
		Assigning 1 fluxes to each interval
		Making list of root isotopes.
		Processing pulsing histories.
pulse_history: 'ph_1':
	 num_pulsing_levels: 3
	 num_pulses_per_level: [1, 5, 10]
	 delay_seconds_per_level: [0, 300, 86400]

pulse_history: 'once':
	 num_pulsing_levels: 1
	 num_pulses_per_level: [1]
	 delay_seconds_per_level: [0]

		Processing schedule hierarchy.
		Processing cooling times.
		Collapsing schedules from top.
		Making storage hierarchies in intervals.
Starting problem solution.
		Solving Root #1: fe-54 
		   Maximum relative concentration: 0.059
		      last Root: 1892 nodes in 1181 chains with maximum length 10.
		   Total so far: 1892 nodes in 1181 chains with maximum length 10.
		Solving Root #2: fe-56 
		   Maximum relative concentration: 0.9172
		      last Root: 1206 nodes in 757 chains with maximum length 10.
		   Total so far: 3098 nodes in 1938 chains with maximum length 10.
		Solving Root #3: fe-57 
		   Maximum relative concentration: 0.021
		      last Root: 1281 nodes in 794 chains with maximum length 10.
		   Total so far: 4379 nodes in 2732 chains with maximum length 10.
		Solving Root #4: fe-58 
		   Maximum relative concentration: 0.0028
		      last Root: 1392 nodes in 833 chains with maximum length 10.
		   Total so far: 5771 nodes in 3565 chains with maximum length 10.
	Solved problem.
	Reset binary dump with 1 results per isotope.
		Read dump file.
		Tallying constituent results into total result lists.
Zone output requested:
	Response Units: Bq /cm3
	Number Density [atoms/cm3]


*** Number Density [atoms/cm3] ***

Zone #1: zone_1
	Relative Volume: 10
	Containing mixture: mix_1

Total (All constituents) 
	COMPACTED
	Volume Fraction: 1	Relative Volume: 10
Number Density [atoms/cm3]
isotope  t_1/2(s)   pre-irrad   shutdown   
======================
h-1 	-1          0.0000e+00  3.6330e+21  
h-2 	-1          0.0000e+00  1.1481e+20  
h-3 	3.8911e+08  0.0000e+00  4.2787e+17  
he-3 	-1          0.0000e+00  3.8982e+17  
he-4 	-1          0.0000e+00  6.7756e+20  
k-44 	1.3278e+03  0.0000e+00  8.7128e+00  
k-45 	1.0400e+03  0.0000e+00  1.3432e+04  
k-46 	9.5000e+01  0.0000e+00  0.0000e+00  
k-47 	1.7500e+01  0.0000e+00  4.4813e-16  
ca-44 	-1          0.0000e+00  3.9643e+11  
ca-45 	1.4057e+07  0.0000e+00  5.6337e+12  
ca-46 	-1          0.0000e+00  2.3918e+14  
ca-47 	3.9208e+05  0.0000e+00  1.2069e+12  
ca-48 	-1          0.0000e+00  3.8361e+10  
ca-49 	5.2320e+02  0.0000e+00  0.0000e+00  
sc-45 	-1          0.0000e+00  2.1696e+14  
sc-45m	3.1600e-01  0.0000e+00  1.6180e+00  
sc-46 	7.2420e+06  0.0000e+00  2.3903e+11  
sc-46m	1.8700e+01  0.0000e+00  1.1268e+05  
sc-47 	2.8909e+05  0.0000e+00  9.8843e+12  
sc-48 	1.5721e+05  0.0000e+00  1.9463e+13  
sc-49 	3.4320e+03  0.0000e+00  4.9972e+09  
sc-50 	1.0250e+02  0.0000e+00  6.3292e+08  
sc-50m	3.5000e-01  0.0000e+00  8.5316e+05  
ti-46 	-1          0.0000e+00  4.0969e+13  
ti-47 	-1          0.0000e+00  2.5653e+16  
ti-48 	-1          0.0000e+00  1.2853e+17  
ti-49 	-1          0.0000e+00  6.5335e+17  
ti-50 	-1          0.0000e+00  3.7451e+18  
ti-51 	3.4800e+02  0.0000e+00  5.1489e+11  
ti-52 	1.0200e+02  0.0000e+00  1.4915e+02  
ti-53 	3.2700e+01  0.0000e+00  0.0000e+00  
v-48 	1.3802e+06  0.0000e+00  2.2847e+11  
v-49 	2.8512e+07  0.0000e+00  7.0857e+15  
v-50 	4.7000e+24  0.0000e+00  8.5524e+18  
v-51 	-1          0.0000e+00  7.4001e+19  
v-52 	2.2470e+02  0.0000e+00  4.6920e+12  
v-53 	9.7200e+01  0.0000e+00  2.9532e+11  
v-54 	4.9800e+01  0.0000e+00  6.2333e+10  
cr-49 	2.5140e+03  0.0000e+00  7.2619e+08  
cr-50 	-1          0.0000e+00  2.9670e+17  
cr-51 	2.3938e+06  0.0000e+00  9.9377e+16  
cr-52 	-1          0.0000e+00  1.3222e+20  
cr-53 	-1          0.0000e+00  5.6376e+20  
cr-54 	-1          0.0000e+00  7.9949e+20  
cr-55 	2.1240e+02  0.0000e+00  5.9635e+12  
cr-56 	3.5600e+02  0.0000e+00  2.5409e+06  
cr-57 	2.1100e+01  0.0000e+00  2.6657e-08  
cr-58 	7.0000e+00  0.0000e+00  7.6298e-14  
mn-51 	2.7720e+03  0.0000e+00  4.5667e+07  
mn-52 	4.8310e+05  0.0000e+00  3.3856e+15  
mn-52m	1.2660e+03  0.0000e+00  1.6281e+12  
mn-53 	1.1668e+14  0.0000e+00  5.0836e+20  
mn-54 	2.6983e+07  0.0000e+00  1.8062e+19  
mn-55 	-1          0.0000e+00  5.5532e+21  
mn-56 	9.2844e+03  0.0000e+00  1.0538e+16  
mn-57 	9.6600e+01  0.0000e+00  1.9713e+12  
mn-58 	6.5300e+01  0.0000e+00  2.3286e+10  
mn-58m	3.0000e+00  0.0000e+00  4.8064e+08  
mn-59 	4.6000e+00  0.0000e+00  3.8092e+04  
fe-53 	5.1060e+02  0.0000e+00  1.2927e+12  
fe-53m	1.5480e+02  0.0000e+00  0.0000e+00  
fe-54 	-1          4.9989e+20  3.8507e+21  
fe-55 	8.6314e+07  0.0000e+00  2.5007e+20  
fe-56 	-1          7.7711e+21  7.0594e+22  
fe-57 	-1          1.7793e+20  2.1235e+21  
fe-58 	-1          2.3723e+19  2.4090e+20  
fe-59 	3.8450e+06  0.0000e+00  8.8141e+15  
fe-60 	2.3700e+14  0.0000e+00  1.7271e+14  
co-57 	2.3483e+07  0.0000e+00  2.2061e+12  
co-58 	6.1223e+06  0.0000e+00  1.5932e+15  
co-58m	3.2184e+04  0.0000e+00  4.6455e+12  
co-59 	-1          0.0000e+00  3.5749e+18  
co-60 	1.6636e+08  0.0000e+00  1.6223e+16  
co-60m	6.2820e+02  0.0000e+00  4.0278e+10  
co-61 	5.9400e+03  0.0000e+00  4.6566e+08  
ni-59 	2.3984e+12  0.0000e+00  1.5554e+15  
ni-60 	-1          0.0000e+00  8.0527e+16  
ni-61 	-1          0.0000e+00  6.6590e+14  
======================
total   0           8.4726e+21  8.9151e+22  

Totals for all zones.
Number Density [atoms/cm3]
zone	 shutdown   
======================
1	8.9151e+22  	zone_1 (mix_1)
======================





Output.
