ALARA 2.9.2
Set verbose level to 2.
Opened tree file output/sample5.tree.
	Opened sample5 for input.
Starting problem input processing.
	Reading input.
	Cross-checking input for completeness and self-consistency.


***Please review this schedule hierarchy.!!!!!!!!!!

Schedule '10_year':
	pulse: 10 y with 0 s delay pulsed with history steady_state

***End of schedule hierarchy.


	Preprocessing input.
Starting problem solution.
	Solved problem.
	Reset binary dump with 12 results per isotope.
Zone output requested:
	Response Units: Bq /cm3
	Total Decay Heat [W/cm3]
	Photon Source Distribution [gammas/s/cm3] : output/sample5.photonSrc
	    with Specific Activity [Bq/cm3]


*** Total Decay Heat [W/cm3] ***

Zone #1: zone_1
	Relative Volume: 0.5
	Containing mixture: mix_1

Total (All constituents) 
	COMPACTED
	Volume Fraction: 1	Relative Volume: 0.5
Total Decay Heat [W/cm3]
isotope	 shutdown         1 h         6 h        12 h         1 d         4 d         1 w         2 w         4 w       0.5 y         1 y        10 y   
========================================================================================================================================================
h-3 	6.6004e-03  6.6003e-03  6.6001e-03  6.5999e-03  6.5994e-03  6.5963e-03  6.5933e-03  6.5862e-03  6.5720e-03  6.4181e-03  6.2408e-03  3.7693e-03  
he-6 	5.8165e-03  0.0000e+00  0.0000e+00  0.0000e+00  0.0000e+00  0.0000e+00  0.0000e+00  0.0000e+00  0.0000e+00  0.0000e+00  0.0000e+00  0.0000e+00  
li-8 	1.0192e-01  0.0000e+00  0.0000e+00  0.0000e+00  0.0000e+00  0.0000e+00  0.0000e+00  0.0000e+00  0.0000e+00  0.0000e+00  0.0000e+00  0.0000e+00  
be-8 	1.4913e-03  0.0000e+00  0.0000e+00  0.0000e+00  0.0000e+00  0.0000e+00  0.0000e+00  0.0000e+00  0.0000e+00  0.0000e+00  0.0000e+00  0.0000e+00  
========================================================================================================================================================
total	1.1583e-01  6.6003e-03  6.6001e-03  6.5999e-03  6.5994e-03  6.5963e-03  6.5933e-03  6.5862e-03  6.5720e-03  6.4181e-03  6.2408e-03  3.7693e-03  

Zone #2: zone_2
	Relative Volume: 0.75
	Containing mixture: mix_2

Total (All constituents) 
	COMPACTED
	Volume Fraction: 1	Relative Volume: 0.75
Total Decay Heat [W/cm3]
isotope	 shutdown         1 h         6 h        12 h         1 d         4 d         1 w         2 w         4 w       0.5 y         1 y        10 y   
========================================================================================================================================================
h-3 	7.5999e-02  7.5999e-02  7.5996e-02  7.5993e-02  7.5987e-02  7.5952e-02  7.5917e-02  7.5835e-02  7.5672e-02  7.3900e-02  7.1858e-02  4.3401e-02  
he-6 	1.4046e-03  0.0000e+00  0.0000e+00  0.0000e+00  0.0000e+00  0.0000e+00  0.0000e+00  0.0000e+00  0.0000e+00  0.0000e+00  0.0000e+00  0.0000e+00  
li-8 	2.4612e-02  0.0000e+00  0.0000e+00  0.0000e+00  0.0000e+00  0.0000e+00  0.0000e+00  0.0000e+00  0.0000e+00  0.0000e+00  0.0000e+00  0.0000e+00  
be-8 	3.6015e-04  0.0000e+00  0.0000e+00  0.0000e+00  0.0000e+00  0.0000e+00  0.0000e+00  0.0000e+00  0.0000e+00  0.0000e+00  0.0000e+00  0.0000e+00  
========================================================================================================================================================
total	1.0238e-01  7.5999e-02  7.5996e-02  7.5993e-02  7.5987e-02  7.5952e-02  7.5917e-02  7.5835e-02  7.5672e-02  7.3900e-02  7.1858e-02  4.3401e-02  

Zone #3: zone_3
	Relative Volume: 1.4
	Containing mixture: mix_3

Total (All constituents) 
	COMPACTED
	Volume Fraction: 1	Relative Volume: 1.4
Total Decay Heat [W/cm3]
isotope	 shutdown         1 h         6 h        12 h         1 d         4 d         1 w         2 w         4 w       0.5 y         1 y        10 y   
========================================================================================================================================================
h-3 	5.3520e-03  5.3520e-03  5.3518e-03  5.3516e-03  5.3512e-03  5.3487e-03  5.3462e-03  5.3405e-03  5.3290e-03  5.2042e-03  5.0604e-03  3.0564e-03  
he-6 	4.9204e-02  0.0000e+00  0.0000e+00  0.0000e+00  0.0000e+00  0.0000e+00  0.0000e+00  0.0000e+00  0.0000e+00  0.0000e+00  0.0000e+00  0.0000e+00  
li-8 	1.5683e-01  0.0000e+00  0.0000e+00  0.0000e+00  0.0000e+00  0.0000e+00  0.0000e+00  0.0000e+00  0.0000e+00  0.0000e+00  0.0000e+00  0.0000e+00  
be-8 	2.6603e-02  0.0000e+00  0.0000e+00  0.0000e+00  0.0000e+00  0.0000e+00  0.0000e+00  0.0000e+00  0.0000e+00  0.0000e+00  0.0000e+00  0.0000e+00  
be-10 	2.9747e-09  2.9747e-09  2.9747e-09  2.9747e-09  2.9747e-09  2.9747e-09  2.9747e-09  2.9747e-09  2.9747e-09  2.9747e-09  2.9747e-09  2.9747e-09  
be-11 	1.7116e-06  0.0000e+00  0.0000e+00  0.0000e+00  0.0000e+00  0.0000e+00  0.0000e+00  0.0000e+00  0.0000e+00  0.0000e+00  0.0000e+00  0.0000e+00  
b-12 	6.5748e-03  0.0000e+00  0.0000e+00  0.0000e+00  0.0000e+00  0.0000e+00  0.0000e+00  0.0000e+00  0.0000e+00  0.0000e+00  0.0000e+00  0.0000e+00  
b-13 	2.0404e-05  0.0000e+00  0.0000e+00  0.0000e+00  0.0000e+00  0.0000e+00  0.0000e+00  0.0000e+00  0.0000e+00  0.0000e+00  0.0000e+00  0.0000e+00  
c-14 	7.1947e-08  7.1947e-08  7.1947e-08  7.1947e-08  7.1947e-08  7.1947e-08  7.1947e-08  7.1946e-08  7.1946e-08  7.1942e-08  7.1938e-08  7.1860e-08  
c-15 	4.1962e-03  0.0000e+00  0.0000e+00  0.0000e+00  0.0000e+00  0.0000e+00  0.0000e+00  0.0000e+00  0.0000e+00  0.0000e+00  0.0000e+00  0.0000e+00  
n-16 	1.2638e+00  0.0000e+00  0.0000e+00  0.0000e+00  0.0000e+00  0.0000e+00  0.0000e+00  0.0000e+00  0.0000e+00  0.0000e+00  0.0000e+00  0.0000e+00  
n-17 	2.7543e-04  0.0000e+00  0.0000e+00  0.0000e+00  0.0000e+00  0.0000e+00  0.0000e+00  0.0000e+00  0.0000e+00  0.0000e+00  0.0000e+00  0.0000e+00  
n-18 	1.3897e-04  0.0000e+00  0.0000e+00  0.0000e+00  0.0000e+00  0.0000e+00  0.0000e+00  0.0000e+00  0.0000e+00  0.0000e+00  0.0000e+00  0.0000e+00  
o-19 	1.7839e-01  0.0000e+00  0.0000e+00  0.0000e+00  0.0000e+00  0.0000e+00  0.0000e+00  0.0000e+00  0.0000e+00  0.0000e+00  0.0000e+00  0.0000e+00  
f-18 	1.1820e-01  8.0907e-02  1.2155e-02  1.2499e-03  1.3216e-05  1.8471e-17  2.5817e-29  0.0000e+00  0.0000e+00  0.0000e+00  0.0000e+00  0.0000e+00  
f-20 	6.5247e-02  0.0000e+00  0.0000e+00  0.0000e+00  0.0000e+00  0.0000e+00  0.0000e+00  0.0000e+00  0.0000e+00  0.0000e+00  0.0000e+00  0.0000e+00  
f-21 	6.5260e-09  0.0000e+00  0.0000e+00  0.0000e+00  0.0000e+00  0.0000e+00  0.0000e+00  0.0000e+00  0.0000e+00  0.0000e+00  0.0000e+00  0.0000e+00  
f-22 	1.5575e-09  0.0000e+00  0.0000e+00  0.0000e+00  0.0000e+00  0.0000e+00  0.0000e+00  0.0000e+00  0.0000e+00  0.0000e+00  0.0000e+00  0.0000e+00  
ne-23 	1.2855e-06  9.4871e-36  0.0000e+00  0.0000e+00  0.0000e+00  0.0000e+00  0.0000e+00  0.0000e+00  0.0000e+00  0.0000e+00  0.0000e+00  0.0000e+00  
ne-24 	3.5580e-11  1.6124e-16  0.0000e+00  0.0000e+00  0.0000e+00  0.0000e+00  0.0000e+00  0.0000e+00  0.0000e+00  0.0000e+00  0.0000e+00  0.0000e+00  
na-22 	9.1783e-11  9.1780e-11  9.1766e-11  9.1749e-11  9.1716e-11  9.1515e-11  9.1315e-11  9.0851e-11  8.9928e-11  8.0378e-11  7.0390e-11  6.4602e-12  
na-24 	1.2318e-04  1.1761e-04  9.3320e-05  7.0697e-05  4.0575e-05  1.4500e-06  5.1821e-08  2.1801e-11  3.8583e-18  0.0000e+00  0.0000e+00  0.0000e+00  
na-24m	3.9723e-06  0.0000e+00  0.0000e+00  0.0000e+00  0.0000e+00  0.0000e+00  0.0000e+00  0.0000e+00  0.0000e+00  0.0000e+00  0.0000e+00  0.0000e+00  
na-25 	3.2708e-07  2.1460e-25  0.0000e+00  0.0000e+00  0.0000e+00  0.0000e+00  0.0000e+00  0.0000e+00  0.0000e+00  0.0000e+00  0.0000e+00  0.0000e+00  
na-26 	1.2200e-06  0.0000e+00  0.0000e+00  0.0000e+00  0.0000e+00  0.0000e+00  0.0000e+00  0.0000e+00  0.0000e+00  0.0000e+00  0.0000e+00  0.0000e+00  
mg-27 	2.6810e-05  3.3064e-07  9.4327e-17  3.3187e-28  0.0000e+00  0.0000e+00  0.0000e+00  0.0000e+00  0.0000e+00  0.0000e+00  0.0000e+00  0.0000e+00  
al-25 	9.6693e-10  0.0000e+00  0.0000e+00  0.0000e+00  0.0000e+00  0.0000e+00  0.0000e+00  0.0000e+00  0.0000e+00  0.0000e+00  0.0000e+00  0.0000e+00  
al-26 	5.4221e-11  5.4221e-11  5.4221e-11  5.4221e-11  5.4221e-11  5.4221e-11  5.4221e-11  5.4221e-11  5.4221e-11  5.4221e-11  5.4221e-11  5.4220e-11  
al-26m	7.1975e-08  0.0000e+00  0.0000e+00  0.0000e+00  0.0000e+00  0.0000e+00  0.0000e+00  0.0000e+00  0.0000e+00  0.0000e+00  0.0000e+00  0.0000e+00  
al-28 	1.0631e-04  9.2651e-13  0.0000e+00  0.0000e+00  0.0000e+00  0.0000e+00  0.0000e+00  0.0000e+00  0.0000e+00  0.0000e+00  0.0000e+00  0.0000e+00  
al-29 	2.3704e-06  4.2102e-09  7.4415e-23  2.3352e-39  0.0000e+00  0.0000e+00  0.0000e+00  0.0000e+00  0.0000e+00  0.0000e+00  0.0000e+00  0.0000e+00  
al-30 	9.6694e-07  0.0000e+00  0.0000e+00  0.0000e+00  0.0000e+00  0.0000e+00  0.0000e+00  0.0000e+00  0.0000e+00  0.0000e+00  0.0000e+00  0.0000e+00  
si-31 	7.3975e-08  5.6789e-08  1.5141e-08  3.0988e-09  1.2981e-10  7.0144e-19  3.7903e-27  3.5208e-46  0.0000e+00  0.0000e+00  0.0000e+00  0.0000e+00  
ca-45 	3.0836e-08  3.0831e-08  3.0803e-08  3.0770e-08  3.0705e-08  3.0315e-08  2.9930e-08  2.9051e-08  2.7369e-08  1.4201e-08  6.5400e-09  5.6792e-15  
ca-47 	1.3669e-08  1.3583e-08  1.3157e-08  1.2664e-08  1.1733e-08  7.4200e-09  4.6924e-09  1.6108e-09  1.8982e-10  1.1553e-20  9.7645e-33  0.0000e+00  
sc-45m	2.3093e-09  0.0000e+00  0.0000e+00  0.0000e+00  0.0000e+00  0.0000e+00  0.0000e+00  0.0000e+00  0.0000e+00  0.0000e+00  0.0000e+00  0.0000e+00  
sc-46 	2.1564e-06  2.1557e-06  2.1520e-06  2.1475e-06  2.1387e-06  2.0863e-06  2.0351e-06  1.9207e-06  1.7107e-06  4.7874e-07  1.0628e-07  1.8243e-19  
sc-46m	4.5933e-08  0.0000e+00  0.0000e+00  0.0000e+00  0.0000e+00  0.0000e+00  0.0000e+00  0.0000e+00  0.0000e+00  0.0000e+00  0.0000e+00  0.0000e+00  
sc-47 	1.4432e-07  1.4311e-07  1.3717e-07  1.3037e-07  1.1778e-07  6.4084e-08  3.4942e-08  8.5703e-09  5.4581e-10  8.4917e-21  2.5779e-40  0.0000e+00  
sc-48 	2.8205e-06  2.7761e-06  2.5643e-06  2.3314e-06  1.9270e-06  6.1457e-07  1.9600e-07  1.3620e-08  6.5771e-11  2.1900e-36  0.0000e+00  0.0000e+00  
sc-49 	1.9369e-07  9.3616e-08  2.4690e-09  3.1472e-11  5.1138e-15  9.4104e-38  0.0000e+00  0.0000e+00  0.0000e+00  0.0000e+00  0.0000e+00  0.0000e+00  
sc-50 	9.3829e-08  2.5128e-18  0.0000e+00  0.0000e+00  0.0000e+00  0.0000e+00  0.0000e+00  0.0000e+00  0.0000e+00  0.0000e+00  0.0000e+00  0.0000e+00  
sc-50m	2.3216e-09  0.0000e+00  0.0000e+00  0.0000e+00  0.0000e+00  0.0000e+00  0.0000e+00  0.0000e+00  0.0000e+00  0.0000e+00  0.0000e+00  0.0000e+00  
ti-45 	2.4078e-08  1.9226e-08  6.2401e-09  1.6172e-09  1.0862e-10  9.9739e-18  9.1580e-25  3.4832e-41  0.0000e+00  0.0000e+00  0.0000e+00  0.0000e+00  
ti-51 	1.7927e-07  1.3785e-10  3.7058e-26  0.0000e+00  0.0000e+00  0.0000e+00  0.0000e+00  0.0000e+00  0.0000e+00  0.0000e+00  0.0000e+00  0.0000e+00  
v-48 	1.1050e-09  1.1030e-09  1.0930e-09  1.0813e-09  1.0580e-09  9.2891e-10  8.1553e-10  6.0191e-10  3.2787e-10  4.1084e-13  1.5276e-16  0.0000e+00  
v-49 	5.9000e-10  5.8995e-10  5.8969e-10  5.8938e-10  5.8876e-10  5.8506e-10  5.8139e-10  5.7290e-10  5.5630e-10  4.0256e-10  2.7467e-10  2.8210e-13  
v-50 	5.0399e-24  5.0399e-24  5.0399e-24  5.0399e-24  5.0399e-24  5.0399e-24  5.0399e-24  5.0399e-24  5.0399e-24  5.0399e-24  5.0399e-24  5.0399e-24  
v-52 	4.9478e-06  7.4388e-11  5.7141e-35  0.0000e+00  0.0000e+00  0.0000e+00  0.0000e+00  0.0000e+00  0.0000e+00  0.0000e+00  0.0000e+00  0.0000e+00  
v-53 	6.8835e-08  4.8815e-19  0.0000e+00  0.0000e+00  0.0000e+00  0.0000e+00  0.0000e+00  0.0000e+00  0.0000e+00  0.0000e+00  0.0000e+00  0.0000e+00  
v-54 	7.8005e-08  1.3518e-29  0.0000e+00  0.0000e+00  0.0000e+00  0.0000e+00  0.0000e+00  0.0000e+00  0.0000e+00  0.0000e+00  0.0000e+00  0.0000e+00  
cr-49 	2.0969e-09  7.7715e-10  5.4345e-12  1.4085e-14  9.4605e-20  0.0000e+00  0.0000e+00  0.0000e+00  0.0000e+00  0.0000e+00  0.0000e+00  0.0000e+00  
cr-51 	1.5464e-07  1.5448e-07  1.5368e-07  1.5272e-07  1.5082e-07  1.3992e-07  1.2980e-07  1.0895e-07  7.6755e-08  1.6288e-09  1.7156e-11  4.3264e-47  
cr-55 	8.5541e-07  6.7604e-12  2.0843e-37  0.0000e+00  0.0000e+00  0.0000e+00  0.0000e+00  0.0000e+00  0.0000e+00  0.0000e+00  0.0000e+00  0.0000e+00  
mn-52 	5.3918e-08  5.3641e-08  5.2273e-08  5.0678e-08  4.7632e-08  3.2839e-08  2.2640e-08  9.5063e-09  1.6760e-09  8.5758e-18  1.3640e-27  0.0000e+00  
mn-53 	1.3554e-14  1.3554e-14  1.3554e-14  1.3554e-14  1.3554e-14  1.3554e-14  1.3554e-14  1.3554e-14  1.3554e-14  1.3554e-14  1.3554e-14  1.3554e-14  
mn-54 	1.1995e-05  1.1994e-05  1.1989e-05  1.1982e-05  1.1969e-05  1.1889e-05  1.1810e-05  1.1628e-05  1.1273e-05  8.0091e-06  5.3475e-06  3.7185e-09  
mn-56 	1.9462e-04  1.4875e-04  3.8801e-05  7.7358e-06  3.0748e-07  1.2126e-15  4.7822e-24  6.8592e-44  0.0000e+00  0.0000e+00  0.0000e+00  0.0000e+00  
mn-57 	1.9830e-06  1.1990e-17  0.0000e+00  0.0000e+00  0.0000e+00  0.0000e+00  0.0000e+00  0.0000e+00  0.0000e+00  0.0000e+00  0.0000e+00  0.0000e+00  
mn-58 	7.1100e-08  1.8032e-24  0.0000e+00  0.0000e+00  0.0000e+00  0.0000e+00  0.0000e+00  0.0000e+00  0.0000e+00  0.0000e+00  0.0000e+00  0.0000e+00  
mn-58m	3.7115e-08  0.0000e+00  0.0000e+00  0.0000e+00  0.0000e+00  0.0000e+00  0.0000e+00  0.0000e+00  0.0000e+00  0.0000e+00  0.0000e+00  0.0000e+00  
fe-53 	5.6129e-08  4.2342e-10  1.0343e-20  1.9061e-33  0.0000e+00  0.0000e+00  0.0000e+00  0.0000e+00  0.0000e+00  0.0000e+00  0.0000e+00  0.0000e+00  
fe-55 	2.7138e-07  2.7137e-07  2.7133e-07  2.7129e-07  2.7119e-07  2.7063e-07  2.7006e-07  2.6876e-07  2.6616e-07  2.3919e-07  2.1081e-07  2.1714e-08  
fe-59 	1.4324e-06  1.4315e-06  1.4268e-06  1.4213e-06  1.4103e-06  1.3459e-06  1.2845e-06  1.1518e-06  9.2611e-07  8.4129e-08  4.9411e-09  3.4165e-31  
fe-60 	1.8464e-16  1.8464e-16  1.8464e-16  1.8464e-16  1.8464e-16  1.8464e-16  1.8464e-16  1.8464e-16  1.8464e-16  1.8464e-16  1.8464e-16  1.8464e-16  
fe-61 	1.6596e-09  1.5836e-12  1.2526e-27  0.0000e+00  0.0000e+00  0.0000e+00  0.0000e+00  0.0000e+00  0.0000e+00  0.0000e+00  0.0000e+00  0.0000e+00  
co-57 	5.1288e-07  5.1282e-07  5.1256e-07  5.1224e-07  5.1161e-07  5.0776e-07  5.0391e-07  4.9499e-07  4.7763e-07  3.2250e-07  2.0274e-07  4.7699e-11  
co-58 	3.9641e-07  3.9663e-07  3.9733e-07  3.9754e-07  3.9681e-07  3.8611e-07  3.7494e-07  3.5013e-07  3.0532e-07  6.7690e-08  1.1412e-08  1.3802e-22  
co-58m	2.4265e-08  2.2455e-08  1.5239e-08  9.5700e-09  3.7744e-09  1.4205e-11  5.3461e-14  1.1779e-19  5.7177e-31  0.0000e+00  0.0000e+00  0.0000e+00  
co-60 	4.5182e-06  4.5182e-06  4.5178e-06  4.5174e-06  4.5166e-06  4.5117e-06  4.5069e-06  4.4955e-06  4.4729e-06  4.2317e-06  3.9633e-06  1.2187e-06  
co-60m	1.1098e-07  2.0901e-09  4.9506e-18  2.2083e-28  0.0000e+00  0.0000e+00  0.0000e+00  0.0000e+00  0.0000e+00  0.0000e+00  0.0000e+00  0.0000e+00  
co-61 	4.4292e-08  2.9115e-08  3.5637e-09  2.8658e-10  1.8533e-12  1.3547e-25  9.9083e-39  0.0000e+00  0.0000e+00  0.0000e+00  0.0000e+00  0.0000e+00  
co-62 	1.4309e-08  1.3014e-20  0.0000e+00  0.0000e+00  0.0000e+00  0.0000e+00  0.0000e+00  0.0000e+00  0.0000e+00  0.0000e+00  0.0000e+00  0.0000e+00  
co-62m	9.1538e-09  4.6039e-10  1.4817e-16  2.3982e-24  6.2832e-40  0.0000e+00  0.0000e+00  0.0000e+00  0.0000e+00  0.0000e+00  0.0000e+00  0.0000e+00  
co-63 	4.5135e-09  0.0000e+00  0.0000e+00  0.0000e+00  0.0000e+00  0.0000e+00  0.0000e+00  0.0000e+00  0.0000e+00  0.0000e+00  0.0000e+00  0.0000e+00  
co-64 	1.1622e-09  0.0000e+00  0.0000e+00  0.0000e+00  0.0000e+00  0.0000e+00  0.0000e+00  0.0000e+00  0.0000e+00  0.0000e+00  0.0000e+00  0.0000e+00  
ni-57 	3.0054e-07  2.9476e-07  2.6749e-07  2.3807e-07  1.8859e-07  4.6602e-08  1.1516e-08  4.4124e-10  6.4781e-13  4.4378e-44  0.0000e+00  0.0000e+00  
ni-59 	2.0559e-12  2.0559e-12  2.0559e-12  2.0559e-12  2.0559e-12  2.0559e-12  2.0559e-12  2.0559e-12  2.0559e-12  2.0558e-12  2.0558e-12  2.0557e-12  
ni-63 	1.5682e-09  1.5682e-09  1.5682e-09  1.5681e-09  1.5681e-09  1.5680e-09  1.5680e-09  1.5677e-09  1.5673e-09  1.5627e-09  1.5573e-09  1.4625e-09  
ni-65 	1.9268e-07  1.4634e-07  3.6990e-08  7.1015e-09  2.6174e-10  6.5617e-19  1.6450e-27  0.0000e+00  0.0000e+00  0.0000e+00  0.0000e+00  0.0000e+00  
cu-62 	5.4815e-09  7.6986e-11  4.2068e-20  3.2285e-31  0.0000e+00  0.0000e+00  0.0000e+00  0.0000e+00  0.0000e+00  0.0000e+00  0.0000e+00  0.0000e+00  
cu-64 	6.4219e-09  6.0809e-09  4.6288e-09  3.3364e-09  1.7333e-09  3.4082e-11  6.7014e-13  6.9930e-17  7.6148e-25  0.0000e+00  0.0000e+00  0.0000e+00  
cu-66 	1.0545e-08  3.0306e-12  5.9414e-30  0.0000e+00  0.0000e+00  0.0000e+00  0.0000e+00  0.0000e+00  0.0000e+00  0.0000e+00  0.0000e+00  0.0000e+00  
========================================================================================================================================================
total	1.8753e+00  8.6551e-02  1.7663e-02  6.7042e-03  5.4290e-03  5.3722e-03  5.3676e-03  5.3610e-03  5.3486e-03  5.2177e-03  5.0703e-03  3.0577e-03  

Totals for all zones.
Total Decay Heat [W/cm3]
zone	 shutdown         1 h         6 h        12 h         1 d         4 d         1 w         2 w         4 w       0.5 y         1 y        10 y   
========================================================================================================================================================
1	1.1583e-01  6.6003e-03  6.6001e-03  6.5999e-03  6.5994e-03  6.5963e-03  6.5933e-03  6.5862e-03  6.5720e-03  6.4181e-03  6.2408e-03  3.7693e-03  	zone_1 (mix_1)
2	1.0238e-01  7.5999e-02  7.5996e-02  7.5993e-02  7.5987e-02  7.5952e-02  7.5917e-02  7.5835e-02  7.5672e-02  7.3900e-02  7.1858e-02  4.3401e-02  	zone_2 (mix_2)
3	1.8753e+00  8.6551e-02  1.7663e-02  6.7042e-03  5.4290e-03  5.3722e-03  5.3676e-03  5.3610e-03  5.3486e-03  5.2177e-03  5.0703e-03  3.0577e-03  	zone_3 (mix_3)
========================================================================================================================================================





*** Photon Source Distribution [gammas/s/cm3] : output/sample5.photonSrc
	    with Specific Activity [Bq/cm3] ***

Zone #1: zone_1
	Relative Volume: 0.5
	Containing mixture: mix_1

Total (All constituents) 
	COMPACTED
	Volume Fraction: 1	Relative Volume: 0.5
Photon Source Distribution [gammas/s/cm3] : output/sample5.photonSrc
	    with Specific Activity [Bq/cm3]
isotope	 shutdown         1 h         6 h        12 h         1 d         4 d         1 w         2 w         4 w       0.5 y         1 y        10 y   
========================================================================================================================================================
h-1 	0.0000e+00  0.0000e+00  0.0000e+00  0.0000e+00  0.0000e+00  0.0000e+00  0.0000e+00  0.0000e+00  0.0000e+00  0.0000e+00  0.0000e+00  0.0000e+00  
h-2 	0.0000e+00  0.0000e+00  0.0000e+00  0.0000e+00  0.0000e+00  0.0000e+00  0.0000e+00  0.0000e+00  0.0000e+00  0.0000e+00  0.0000e+00  0.0000e+00  
h-3 	7.2289e+12  7.2289e+12  7.2286e+12  7.2283e+12  7.2278e+12  7.2245e+12  7.2211e+12  7.2133e+12  7.1978e+12  7.0292e+12  6.8350e+12  4.1282e+12  
he-3 	0.0000e+00  0.0000e+00  0.0000e+00  0.0000e+00  0.0000e+00  0.0000e+00  0.0000e+00  0.0000e+00  0.0000e+00  0.0000e+00  0.0000e+00  0.0000e+00  
he-4 	0.0000e+00  0.0000e+00  0.0000e+00  0.0000e+00  0.0000e+00  0.0000e+00  0.0000e+00  0.0000e+00  0.0000e+00  0.0000e+00  0.0000e+00  0.0000e+00  
he-6 	2.3200e+10  0.0000e+00  0.0000e+00  0.0000e+00  0.0000e+00  0.0000e+00  0.0000e+00  0.0000e+00  0.0000e+00  0.0000e+00  0.0000e+00  0.0000e+00  
li-6 	0.0000e+00  0.0000e+00  0.0000e+00  0.0000e+00  0.0000e+00  0.0000e+00  0.0000e+00  0.0000e+00  0.0000e+00  0.0000e+00  0.0000e+00  0.0000e+00  
li-7 	0.0000e+00  0.0000e+00  0.0000e+00  0.0000e+00  0.0000e+00  0.0000e+00  0.0000e+00  0.0000e+00  0.0000e+00  0.0000e+00  0.0000e+00  0.0000e+00  
li-8 	1.0143e+11  0.0000e+00  0.0000e+00  0.0000e+00  0.0000e+00  0.0000e+00  0.0000e+00  0.0000e+00  0.0000e+00  0.0000e+00  0.0000e+00  0.0000e+00  
be-8 	1.0143e+11  0.0000e+00  0.0000e+00  0.0000e+00  0.0000e+00  0.0000e+00  0.0000e+00  0.0000e+00  0.0000e+00  0.0000e+00  0.0000e+00  0.0000e+00  
========================================================================================================================================================
total	7.4550e+12  7.2289e+12  7.2286e+12  7.2283e+12  7.2278e+12  7.2245e+12  7.2211e+12  7.2133e+12  7.1978e+12  7.0292e+12  6.8350e+12  4.1282e+12  

Zone #2: zone_2
	Relative Volume: 0.75
	Containing mixture: mix_2

Total (All constituents) 
	COMPACTED
	Volume Fraction: 1	Relative Volume: 0.75
Photon Source Distribution [gammas/s/cm3] : output/sample5.photonSrc
	    with Specific Activity [Bq/cm3]
isotope	 shutdown         1 h         6 h        12 h         1 d         4 d         1 w         2 w         4 w       0.5 y         1 y        10 y   
========================================================================================================================================================
h-1 	0.0000e+00  0.0000e+00  0.0000e+00  0.0000e+00  0.0000e+00  0.0000e+00  0.0000e+00  0.0000e+00  0.0000e+00  0.0000e+00  0.0000e+00  0.0000e+00  
h-2 	0.0000e+00  0.0000e+00  0.0000e+00  0.0000e+00  0.0000e+00  0.0000e+00  0.0000e+00  0.0000e+00  0.0000e+00  0.0000e+00  0.0000e+00  0.0000e+00  
h-3 	8.3236e+13  8.3235e+13  8.3233e+13  8.3229e+13  8.3223e+13  8.3185e+13  8.3146e+13  8.3057e+13  8.2878e+13  8.0937e+13  7.8701e+13  4.7534e+13  
he-3 	0.0000e+00  0.0000e+00  0.0000e+00  0.0000e+00  0.0000e+00  0.0000e+00  0.0000e+00  0.0000e+00  0.0000e+00  0.0000e+00  0.0000e+00  0.0000e+00  
he-4 	0.0000e+00  0.0000e+00  0.0000e+00  0.0000e+00  0.0000e+00  0.0000e+00  0.0000e+00  0.0000e+00  0.0000e+00  0.0000e+00  0.0000e+00  0.0000e+00  
he-6 	5.6026e+09  0.0000e+00  0.0000e+00  0.0000e+00  0.0000e+00  0.0000e+00  0.0000e+00  0.0000e+00  0.0000e+00  0.0000e+00  0.0000e+00  0.0000e+00  
li-6 	0.0000e+00  0.0000e+00  0.0000e+00  0.0000e+00  0.0000e+00  0.0000e+00  0.0000e+00  0.0000e+00  0.0000e+00  0.0000e+00  0.0000e+00  0.0000e+00  
li-7 	0.0000e+00  0.0000e+00  0.0000e+00  0.0000e+00  0.0000e+00  0.0000e+00  0.0000e+00  0.0000e+00  0.0000e+00  0.0000e+00  0.0000e+00  0.0000e+00  
li-8 	2.4494e+10  0.0000e+00  0.0000e+00  0.0000e+00  0.0000e+00  0.0000e+00  0.0000e+00  0.0000e+00  0.0000e+00  0.0000e+00  0.0000e+00  0.0000e+00  
be-8 	2.4494e+10  0.0000e+00  0.0000e+00  0.0000e+00  0.0000e+00  0.0000e+00  0.0000e+00  0.0000e+00  0.0000e+00  0.0000e+00  0.0000e+00  0.0000e+00  
========================================================================================================================================================
total	8.3290e+13  8.3235e+13  8.3233e+13  8.3229e+13  8.3223e+13  8.3185e+13  8.3146e+13  8.3057e+13  8.2878e+13  8.0937e+13  7.8701e+13  4.7534e+13  

Zone #3: zone_3
	Relative Volume: 1.4
	Containing mixture: mix_3

Total (All constituents) 
	COMPACTED
	Volume Fraction: 1	Relative Volume: 1.4
Photon Source Distribution [gammas/s/cm3] : output/sample5.photonSrc
	    with Specific Activity [Bq/cm3]
isotope	 shutdown         1 h         6 h        12 h         1 d         4 d         1 w         2 w         4 w       0.5 y         1 y        10 y   
========================================================================================================================================================
h-1 	0.0000e+00  0.0000e+00  0.0000e+00  0.0000e+00  0.0000e+00  0.0000e+00  0.0000e+00  0.0000e+00  0.0000e+00  0.0000e+00  0.0000e+00  0.0000e+00  
h-2 	0.0000e+00  0.0000e+00  0.0000e+00  0.0000e+00  0.0000e+00  0.0000e+00  0.0000e+00  0.0000e+00  0.0000e+00  0.0000e+00  0.0000e+00  0.0000e+00  
h-3 	5.8616e+12  5.8616e+12  5.8614e+12  5.8612e+12  5.8607e+12  5.8580e+12  5.8553e+12  5.8490e+12  5.8364e+12  5.6997e+12  5.5423e+12  3.3474e+12  
he-3 	0.0000e+00  0.0000e+00  0.0000e+00  0.0000e+00  0.0000e+00  0.0000e+00  0.0000e+00  0.0000e+00  0.0000e+00  0.0000e+00  0.0000e+00  0.0000e+00  
he-4 	0.0000e+00  0.0000e+00  0.0000e+00  0.0000e+00  0.0000e+00  0.0000e+00  0.0000e+00  0.0000e+00  0.0000e+00  0.0000e+00  0.0000e+00  0.0000e+00  
he-6 	1.9626e+11  0.0000e+00  0.0000e+00  0.0000e+00  0.0000e+00  0.0000e+00  0.0000e+00  0.0000e+00  0.0000e+00  0.0000e+00  0.0000e+00  0.0000e+00  
li-6 	0.0000e+00  0.0000e+00  0.0000e+00  0.0000e+00  0.0000e+00  0.0000e+00  0.0000e+00  0.0000e+00  0.0000e+00  0.0000e+00  0.0000e+00  0.0000e+00  
li-7 	0.0000e+00  0.0000e+00  0.0000e+00  0.0000e+00  0.0000e+00  0.0000e+00  0.0000e+00  0.0000e+00  0.0000e+00  0.0000e+00  0.0000e+00  0.0000e+00  
li-8 	1.5607e+11  0.0000e+00  0.0000e+00  0.0000e+00  0.0000e+00  0.0000e+00  0.0000e+00  0.0000e+00  0.0000e+00  0.0000e+00  0.0000e+00  0.0000e+00  
be-8 	1.8093e+12  0.0000e+00  0.0000e+00  0.0000e+00  0.0000e+00  0.0000e+00  0.0000e+00  0.0000e+00  0.0000e+00  0.0000e+00  0.0000e+00  0.0000e+00  
be-9 	0.0000e+00  0.0000e+00  0.0000e+00  0.0000e+00  0.0000e+00  0.0000e+00  0.0000e+00  0.0000e+00  0.0000e+00  0.0000e+00  0.0000e+00  0.0000e+00  
be-10 	7.3716e+04  7.3716e+04  7.3716e+04  7.3716e+04  7.3716e+04  7.3716e+04  7.3716e+04  7.3716e+04  7.3716e+04  7.3716e+04  7.3716e+04  7.3715e+04  
be-11 	1.7530e+06  0.0000e+00  0.0000e+00  0.0000e+00  0.0000e+00  0.0000e+00  0.0000e+00  0.0000e+00  0.0000e+00  0.0000e+00  0.0000e+00  0.0000e+00  
b-10 	0.0000e+00  0.0000e+00  0.0000e+00  0.0000e+00  0.0000e+00  0.0000e+00  0.0000e+00  0.0000e+00  0.0000e+00  0.0000e+00  0.0000e+00  0.0000e+00  
b-11 	0.0000e+00  0.0000e+00  0.0000e+00  0.0000e+00  0.0000e+00  0.0000e+00  0.0000e+00  0.0000e+00  0.0000e+00  0.0000e+00  0.0000e+00  0.0000e+00  
b-12 	6.4151e+09  0.0000e+00  0.0000e+00  0.0000e+00  0.0000e+00  0.0000e+00  0.0000e+00  0.0000e+00  0.0000e+00  0.0000e+00  0.0000e+00  0.0000e+00  
b-13 	1.9107e+07  0.0000e+00  0.0000e+00  0.0000e+00  0.0000e+00  0.0000e+00  0.0000e+00  0.0000e+00  0.0000e+00  0.0000e+00  0.0000e+00  0.0000e+00  
c-12 	0.0000e+00  0.0000e+00  0.0000e+00  0.0000e+00  0.0000e+00  0.0000e+00  0.0000e+00  0.0000e+00  0.0000e+00  0.0000e+00  0.0000e+00  0.0000e+00  
c-13 	0.0000e+00  0.0000e+00  0.0000e+00  0.0000e+00  0.0000e+00  0.0000e+00  0.0000e+00  0.0000e+00  0.0000e+00  0.0000e+00  0.0000e+00  0.0000e+00  
c-14 	9.0888e+06  9.0888e+06  9.0888e+06  9.0888e+06  9.0888e+06  9.0888e+06  9.0888e+06  9.0887e+06  9.0887e+06  9.0882e+06  9.0877e+06  9.0778e+06  
c-15 	4.0486e+09  0.0000e+00  0.0000e+00  0.0000e+00  0.0000e+00  0.0000e+00  0.0000e+00  0.0000e+00  0.0000e+00  0.0000e+00  0.0000e+00  0.0000e+00  
n-14 	0.0000e+00  0.0000e+00  0.0000e+00  0.0000e+00  0.0000e+00  0.0000e+00  0.0000e+00  0.0000e+00  0.0000e+00  0.0000e+00  0.0000e+00  0.0000e+00  
n-15 	0.0000e+00  0.0000e+00  0.0000e+00  0.0000e+00  0.0000e+00  0.0000e+00  0.0000e+00  0.0000e+00  0.0000e+00  0.0000e+00  0.0000e+00  0.0000e+00  
n-16 	1.0847e+12  0.0000e+00  0.0000e+00  0.0000e+00  0.0000e+00  0.0000e+00  0.0000e+00  0.0000e+00  0.0000e+00  0.0000e+00  0.0000e+00  0.0000e+00  
n-17 	9.8564e+08  0.0000e+00  0.0000e+00  0.0000e+00  0.0000e+00  0.0000e+00  0.0000e+00  0.0000e+00  0.0000e+00  0.0000e+00  0.0000e+00  0.0000e+00  
n-18 	9.5057e+07  0.0000e+00  0.0000e+00  0.0000e+00  0.0000e+00  0.0000e+00  0.0000e+00  0.0000e+00  0.0000e+00  0.0000e+00  0.0000e+00  0.0000e+00  
o-16 	0.0000e+00  0.0000e+00  0.0000e+00  0.0000e+00  0.0000e+00  0.0000e+00  0.0000e+00  0.0000e+00  0.0000e+00  0.0000e+00  0.0000e+00  0.0000e+00  
o-17 	0.0000e+00  0.0000e+00  0.0000e+00  0.0000e+00  0.0000e+00  0.0000e+00  0.0000e+00  0.0000e+00  0.0000e+00  0.0000e+00  0.0000e+00  0.0000e+00  
o-18 	0.0000e+00  0.0000e+00  0.0000e+00  0.0000e+00  0.0000e+00  0.0000e+00  0.0000e+00  0.0000e+00  0.0000e+00  0.0000e+00  0.0000e+00  0.0000e+00  
o-19 	4.1078e+11  0.0000e+00  0.0000e+00  0.0000e+00  0.0000e+00  0.0000e+00  0.0000e+00  0.0000e+00  0.0000e+00  0.0000e+00  0.0000e+00  0.0000e+00  
f-18 	5.8081e+11  3.9755e+11  5.9725e+10  6.1414e+09  6.4939e+07  9.0762e-05  1.2685e-16  0.0000e+00  0.0000e+00  0.0000e+00  0.0000e+00  0.0000e+00  
f-19 	0.0000e+00  0.0000e+00  0.0000e+00  0.0000e+00  0.0000e+00  0.0000e+00  0.0000e+00  0.0000e+00  0.0000e+00  0.0000e+00  0.0000e+00  0.0000e+00  
f-20 	9.9173e+10  0.0000e+00  0.0000e+00  0.0000e+00  0.0000e+00  0.0000e+00  0.0000e+00  0.0000e+00  0.0000e+00  0.0000e+00  0.0000e+00  0.0000e+00  
f-21 	1.4619e+04  0.0000e+00  0.0000e+00  0.0000e+00  0.0000e+00  0.0000e+00  0.0000e+00  0.0000e+00  0.0000e+00  0.0000e+00  0.0000e+00  0.0000e+00  
f-22 	1.2001e+03  0.0000e+00  0.0000e+00  0.0000e+00  0.0000e+00  0.0000e+00  0.0000e+00  0.0000e+00  0.0000e+00  0.0000e+00  0.0000e+00  0.0000e+00  
ne-20 	0.0000e+00  0.0000e+00  0.0000e+00  0.0000e+00  0.0000e+00  0.0000e+00  0.0000e+00  0.0000e+00  0.0000e+00  0.0000e+00  0.0000e+00  0.0000e+00  
ne-21 	0.0000e+00  0.0000e+00  0.0000e+00  0.0000e+00  0.0000e+00  0.0000e+00  0.0000e+00  0.0000e+00  0.0000e+00  0.0000e+00  0.0000e+00  0.0000e+00  
ne-22 	0.0000e+00  0.0000e+00  0.0000e+00  0.0000e+00  0.0000e+00  0.0000e+00  0.0000e+00  0.0000e+00  0.0000e+00  0.0000e+00  0.0000e+00  0.0000e+00  
ne-23 	3.8948e+06  2.8744e-23  0.0000e+00  0.0000e+00  0.0000e+00  0.0000e+00  0.0000e+00  0.0000e+00  0.0000e+00  0.0000e+00  0.0000e+00  0.0000e+00  
ne-24 	1.6546e+02  7.4983e-04  0.0000e+00  0.0000e+00  0.0000e+00  0.0000e+00  0.0000e+00  0.0000e+00  0.0000e+00  0.0000e+00  0.0000e+00  0.0000e+00  
na-22 	2.3955e+02  2.3954e+02  2.3951e+02  2.3946e+02  2.3938e+02  2.3885e+02  2.3833e+02  2.3712e+02  2.3471e+02  2.0978e+02  1.8372e+02  1.6861e+01  
na-23 	0.0000e+00  0.0000e+00  0.0000e+00  0.0000e+00  0.0000e+00  0.0000e+00  0.0000e+00  0.0000e+00  0.0000e+00  0.0000e+00  0.0000e+00  0.0000e+00  
na-24 	1.6462e+08  1.5718e+08  1.2471e+08  9.4480e+07  5.4224e+07  1.9379e+06  6.9254e+04  2.9135e+01  5.1563e-06  0.0000e+00  0.0000e+00  0.0000e+00  
na-24m	5.1320e+07  0.0000e+00  0.0000e+00  0.0000e+00  0.0000e+00  0.0000e+00  0.0000e+00  0.0000e+00  0.0000e+00  0.0000e+00  0.0000e+00  0.0000e+00  
na-25 	1.0573e+06  6.9374e-13  0.0000e+00  0.0000e+00  0.0000e+00  0.0000e+00  0.0000e+00  0.0000e+00  0.0000e+00  0.0000e+00  0.0000e+00  0.0000e+00  
na-26 	1.3839e+06  0.0000e+00  0.0000e+00  0.0000e+00  0.0000e+00  0.0000e+00  0.0000e+00  0.0000e+00  0.0000e+00  0.0000e+00  0.0000e+00  0.0000e+00  
mg-24 	0.0000e+00  0.0000e+00  0.0000e+00  0.0000e+00  0.0000e+00  0.0000e+00  0.0000e+00  0.0000e+00  0.0000e+00  0.0000e+00  0.0000e+00  0.0000e+00  
mg-25 	0.0000e+00  0.0000e+00  0.0000e+00  0.0000e+00  0.0000e+00  0.0000e+00  0.0000e+00  0.0000e+00  0.0000e+00  0.0000e+00  0.0000e+00  0.0000e+00  
mg-26 	0.0000e+00  0.0000e+00  0.0000e+00  0.0000e+00  0.0000e+00  0.0000e+00  0.0000e+00  0.0000e+00  0.0000e+00  0.0000e+00  0.0000e+00  0.0000e+00  
mg-27 	1.0519e+08  1.2972e+06  3.7008e-04  1.3021e-15  0.0000e+00  0.0000e+00  0.0000e+00  0.0000e+00  0.0000e+00  0.0000e+00  0.0000e+00  0.0000e+00  
al-25 	2.4282e+03  0.0000e+00  0.0000e+00  0.0000e+00  0.0000e+00  0.0000e+00  0.0000e+00  0.0000e+00  0.0000e+00  0.0000e+00  0.0000e+00  0.0000e+00  
al-26 	1.0846e+02  1.0846e+02  1.0846e+02  1.0846e+02  1.0846e+02  1.0846e+02  1.0846e+02  1.0846e+02  1.0846e+02  1.0846e+02  1.0846e+02  1.0846e+02  
al-26m	1.8269e+05  0.0000e+00  0.0000e+00  0.0000e+00  0.0000e+00  0.0000e+00  0.0000e+00  0.0000e+00  0.0000e+00  0.0000e+00  0.0000e+00  0.0000e+00  
al-27 	0.0000e+00  0.0000e+00  0.0000e+00  0.0000e+00  0.0000e+00  0.0000e+00  0.0000e+00  0.0000e+00  0.0000e+00  0.0000e+00  0.0000e+00  0.0000e+00  
al-28 	2.1997e+08  1.9172e+00  0.0000e+00  0.0000e+00  0.0000e+00  0.0000e+00  0.0000e+00  0.0000e+00  0.0000e+00  0.0000e+00  0.0000e+00  0.0000e+00  
al-29 	3.3848e+06  6.0118e+03  1.0626e-10  3.3344e-27  0.0000e+00  0.0000e+00  0.0000e+00  0.0000e+00  0.0000e+00  0.0000e+00  0.0000e+00  0.0000e+00  
al-30 	1.0640e+06  0.0000e+00  0.0000e+00  0.0000e+00  0.0000e+00  0.0000e+00  0.0000e+00  0.0000e+00  0.0000e+00  0.0000e+00  0.0000e+00  0.0000e+00  
si-28 	0.0000e+00  0.0000e+00  0.0000e+00  0.0000e+00  0.0000e+00  0.0000e+00  0.0000e+00  0.0000e+00  0.0000e+00  0.0000e+00  0.0000e+00  0.0000e+00  
si-29 	0.0000e+00  0.0000e+00  0.0000e+00  0.0000e+00  0.0000e+00  0.0000e+00  0.0000e+00  0.0000e+00  0.0000e+00  0.0000e+00  0.0000e+00  0.0000e+00  
si-30 	0.0000e+00  0.0000e+00  0.0000e+00  0.0000e+00  0.0000e+00  0.0000e+00  0.0000e+00  0.0000e+00  0.0000e+00  0.0000e+00  0.0000e+00  0.0000e+00  
si-31 	7.7588e+05  5.9562e+05  1.5880e+05  3.2502e+04  1.3615e+03  7.3570e-06  3.9754e-14  3.6927e-33  0.0000e+00  0.0000e+00  0.0000e+00  0.0000e+00  
p-31 	0.0000e+00  0.0000e+00  0.0000e+00  0.0000e+00  0.0000e+00  0.0000e+00  0.0000e+00  0.0000e+00  0.0000e+00  0.0000e+00  0.0000e+00  0.0000e+00  
ca-42 	0.0000e+00  0.0000e+00  0.0000e+00  0.0000e+00  0.0000e+00  0.0000e+00  0.0000e+00  0.0000e+00  0.0000e+00  0.0000e+00  0.0000e+00  0.0000e+00  
ca-43 	0.0000e+00  0.0000e+00  0.0000e+00  0.0000e+00  0.0000e+00  0.0000e+00  0.0000e+00  0.0000e+00  0.0000e+00  0.0000e+00  0.0000e+00  0.0000e+00  
ca-44 	0.0000e+00  0.0000e+00  0.0000e+00  0.0000e+00  0.0000e+00  0.0000e+00  0.0000e+00  0.0000e+00  0.0000e+00  0.0000e+00  0.0000e+00  0.0000e+00  
ca-45 	2.4959e+06  2.4955e+06  2.4933e+06  2.4906e+06  2.4853e+06  2.4537e+06  2.4226e+06  2.3514e+06  2.2153e+06  1.1495e+06  5.2936e+05  4.5968e-01  
ca-46 	0.0000e+00  0.0000e+00  0.0000e+00  0.0000e+00  0.0000e+00  0.0000e+00  0.0000e+00  0.0000e+00  0.0000e+00  0.0000e+00  0.0000e+00  0.0000e+00  
ca-47 	6.0805e+04  6.0420e+04  5.8527e+04  5.6335e+04  5.2192e+04  3.3007e+04  2.0873e+04  7.1655e+03  8.4440e+02  5.1392e-08  4.3436e-20  0.0000e+00  
sc-45 	0.0000e+00  0.0000e+00  0.0000e+00  0.0000e+00  0.0000e+00  0.0000e+00  0.0000e+00  0.0000e+00  0.0000e+00  0.0000e+00  0.0000e+00  0.0000e+00  
sc-45m	1.5671e+06  0.0000e+00  0.0000e+00  0.0000e+00  0.0000e+00  0.0000e+00  0.0000e+00  0.0000e+00  0.0000e+00  0.0000e+00  0.0000e+00  0.0000e+00  
sc-46 	6.3525e+06  6.3503e+06  6.3393e+06  6.3263e+06  6.3002e+06  6.1458e+06  5.9952e+06  5.6580e+06  5.0395e+06  1.4103e+06  3.1310e+05  5.3740e-07  
sc-46m	2.0164e+06  0.0000e+00  0.0000e+00  0.0000e+00  0.0000e+00  0.0000e+00  0.0000e+00  0.0000e+00  0.0000e+00  0.0000e+00  0.0000e+00  0.0000e+00  
sc-47 	3.3278e+06  3.2997e+06  3.1628e+06  3.0061e+06  2.7156e+06  1.4776e+06  8.0568e+05  1.9761e+05  1.2585e+04  1.9580e-07  5.9439e-27  0.0000e+00  
sc-48 	4.9390e+06  4.8612e+06  4.4903e+06  4.0824e+06  3.3744e+06  1.0762e+06  3.4321e+05  2.3850e+04  1.1517e+02  3.8348e-24  0.0000e+00  0.0000e+00  
sc-49 	1.4789e+06  7.1476e+05  1.8851e+04  2.4029e+02  3.9043e-02  7.1848e-25  0.0000e+00  0.0000e+00  0.0000e+00  0.0000e+00  0.0000e+00  0.0000e+00  
sc-50 	1.2161e+05  3.2567e-06  0.0000e+00  0.0000e+00  0.0000e+00  0.0000e+00  0.0000e+00  0.0000e+00  0.0000e+00  0.0000e+00  0.0000e+00  0.0000e+00  
sc-50m	4.7561e+04  0.0000e+00  0.0000e+00  0.0000e+00  0.0000e+00  0.0000e+00  0.0000e+00  0.0000e+00  0.0000e+00  0.0000e+00  0.0000e+00  0.0000e+00  
ti-45 	1.2085e+05  9.6499e+04  3.1321e+04  8.1174e+03  5.4522e+02  5.0062e-05  4.5967e-12  1.7483e-28  0.0000e+00  0.0000e+00  0.0000e+00  0.0000e+00  
ti-46 	0.0000e+00  0.0000e+00  0.0000e+00  0.0000e+00  0.0000e+00  0.0000e+00  0.0000e+00  0.0000e+00  0.0000e+00  0.0000e+00  0.0000e+00  0.0000e+00  
ti-47 	0.0000e+00  0.0000e+00  0.0000e+00  0.0000e+00  0.0000e+00  0.0000e+00  0.0000e+00  0.0000e+00  0.0000e+00  0.0000e+00  0.0000e+00  0.0000e+00  
ti-48 	0.0000e+00  0.0000e+00  0.0000e+00  0.0000e+00  0.0000e+00  0.0000e+00  0.0000e+00  0.0000e+00  0.0000e+00  0.0000e+00  0.0000e+00  0.0000e+00  
ti-49 	0.0000e+00  0.0000e+00  0.0000e+00  0.0000e+00  0.0000e+00  0.0000e+00  0.0000e+00  0.0000e+00  0.0000e+00  0.0000e+00  0.0000e+00  0.0000e+00  
ti-50 	0.0000e+00  0.0000e+00  0.0000e+00  0.0000e+00  0.0000e+00  0.0000e+00  0.0000e+00  0.0000e+00  0.0000e+00  0.0000e+00  0.0000e+00  0.0000e+00  
ti-51 	9.0833e+05  6.9846e+02  1.8777e-13  0.0000e+00  0.0000e+00  0.0000e+00  0.0000e+00  0.0000e+00  0.0000e+00  0.0000e+00  0.0000e+00  0.0000e+00  
v-48 	2.2773e+03  2.2731e+03  2.2527e+03  2.2284e+03  2.1806e+03  1.9144e+03  1.6807e+03  1.2405e+03  6.7573e+02  8.4672e-01  3.1482e-04  0.0000e+00  
v-49 	8.1399e+05  8.1392e+05  8.1357e+05  8.1314e+05  8.1229e+05  8.0719e+05  8.0211e+05  7.9041e+05  7.6750e+05  5.5539e+05  3.7895e+05  3.8920e+02  
v-50 	2.8882e-11  2.8882e-11  2.8882e-11  2.8882e-11  2.8882e-11  2.8882e-11  2.8882e-11  2.8882e-11  2.8882e-11  2.8882e-11  2.8882e-11  2.8882e-11  
v-51 	0.0000e+00  0.0000e+00  0.0000e+00  0.0000e+00  0.0000e+00  0.0000e+00  0.0000e+00  0.0000e+00  0.0000e+00  0.0000e+00  0.0000e+00  0.0000e+00  
v-52 	1.2307e+07  1.8503e+02  1.4213e-22  0.0000e+00  0.0000e+00  0.0000e+00  0.0000e+00  0.0000e+00  0.0000e+00  0.0000e+00  0.0000e+00  0.0000e+00  
v-53 	2.1020e+05  1.4907e-06  0.0000e+00  0.0000e+00  0.0000e+00  0.0000e+00  0.0000e+00  0.0000e+00  0.0000e+00  0.0000e+00  0.0000e+00  0.0000e+00  
v-54 	8.9372e+04  1.5488e-17  0.0000e+00  0.0000e+00  0.0000e+00  0.0000e+00  0.0000e+00  0.0000e+00  0.0000e+00  0.0000e+00  0.0000e+00  0.0000e+00  
cr-49 	7.9730e+03  2.9550e+03  2.0664e+01  5.3554e-02  3.5972e-07  0.0000e+00  0.0000e+00  0.0000e+00  0.0000e+00  0.0000e+00  0.0000e+00  0.0000e+00  
cr-50 	0.0000e+00  0.0000e+00  0.0000e+00  0.0000e+00  0.0000e+00  0.0000e+00  0.0000e+00  0.0000e+00  0.0000e+00  0.0000e+00  0.0000e+00  0.0000e+00  
cr-51 	2.6402e+07  2.6375e+07  2.6237e+07  2.6074e+07  2.5750e+07  2.3888e+07  2.2161e+07  1.8601e+07  1.3104e+07  2.7809e+05  2.9290e+03  7.3864e-33  
cr-52 	0.0000e+00  0.0000e+00  0.0000e+00  0.0000e+00  0.0000e+00  0.0000e+00  0.0000e+00  0.0000e+00  0.0000e+00  0.0000e+00  0.0000e+00  0.0000e+00  
cr-53 	0.0000e+00  0.0000e+00  0.0000e+00  0.0000e+00  0.0000e+00  0.0000e+00  0.0000e+00  0.0000e+00  0.0000e+00  0.0000e+00  0.0000e+00  0.0000e+00  
cr-54 	0.0000e+00  0.0000e+00  0.0000e+00  0.0000e+00  0.0000e+00  0.0000e+00  0.0000e+00  0.0000e+00  0.0000e+00  0.0000e+00  0.0000e+00  0.0000e+00  
cr-55 	4.8570e+06  3.8385e+01  1.1834e-24  0.0000e+00  0.0000e+00  0.0000e+00  0.0000e+00  0.0000e+00  0.0000e+00  0.0000e+00  0.0000e+00  0.0000e+00  
mn-52 	9.5190e+04  9.4699e+04  9.2285e+04  8.9469e+04  8.4091e+04  5.7975e+04  3.9969e+04  1.6783e+04  2.9589e+03  1.5140e-05  2.4081e-15  0.0000e+00  
mn-53 	1.6303e+01  1.6303e+01  1.6303e+01  1.6303e+01  1.6303e+01  1.6303e+01  1.6303e+01  1.6303e+01  1.6303e+01  1.6303e+01  1.6303e+01  1.6303e+01  
mn-54 	8.9225e+07  8.9217e+07  8.9176e+07  8.9126e+07  8.9027e+07  8.8436e+07  8.7849e+07  8.6495e+07  8.3849e+07  5.9574e+07  3.9776e+07  2.7659e+04  
mn-55 	0.0000e+00  0.0000e+00  0.0000e+00  0.0000e+00  0.0000e+00  0.0000e+00  0.0000e+00  0.0000e+00  0.0000e+00  0.0000e+00  0.0000e+00  0.0000e+00  
mn-56 	4.8183e+08  3.6827e+08  9.6063e+07  1.9152e+07  7.6126e+05  3.0022e-03  1.1840e-11  1.6982e-31  0.0000e+00  0.0000e+00  0.0000e+00  0.0000e+00  
mn-57 	1.0571e+07  6.3916e-05  0.0000e+00  0.0000e+00  0.0000e+00  0.0000e+00  0.0000e+00  0.0000e+00  0.0000e+00  0.0000e+00  0.0000e+00  0.0000e+00  
mn-58 	1.0739e+05  2.7235e-12  0.0000e+00  0.0000e+00  0.0000e+00  0.0000e+00  0.0000e+00  0.0000e+00  0.0000e+00  0.0000e+00  0.0000e+00  0.0000e+00  
mn-58m	4.8094e+04  0.0000e+00  0.0000e+00  0.0000e+00  0.0000e+00  0.0000e+00  0.0000e+00  0.0000e+00  0.0000e+00  0.0000e+00  0.0000e+00  0.0000e+00  
fe-53 	1.5311e+05  1.1550e+03  2.8215e-08  5.1994e-21  0.0000e+00  0.0000e+00  0.0000e+00  0.0000e+00  0.0000e+00  0.0000e+00  0.0000e+00  0.0000e+00  
fe-54 	0.0000e+00  0.0000e+00  0.0000e+00  0.0000e+00  0.0000e+00  0.0000e+00  0.0000e+00  0.0000e+00  0.0000e+00  0.0000e+00  0.0000e+00  0.0000e+00  
fe-55 	2.8793e+08  2.8792e+08  2.8788e+08  2.8783e+08  2.8773e+08  2.8713e+08  2.8654e+08  2.8515e+08  2.8239e+08  2.5377e+08  2.2367e+08  2.3038e+07  
fe-56 	0.0000e+00  0.0000e+00  0.0000e+00  0.0000e+00  0.0000e+00  0.0000e+00  0.0000e+00  0.0000e+00  0.0000e+00  0.0000e+00  0.0000e+00  0.0000e+00  
fe-57 	0.0000e+00  0.0000e+00  0.0000e+00  0.0000e+00  0.0000e+00  0.0000e+00  0.0000e+00  0.0000e+00  0.0000e+00  0.0000e+00  0.0000e+00  0.0000e+00  
fe-58 	0.0000e+00  0.0000e+00  0.0000e+00  0.0000e+00  0.0000e+00  0.0000e+00  0.0000e+00  0.0000e+00  0.0000e+00  0.0000e+00  0.0000e+00  0.0000e+00  
fe-59 	6.8492e+06  6.8447e+06  6.8226e+06  6.7960e+06  6.7433e+06  6.4355e+06  6.1417e+06  5.5073e+06  4.4283e+06  4.0227e+05  2.3626e+04  1.6336e-18  
fe-60 	1.0513e-02  1.0513e-02  1.0513e-02  1.0513e-02  1.0513e-02  1.0513e-02  1.0513e-02  1.0513e-02  1.0513e-02  1.0513e-02  1.0513e-02  1.0513e-02  
fe-61 	4.2410e+03  4.0467e+00  3.2008e-15  0.0000e+00  0.0000e+00  0.0000e+00  0.0000e+00  0.0000e+00  0.0000e+00  0.0000e+00  0.0000e+00  0.0000e+00  
co-57 	2.2262e+07  2.2259e+07  2.2248e+07  2.2234e+07  2.2207e+07  2.2040e+07  2.1872e+07  2.1486e+07  2.0732e+07  1.3998e+07  8.8002e+06  2.0704e+03  
co-58 	2.4518e+06  2.4531e+06  2.4575e+06  2.4588e+06  2.4543e+06  2.3881e+06  2.3190e+06  2.1655e+06  1.8884e+06  4.1866e+05  7.0580e+04  8.5365e-10  
co-58m	6.0738e+06  5.6207e+06  3.8144e+06  2.3955e+06  9.4477e+05  3.5557e+03  1.3382e+01  2.9484e-05  1.4312e-16  0.0000e+00  0.0000e+00  0.0000e+00  
co-59 	0.0000e+00  0.0000e+00  0.0000e+00  0.0000e+00  0.0000e+00  0.0000e+00  0.0000e+00  0.0000e+00  0.0000e+00  0.0000e+00  0.0000e+00  0.0000e+00  
co-60 	1.0858e+07  1.0858e+07  1.0857e+07  1.0856e+07  1.0854e+07  1.0843e+07  1.0831e+07  1.0804e+07  1.0749e+07  1.0170e+07  9.5248e+06  2.9288e+06  
co-60m	1.0885e+07  2.0499e+05  4.8554e-04  2.1658e-14  0.0000e+00  0.0000e+00  0.0000e+00  0.0000e+00  0.0000e+00  0.0000e+00  0.0000e+00  0.0000e+00  
co-61 	5.0014e+05  3.2877e+05  4.0241e+04  3.2361e+03  2.0927e+01  1.5297e-12  1.1188e-25  0.0000e+00  0.0000e+00  0.0000e+00  0.0000e+00  0.0000e+00  
co-62 	2.7813e+04  2.5296e-08  0.0000e+00  0.0000e+00  0.0000e+00  0.0000e+00  0.0000e+00  0.0000e+00  0.0000e+00  0.0000e+00  0.0000e+00  0.0000e+00  
co-62m	1.5424e+04  7.7576e+02  2.4966e-04  4.0410e-12  1.0587e-27  0.0000e+00  0.0000e+00  0.0000e+00  0.0000e+00  0.0000e+00  0.0000e+00  0.0000e+00  
co-63 	1.6539e+04  0.0000e+00  0.0000e+00  0.0000e+00  0.0000e+00  0.0000e+00  0.0000e+00  0.0000e+00  0.0000e+00  0.0000e+00  0.0000e+00  0.0000e+00  
co-64 	2.0698e+03  0.0000e+00  0.0000e+00  0.0000e+00  0.0000e+00  0.0000e+00  0.0000e+00  0.0000e+00  0.0000e+00  0.0000e+00  0.0000e+00  0.0000e+00  
ni-57 	8.8512e+05  8.6810e+05  7.8779e+05  7.0116e+05  5.5543e+05  1.3725e+05  3.3915e+04  1.2995e+03  1.9079e+00  1.3070e-31  0.0000e+00  0.0000e+00  
ni-58 	0.0000e+00  0.0000e+00  0.0000e+00  0.0000e+00  0.0000e+00  0.0000e+00  0.0000e+00  0.0000e+00  0.0000e+00  0.0000e+00  0.0000e+00  0.0000e+00  
ni-59 	1.7930e+03  1.7930e+03  1.7930e+03  1.7930e+03  1.7930e+03  1.7930e+03  1.7930e+03  1.7930e+03  1.7930e+03  1.7930e+03  1.7930e+03  1.7928e+03  
ni-60 	0.0000e+00  0.0000e+00  0.0000e+00  0.0000e+00  0.0000e+00  0.0000e+00  0.0000e+00  0.0000e+00  0.0000e+00  0.0000e+00  0.0000e+00  0.0000e+00  
ni-61 	0.0000e+00  0.0000e+00  0.0000e+00  0.0000e+00  0.0000e+00  0.0000e+00  0.0000e+00  0.0000e+00  0.0000e+00  0.0000e+00  0.0000e+00  0.0000e+00  
ni-62 	0.0000e+00  0.0000e+00  0.0000e+00  0.0000e+00  0.0000e+00  0.0000e+00  0.0000e+00  0.0000e+00  0.0000e+00  0.0000e+00  0.0000e+00  0.0000e+00  
ni-63 	5.7186e+05  5.7186e+05  5.7186e+05  5.7186e+05  5.7185e+05  5.7182e+05  5.7178e+05  5.7171e+05  5.7155e+05  5.6987e+05  5.6788e+05  5.3332e+05  
ni-64 	0.0000e+00  0.0000e+00  0.0000e+00  0.0000e+00  0.0000e+00  0.0000e+00  0.0000e+00  0.0000e+00  0.0000e+00  0.0000e+00  0.0000e+00  0.0000e+00  
ni-65 	1.0208e+06  7.7536e+05  1.9598e+05  3.7626e+04  1.3868e+03  3.4766e-06  8.7155e-15  0.0000e+00  0.0000e+00  0.0000e+00  0.0000e+00  0.0000e+00  
cu-62 	1.4931e+04  2.0969e+02  1.1458e-07  8.7937e-19  0.0000e+00  0.0000e+00  0.0000e+00  0.0000e+00  0.0000e+00  0.0000e+00  0.0000e+00  0.0000e+00  
cu-63 	0.0000e+00  0.0000e+00  0.0000e+00  0.0000e+00  0.0000e+00  0.0000e+00  0.0000e+00  0.0000e+00  0.0000e+00  0.0000e+00  0.0000e+00  0.0000e+00  
cu-64 	1.2689e+05  1.2015e+05  9.1460e+04  6.5923e+04  3.4249e+04  6.7342e+02  1.3241e+01  1.3817e-03  1.5046e-11  0.0000e+00  0.0000e+00  0.0000e+00  
cu-65 	0.0000e+00  0.0000e+00  0.0000e+00  0.0000e+00  0.0000e+00  0.0000e+00  0.0000e+00  0.0000e+00  0.0000e+00  0.0000e+00  0.0000e+00  0.0000e+00  
cu-66 	5.7188e+04  1.6435e+01  3.2220e-17  0.0000e+00  0.0000e+00  0.0000e+00  0.0000e+00  0.0000e+00  0.0000e+00  0.0000e+00  0.0000e+00  0.0000e+00  
zn-64 	0.0000e+00  0.0000e+00  0.0000e+00  0.0000e+00  0.0000e+00  0.0000e+00  0.0000e+00  0.0000e+00  0.0000e+00  0.0000e+00  0.0000e+00  0.0000e+00  
zn-66 	0.0000e+00  0.0000e+00  0.0000e+00  0.0000e+00  0.0000e+00  0.0000e+00  0.0000e+00  0.0000e+00  0.0000e+00  0.0000e+00  0.0000e+00  0.0000e+00  
========================================================================================================================================================
total	1.0212e+13  6.2601e+12  5.9218e+12  5.8679e+12  5.8613e+12  5.8585e+12  5.8558e+12  5.8495e+12  5.8369e+12  5.7001e+12  5.5426e+12  3.3474e+12  

Totals for all zones.
Photon Source Distribution [gammas/s/cm3] : output/sample5.photonSrc
	    with Specific Activity [Bq/cm3]
zone	 shutdown         1 h         6 h        12 h         1 d         4 d         1 w         2 w         4 w       0.5 y         1 y        10 y   
========================================================================================================================================================
1	7.4550e+12  7.2289e+12  7.2286e+12  7.2283e+12  7.2278e+12  7.2245e+12  7.2211e+12  7.2133e+12  7.1978e+12  7.0292e+12  6.8350e+12  4.1282e+12  	zone_1 (mix_1)
2	8.3290e+13  8.3235e+13  8.3233e+13  8.3229e+13  8.3223e+13  8.3185e+13  8.3146e+13  8.3057e+13  8.2878e+13  8.0937e+13  7.8701e+13  4.7534e+13  	zone_2 (mix_2)
3	1.0212e+13  6.2601e+12  5.9218e+12  5.8679e+12  5.8613e+12  5.8585e+12  5.8558e+12  5.8495e+12  5.8369e+12  5.7001e+12  5.5426e+12  3.3474e+12  	zone_3 (mix_3)
========================================================================================================================================================





Output.
