ALARA 2.9.2
Schedule 'top_sched':
	Schedule 'sch_1' with 0 s delay and pulsed with history 'once':
		pulse: 1 c with 0 s delay pulsed with history ph_1
	Schedule 'sch_2' with 0 s delay and pulsed with history 'once':
		pulse: 30 w with 0 s delay pulsed with history ph_2
	Schedule 'sch_3' with 0 s delay and pulsed with history 'once':
		pulse: 2 y with 8 d delay pulsed with history ph_3
		pulse: 25 w with 2 d delay pulsed with history ph_2
		Schedule 'sch_5' with 100 s delay and pulsed with history 'ph_3':
			pulse: 30 d with 0 s delay pulsed with history ph_1
	Schedule 'sch_4' with 0 s delay and pulsed with history 'once':
		pulse: 1 y with 1 h delay pulsed with history ph_1
		pulse: 50 m with 1 h delay pulsed with history ph_2
		pulse: 100 s with 10 h delay pulsed with history ph_3
		pulse: 10 d with 1 w delay pulsed with history ph_4
Zone output requested:
	Response Units: Bq /cm3
	Number Density [atoms/cm3]


*** Number Density [atoms/cm3] ***

Zone #1: zone_1
	Relative Volume: 10
	Containing mixture: mix_1

Total (All constituents) 
	COMPACTED
	Volume Fraction: 1	Relative Volume: 10
Number Density [atoms/cm3]
isotope	 shutdown   
====================
h-1 	6.6466e+21  
h-2 	2.1096e+20  
h-3 	1.2274e+18  
he-3 	1.2496e+18  
he-4 	1.2654e+21  
k-43 	1.8358e+00  
k-44 	0.0000e+00  
k-45 	0.0000e+00  
k-46 	0.0000e+00  
k-47 	0.0000e+00  
ca-43 	1.0320e+13  
ca-44 	5.3120e+14  
ca-45 	1.8853e+13  
ca-46 	4.5077e+15  
ca-47 	1.3356e+12  
ca-48 	2.4879e+11  
ca-49 	0.0000e+00  
sc-45 	1.2801e+15  
sc-45m	0.0000e+00  
sc-46 	5.3806e+12  
sc-46m	0.0000e+00  
sc-47 	8.3072e+12  
sc-48 	2.4396e+12  
sc-49 	0.0000e+00  
sc-50 	0.0000e+00  
sc-50m	0.0000e+00  
ti-46 	4.5161e+15  
ti-47 	1.4359e+17  
ti-48 	6.5069e+17  
ti-49 	3.7332e+18  
ti-50 	1.2709e+19  
ti-51 	0.0000e+00  
ti-52 	0.0000e+00  
ti-53 	0.0000e+00  
v-48 	5.2331e+11  
v-49 	2.0181e+16  
v-50 	2.6201e+19  
v-51 	1.3188e+20  
v-52 	0.0000e+00  
v-53 	0.0000e+00  
v-54 	0.0000e+00  
cr-49 	0.0000e+00  
cr-50 	4.4987e+17  
cr-51 	8.4431e+16  
cr-52 	4.2072e+20  
cr-53 	1.1034e+21  
cr-54 	1.9648e+21  
cr-55 	0.0000e+00  
cr-56 	0.0000e+00  
cr-57 	0.0000e+00  
cr-58 	0.0000e+00  
mn-51 	0.0000e+00  
mn-52 	2.0755e+15  
mn-52m	0.0000e+00  
mn-53 	7.4284e+20  
mn-54 	2.5284e+19  
mn-55 	9.3242e+21  
mn-56 	2.7098e-04  
mn-57 	0.0000e+00  
mn-58 	0.0000e+00  
mn-58m	0.0000e+00  
mn-59 	0.0000e+00  
fe-53 	0.0000e+00  
fe-53m	0.0000e+00  
fe-54 	3.0512e+21  
fe-55 	2.3211e+20  
fe-56 	6.5113e+22  
fe-57 	2.3133e+21  
fe-58 	2.4952e+20  
fe-59 	8.1355e+15  
fe-60 	4.0346e+14  
co-57 	3.9845e+12  
co-58 	2.4917e+15  
co-58m	1.7246e+07  
co-59 	6.2301e+18  
co-60 	2.9201e+16  
co-60m	0.0000e+00  
co-61 	2.2223e-22  
ni-58 	2.4831e+14  
ni-59 	9.3808e+15  
ni-60 	2.7988e+17  
ni-61 	4.0429e+15  
ni-62 	4.3268e+13  
====================
total	9.2848e+22  

Totals for all zones.
Number Density [atoms/cm3]
zone	 shutdown   
====================
1	9.2848e+22  	zone_1 (mix_1)
====================





