ALARA 2.7.1
Set verbose level to 3.
Openned tree file ref_out_tst/sample4.tree.
	Openned sample4 for input.
Starting problem input processing.
	Reading input.
		Set geometry type: spherical.
		Reading zone boundaries for Dimension r:
		Reading the material loading for this problem.
		Reading constituent list for Mixture target with constituents:
		Reading constituent list for Mixture wall with constituents:
		Openned material library ./data/sampleMatlib
		Openned element library ./data/myElelib
		Added Flux target_flux from file data/hohlflux with normalization 1e-10, format code 1, and skipping 90 entries.
		Openning DataLib with type alaralib
		Reading after-shutdown cooling times.
		Reading pulsing levels for History part_a:
		Reading pulsing levels for History once:
		Reading items for schedule problem_1_a.
		Added output at resolution 2 (zone)
		Truncation parameters set at 1e-08 for truncation and 1e-10 for ignore.
	Cross-checking input for completeness and self-consistency.
		Checking for all internally referenced mixtures.
		Checking for all mixtures referenced in material loading.
		Checking that dimension types match geometry type: Spherical.
		Number of zones defined by zone dimensions (3) matches number of material loadings defined.(3)
		Checking for all sub-schedules, fluxes and pulsing histories referenced in schedules.


***Please review this schedule hierarchy.!!!!!!!!!!

Schedule 'problem_1_a':
	pulse: 1 d with 25 d delay pulsed with history part_a
	pulse: 5 m with 0 d delay pulsed with history once

***End of schedule hierarchy.


	Preprocessing input.
		Replacing all 'similar' constituents and removing unused mixtures.
		Converting zone boundaries into list of intervals.
		Cross-referencing intervals with mixtures.
		Assigning 1 fluxes to each interval
		Making list of root isotopes.
		Processing pulsing histories.
		Processing schedule hierarchy.
		Processing cooling times.
		Collapsing schedules from top.
		Making storage hierarchies in intervals.
Starting problem solution.
		Solving Root #1: h-1 
		   Maximum relative concentration: 0.132504
		      last Root: 4 nodes in 2 chains with maximum length 3.
		                 in 0.000 s (6710886550.000 nodes/s)
		   Total so far: 4 nodes in 2 chains with maximum length 3.
		                 in 0.11 s (36.364 nodes/s)
		Solving Root #2: h-2 
		   Maximum relative concentration: 1.98786e-05
		      last Root: 6 nodes in 3 chains with maximum length 3.
		                 in 0.000 s (10066329825.000 nodes/s)
		   Total so far: 10 nodes in 5 chains with maximum length 3.
		                 in 0.11 s (90.909 nodes/s)
		Solving Root #3: c-12 
		   Maximum relative concentration: 0.0813816
		      last Root: 43 nodes in 11 chains with maximum length 4.
		                 in 0.010 s (4300.000 nodes/s)
		   Total so far: 53 nodes in 16 chains with maximum length 4.
		                 in 0.12 s (441.667 nodes/s)
		Solving Root #4: c-13 
		   Maximum relative concentration: 0.000911811
		      last Root: 115 nodes in 28 chains with maximum length 5.
		                 in 0.020 s (5749.999 nodes/s)
		   Total so far: 168 nodes in 44 chains with maximum length 5.
		                 in 0.14 s (1200.000 nodes/s)
		Solving Root #5: n-14 
		   Maximum relative concentration: 0.0014928
		      last Root: 151 nodes in 57 chains with maximum length 5.
		                 in 0.020 s (7550.000 nodes/s)
		   Total so far: 319 nodes in 101 chains with maximum length 5.
		                 in 0.16 s (1993.750 nodes/s)
		Solving Root #6: n-15 
		   Maximum relative concentration: 5.48372e-06
		      last Root: 146 nodes in 51 chains with maximum length 5.
		                 in 0.020 s (7299.999 nodes/s)
		   Total so far: 465 nodes in 152 chains with maximum length 5.
		                 in 0.18 s (2583.333 nodes/s)
		Solving Root #7: o-16 
		   Maximum relative concentration: 0.547342
		      last Root: 129 nodes in 41 chains with maximum length 5.
		                 in 0.020 s (6450.003 nodes/s)
		   Total so far: 594 nodes in 193 chains with maximum length 5.
		                 in 0.20 s (2970.000 nodes/s)
		Solving Root #8: o-17 
		   Maximum relative concentration: 0.000203006
		      last Root: 160 nodes in 54 chains with maximum length 5.
		                 in 0.010 s (16000.005 nodes/s)
		   Total so far: 754 nodes in 247 chains with maximum length 5.
		                 in 0.21 s (3590.476 nodes/s)
		Solving Root #9: o-18 
		   Maximum relative concentration: 0.00111927
		      last Root: 146 nodes in 37 chains with maximum length 5.
		                 in 0.030 s (4866.666 nodes/s)
		   Total so far: 900 nodes in 284 chains with maximum length 5.
		                 in 0.24 s (3750.000 nodes/s)
		Solving Root #10: na-23 
		   Maximum relative concentration: 0.00325361
		      last Root: 300 nodes in 94 chains with maximum length 7.
		                 in 0.050 s (5999.999 nodes/s)
		   Total so far: 1200 nodes in 378 chains with maximum length 7.
		                 in 0.29 s (4137.931 nodes/s)
		Solving Root #11: mg-24 
		   Maximum relative concentration: 0.00856623
		      last Root: 441 nodes in 104 chains with maximum length 7.
		                 in 0.090 s (4899.999 nodes/s)
		   Total so far: 1641 nodes in 482 chains with maximum length 7.
		                 in 0.38 s (4318.421 nodes/s)
		Solving Root #12: mg-25 
		   Maximum relative concentration: 0.00108447
		      last Root: 366 nodes in 93 chains with maximum length 7.
		                 in 0.070 s (5228.571 nodes/s)
		   Total so far: 2007 nodes in 575 chains with maximum length 7.
		                 in 0.45 s (4460.000 nodes/s)
		Solving Root #13: mg-26 
		   Maximum relative concentration: 0.001194
		      last Root: 215 nodes in 55 chains with maximum length 6.
		                 in 0.050 s (4299.999 nodes/s)
		   Total so far: 2222 nodes in 630 chains with maximum length 7.
		                 in 0.50 s (4444.000 nodes/s)
		Solving Root #14: al-27 
		   Maximum relative concentration: 0.0135973
		      last Root: 382 nodes in 112 chains with maximum length 7.
		                 in 0.060 s (6366.667 nodes/s)
		   Total so far: 2604 nodes in 742 chains with maximum length 7.
		                 in 0.56 s (4650.000 nodes/s)
		Solving Root #15: si-28 
		   Maximum relative concentration: 0.0918208
		      last Root: 223 nodes in 65 chains with maximum length 6.
		                 in 0.050 s (4460.000 nodes/s)
		   Total so far: 2827 nodes in 807 chains with maximum length 7.
		                 in 0.61 s (4634.426 nodes/s)
		Solving Root #16: si-29 
		   Maximum relative concentration: 0.00464928
		      last Root: 266 nodes in 65 chains with maximum length 6.
		                 in 0.050 s (5320.002 nodes/s)
		   Total so far: 3093 nodes in 872 chains with maximum length 7.
		                 in 0.66 s (4686.363 nodes/s)
		Solving Root #17: si-30 
		   Maximum relative concentration: 0.00308625
		      last Root: 217 nodes in 64 chains with maximum length 6.
		                 in 0.050 s (4340.002 nodes/s)
		   Total so far: 3310 nodes in 936 chains with maximum length 7.
		                 in 0.71 s (4661.972 nodes/s)
		Solving Root #18: p-31 
		   Maximum relative concentration: 0.000463581
		      last Root: 345 nodes in 88 chains with maximum length 6.
		                 in 0.060 s (5749.998 nodes/s)
		   Total so far: 3655 nodes in 1024 chains with maximum length 7.
		                 in 0.77 s (4746.753 nodes/s)
		Solving Root #19: s-32 
		   Maximum relative concentration: 0.000897329
		      last Root: 466 nodes in 105 chains with maximum length 6.
		                 in 0.110 s (4236.363 nodes/s)
		   Total so far: 4121 nodes in 1129 chains with maximum length 7.
		                 in 0.88 s (4682.955 nodes/s)
		Solving Root #20: s-33 
		   Maximum relative concentration: 7.08269e-06
		      last Root: 583 nodes in 126 chains with maximum length 6.
		                 in 0.100 s (5830.000 nodes/s)
		   Total so far: 4704 nodes in 1255 chains with maximum length 7.
		                 in 0.98 s (4800.000 nodes/s)
		Solving Root #21: s-34 
		   Maximum relative concentration: 3.97575e-05
		      last Root: 431 nodes in 94 chains with maximum length 6.
		                 in 0.110 s (3918.182 nodes/s)
		   Total so far: 5135 nodes in 1349 chains with maximum length 7.
		                 in 1.09 s (4711.009 nodes/s)
		Solving Root #22: s-36 
		   Maximum relative concentration: 1.88872e-07
		      last Root: 257 nodes in 64 chains with maximum length 6.
		                 in 0.060 s (4283.336 nodes/s)
		   Total so far: 5392 nodes in 1413 chains with maximum length 7.
		                 in 1.15 s (4688.696 nodes/s)
		Solving Root #23: k-39 
		   Maximum relative concentration: 0.00318596
		      last Root: 541 nodes in 105 chains with maximum length 6.
		                 in 0.100 s (5409.999 nodes/s)
		   Total so far: 5933 nodes in 1518 chains with maximum length 7.
		                 in 1.25 s (4746.400 nodes/s)
		Solving Root #24: k-41 
		   Maximum relative concentration: 0.000230258
		      last Root: 483 nodes in 110 chains with maximum length 7.
		                 in 0.110 s (4390.909 nodes/s)
		   Total so far: 6416 nodes in 1628 chains with maximum length 7.
		                 in 1.36 s (4717.647 nodes/s)
		Solving Root #25: ca-40 
		   Maximum relative concentration: 0.0988584
		      last Root: 556 nodes in 111 chains with maximum length 5.
		                 in 0.120 s (4633.334 nodes/s)
		   Total so far: 6972 nodes in 1739 chains with maximum length 7.
		                 in 1.48 s (4710.811 nodes/s)
		Solving Root #26: ca-42 
		   Maximum relative concentration: 0.000659797
		      last Root: 595 nodes in 112 chains with maximum length 6.
		                 in 0.130 s (4576.924 nodes/s)
		   Total so far: 7567 nodes in 1851 chains with maximum length 7.
		                 in 1.61 s (4700.000 nodes/s)
		Solving Root #27: ca-43 
		   Maximum relative concentration: 0.00013767
		      last Root: 384 nodes in 86 chains with maximum length 6.
		                 in 0.080 s (4800.001 nodes/s)
		   Total so far: 7951 nodes in 1937 chains with maximum length 7.
		                 in 1.69 s (4704.734 nodes/s)
		Solving Root #28: ca-44 
		   Maximum relative concentration: 0.00212726
		      last Root: 307 nodes in 66 chains with maximum length 6.
		                 in 0.070 s (4385.718 nodes/s)
		   Total so far: 8258 nodes in 2003 chains with maximum length 7.
		                 in 1.76 s (4692.045 nodes/s)
		Solving Root #29: ca-46 
		   Maximum relative concentration: 4.07912e-06
		      last Root: 263 nodes in 58 chains with maximum length 6.
		                 in 0.070 s (3757.142 nodes/s)
		   Total so far: 8521 nodes in 2061 chains with maximum length 7.
		                 in 1.83 s (4656.284 nodes/s)
		Solving Root #30: ca-48 
		   Maximum relative concentration: 0.000190699
		      last Root: 292 nodes in 55 chains with maximum length 7.
		                 in 0.070 s (4171.431 nodes/s)
		   Total so far: 8813 nodes in 2116 chains with maximum length 7.
		                 in 1.90 s (4638.421 nodes/s)
		Solving Root #31: ti-46 
		   Maximum relative concentration: 2.76708e-05
		      last Root: 712 nodes in 159 chains with maximum length 7.
		                 in 0.180 s (3955.555 nodes/s)
		   Total so far: 9525 nodes in 2275 chains with maximum length 7.
		                 in 2.08 s (4579.327 nodes/s)
		Solving Root #32: ti-47 
		   Maximum relative concentration: 2.52496e-05
		      last Root: 538 nodes in 127 chains with maximum length 7.
		                 in 0.120 s (4483.330 nodes/s)
		   Total so far: 10063 nodes in 2402 chains with maximum length 7.
		                 in 2.20 s (4574.091 nodes/s)
		Solving Root #33: ti-48 
		   Maximum relative concentration: 0.000255263
		      last Root: 340 nodes in 86 chains with maximum length 6.
		                 in 0.060 s (5666.671 nodes/s)
		   Total so far: 10403 nodes in 2488 chains with maximum length 7.
		                 in 2.26 s (4603.097 nodes/s)
		Solving Root #34: ti-49 
		   Maximum relative concentration: 1.90237e-05
		      last Root: 312 nodes in 58 chains with maximum length 5.
		                 in 0.070 s (4457.142 nodes/s)
		   Total so far: 10715 nodes in 2546 chains with maximum length 7.
		                 in 2.33 s (4598.713 nodes/s)
		Solving Root #35: ti-50 
		   Maximum relative concentration: 1.86778e-05
		      last Root: 219 nodes in 49 chains with maximum length 6.
		                 in 0.040 s (5474.989 nodes/s)
		   Total so far: 10934 nodes in 2595 chains with maximum length 7.
		                 in 2.37 s (4613.502 nodes/s)
		Solving Root #36: cr-50 
		   Maximum relative concentration: 0.00816845
		      last Root: 492 nodes in 104 chains with maximum length 5.
		                 in 0.110 s (4472.723 nodes/s)
		   Total so far: 11426 nodes in 2699 chains with maximum length 7.
		                 in 2.48 s (4607.258 nodes/s)
		Solving Root #37: cr-52 
		   Maximum relative concentration: 0.157522
		      last Root: 303 nodes in 76 chains with maximum length 6.
		                 in 0.050 s (6060.002 nodes/s)
		   Total so far: 11729 nodes in 2775 chains with maximum length 7.
		                 in 2.53 s (4635.968 nodes/s)
		Solving Root #38: cr-53 
		   Maximum relative concentration: 0.0178597
		      last Root: 279 nodes in 74 chains with maximum length 5.
		                 in 0.050 s (5579.997 nodes/s)
		   Total so far: 12008 nodes in 2849 chains with maximum length 7.
		                 in 2.58 s (4654.264 nodes/s)
		Solving Root #39: cr-54 
		   Maximum relative concentration: 0.00444612
		      last Root: 218 nodes in 56 chains with maximum length 5.
		                 in 0.050 s (4359.993 nodes/s)
		   Total so far: 12226 nodes in 2905 chains with maximum length 7.
		                 in 2.63 s (4648.669 nodes/s)
		Solving Root #40: mn-55 
		   Maximum relative concentration: 0.0117614
		      last Root: 287 nodes in 77 chains with maximum length 6.
		                 in 0.050 s (5740.013 nodes/s)
		   Total so far: 12513 nodes in 2982 chains with maximum length 7.
		                 in 2.68 s (4669.030 nodes/s)
		Solving Root #41: fe-54 
		   Maximum relative concentration: 0.0411783
		      last Root: 467 nodes in 110 chains with maximum length 5.
		                 in 0.110 s (4245.457 nodes/s)
		   Total so far: 12980 nodes in 3092 chains with maximum length 7.
		                 in 2.79 s (4652.330 nodes/s)
		Solving Root #42: fe-56 
		   Maximum relative concentration: 0.640148
		      last Root: 247 nodes in 70 chains with maximum length 6.
		                 in 0.060 s (4116.664 nodes/s)
		   Total so far: 13227 nodes in 3162 chains with maximum length 7.
		                 in 2.85 s (4641.053 nodes/s)
		Solving Root #43: fe-57 
		   Maximum relative concentration: 0.0146567
		      last Root: 265 nodes in 63 chains with maximum length 5.
		                 in 0.060 s (4416.660 nodes/s)
		   Total so far: 13492 nodes in 3225 chains with maximum length 7.
		                 in 2.91 s (4636.426 nodes/s)
		Solving Root #44: fe-58 
		   Maximum relative concentration: 0.00195422
		      last Root: 282 nodes in 64 chains with maximum length 6.
		                 in 0.070 s (4028.577 nodes/s)
		   Total so far: 13774 nodes in 3289 chains with maximum length 7.
		                 in 2.98 s (4622.148 nodes/s)
		Solving Root #45: co-59 
		   Maximum relative concentration: 0.000937101
		      last Root: 755 nodes in 161 chains with maximum length 7.
		                 in 0.170 s (4441.177 nodes/s)
		   Total so far: 14529 nodes in 3450 chains with maximum length 7.
		                 in 3.15 s (4612.381 nodes/s)
		Solving Root #46: ni-58 
		   Maximum relative concentration: 0.059734
		      last Root: 848 nodes in 179 chains with maximum length 7.
		                 in 0.160 s (5300.003 nodes/s)
		   Total so far: 15377 nodes in 3629 chains with maximum length 7.
		                 in 3.31 s (4645.619 nodes/s)
		Solving Root #47: ni-60 
		   Maximum relative concentration: 0.0228366
		      last Root: 496 nodes in 113 chains with maximum length 6.
		                 in 0.120 s (4133.331 nodes/s)
		   Total so far: 15873 nodes in 3742 chains with maximum length 7.
		                 in 3.43 s (4627.697 nodes/s)
		Solving Root #48: ni-61 
		   Maximum relative concentration: 0.000988712
		      last Root: 513 nodes in 108 chains with maximum length 6.
		                 in 0.100 s (5130.003 nodes/s)
		   Total so far: 16386 nodes in 3850 chains with maximum length 7.
		                 in 3.53 s (4641.926 nodes/s)
		Solving Root #49: ni-62 
		   Maximum relative concentration: 0.00314113
		      last Root: 389 nodes in 90 chains with maximum length 6.
		                 in 0.100 s (3889.999 nodes/s)
		   Total so far: 16775 nodes in 3940 chains with maximum length 7.
		                 in 3.63 s (4621.212 nodes/s)
		Solving Root #50: ni-64 
		   Maximum relative concentration: 0.00079622
		      last Root: 266 nodes in 60 chains with maximum length 7.
		                 in 0.060 s (4433.342 nodes/s)
		   Total so far: 17041 nodes in 4000 chains with maximum length 7.
		                 in 3.69 s (4618.157 nodes/s)
	Solved problem.
	Reset binary dump with 6 results per isotope.
		Read dump file.
		Tallying constituent results into total result lists.
Zone output requested:
	Response Units: Ci /m3
	WDR/Clearance index: NRCA
	WDR/Clearance index: NRCC


*** WDR ***
*** WDR/Clearance index: NRCA ***

Zone #1: SOURCE_REGION

Zone #2: HOHLRAUM_WALL
	Relative Volume: 0.523565
	Containing mixture: target

Total (All constituents) 
	COMPACTED

WDR/Clearance index: NRCA
isotope	 shutdown         1 s         1 d         1 y        10 y       100 y   
================================================================================
h-3 	2.6242e+00  2.6242e+00  2.6238e+00  2.4812e+00  1.4986e+00  9.6806e-03  
c-14 	2.7006e-01  2.7006e-01  2.7006e-01  2.7002e-01  2.6973e-01  2.6682e-01  
co-60 	8.4814e+00  8.4814e+00  8.4789e+00  7.4402e+00  2.2878e+00  1.7289e-05  
ni-59 	4.4751e-01  4.4751e-01  4.4751e-01  4.4751e-01  4.4747e-01  4.4710e-01  
ni-63 	2.0868e+01  2.0868e+01  2.0868e+01  2.0723e+01  1.9462e+01  1.0386e+01  
================================================================================
total	3.2692e+01  3.2692e+01  3.2688e+01  3.1362e+01  2.3966e+01  1.1110e+01  

Zone #3: LIQUID_WALL
	Relative Volume: 0.00472654
	Containing mixture: wall

Total (All constituents) 
	COMPACTED

WDR/Clearance index: NRCA
isotope	 shutdown         1 s         1 d         1 y        10 y       100 y   
================================================================================
h-3 	1.2593e+00  1.2593e+00  1.2591e+00  1.1907e+00  7.1917e-01  4.6457e-03  
c-14 	9.8000e-02  9.8000e-02  9.8000e-02  9.7988e-02  9.7881e-02  9.6825e-02  
co-60 	8.2710e-09  8.2710e-09  8.2707e-09  7.2576e-09  2.2317e-09  1.6864e-14  
================================================================================
total	1.3573e+00  1.3573e+00  1.3571e+00  1.2887e+00  8.1705e-01  1.0147e-01  

Totals for all zones.
WDR/Clearance index: NRCA
zone	 shutdown         1 s         1 d         1 y        10 y       100 y   
================================================================================
1		SOURCE_REGION (void)
2	3.2692e+01  3.2692e+01  3.2688e+01  3.1362e+01  2.3966e+01  1.1110e+01  	HOHLRAUM_WALL (target)
3	1.3573e+00  1.3573e+00  1.3571e+00  1.2887e+00  8.1705e-01  1.0147e-01  	LIQUID_WALL (wall)
================================================================================





*** WDR/Clearance index: NRCC ***

Zone #1: SOURCE_REGION

Zone #2: HOHLRAUM_WALL
	Relative Volume: 0.523565
	Containing mixture: target

Total (All constituents) 
	COMPACTED

WDR/Clearance index: NRCC
isotope	 shutdown         1 s         1 d         1 y        10 y       100 y   
================================================================================
c-14 	2.7006e-02  2.7006e-02  2.7006e-02  2.7002e-02  2.6973e-02  2.6682e-02  
ni-59 	4.4751e-02  4.4751e-02  4.4751e-02  4.4751e-02  4.4747e-02  4.4710e-02  
ni-63 	1.0434e-01  1.0434e-01  1.0434e-01  1.0362e-01  9.7310e-02  5.1931e-02  
================================================================================
total	1.7610e-01  1.7610e-01  1.7610e-01  1.7537e-01  1.6903e-01  1.2332e-01  

Zone #3: LIQUID_WALL
	Relative Volume: 0.00472654
	Containing mixture: wall

Total (All constituents) 
	COMPACTED

WDR/Clearance index: NRCC
isotope	 shutdown         1 s         1 d         1 y        10 y       100 y   
================================================================================
c-14 	9.8000e-03  9.8000e-03  9.8000e-03  9.7988e-03  9.7881e-03  9.6825e-03  
================================================================================
total	9.8000e-03  9.8000e-03  9.8000e-03  9.7988e-03  9.7881e-03  9.6825e-03  

Totals for all zones.
WDR/Clearance index: NRCC
zone	 shutdown         1 s         1 d         1 y        10 y       100 y   
================================================================================
1		SOURCE_REGION (void)
2	1.7610e-01  1.7610e-01  1.7610e-01  1.7537e-01  1.6903e-01  1.2332e-01  	HOHLRAUM_WALL (target)
3	9.8000e-03  9.8000e-03  9.8000e-03  9.7988e-03  9.7881e-03  9.6825e-03  	LIQUID_WALL (wall)
================================================================================





Output.
