ALARA 2.9.1rc
Set verbose level to 3.
Openned tree file ref_new/sample6.tree.
	Openned sample6 for input.
Starting problem input processing.
	Reading input.
		Writing entry for 10010 (28)
		Writing entry for 10020 (46351)
		Writing entry for 10030 (61069)
		Writing entry for 20030 (73969)
		Writing entry for 20040 (81648)
		Writing entry for 20060 (137372)
		Writing entry for 30050 (138761)
		Writing entry for 30060 (139511)
		Writing entry for 30070 (140505)
		Writing entry for 30080 (143575)
		Writing entry for 30090 (145186)
		Writing entry for 40080 (145959)
		Writing entry for 40090 (148528)
		Writing entry for 40100 (149815)
		Writing entry for 40110 (152276)
		Writing entry for 50090 (153855)
		Writing entry for 50100 (154605)
		Writing entry for 50110 (155509)
		Writing entry for 50120 (157561)
		Writing entry for 50130 (159234)
		Writing entry for 60120 (160015)
		Writing entry for 60130 (161293)
		Writing entry for 60140 (163395)
		Writing entry for 60150 (166533)
		Writing entry for 70130 (168221)
		Writing entry for 70140 (169023)
		Writing entry for 70150 (169906)
		Writing entry for 70160 (171759)
		Writing entry for 70170 (173635)
		Writing entry for 70180 (174533)
		Writing entry for 80150 (175310)
		Writing entry for 80160 (176068)
		Writing entry for 80170 (177193)
		Writing entry for 80180 (179247)
		Writing entry for 80190 (181704)
		Writing entry for 80200 (183482)
		Writing entry for 90180 (184240)
		Writing entry for 90190 (185199)
		Writing entry for 90200 (186917)
		Writing entry for 90210 (188878)
		Writing entry for 90220 (190075)
		Writing entry for 90230 (190905)
		Writing entry for 100190 (191655)
		Writing entry for 100200 (192405)
		Writing entry for 100210 (193549)
		Writing entry for 100220 (195601)
		Writing entry for 100230 (198408)
		Writing entry for 100240 (200312)
		Writing entry for 100250 (201402)
		Writing entry for 110210 (202235)
		Writing entry for 110220 (203037)
		Writing entry for 110230 (203964)
		Writing entry for 110240 (206533)
		Writing entry for 110241 (208526)
		Writing entry for 110250 (210784)
		Writing entry for 110260 (212607)
		Writing entry for 110270 (213487)
		Writing entry for 110280 (214255)
		Writing entry for 120230 (215032)
		Writing entry for 120240 (215786)
		Writing entry for 120250 (216970)
		Writing entry for 120260 (219004)
		Writing entry for 120270 (221995)
		Writing entry for 120280 (224095)
		Writing entry for 120290 (225191)
		Writing entry for 130240 (226737)
		Writing entry for 130250 (227487)
		Writing entry for 130260 (228285)
		Writing entry for 130261 (229118)
		Writing entry for 130270 (230301)
		Writing entry for 130280 (232032)
		Writing entry for 130290 (234032)
		Writing entry for 130300 (235551)
		Writing entry for 130310 (236693)
		Writing entry for 130320 (237625)
		Writing entry for 140270 (238414)
		Writing entry for 140280 (239164)
		Writing entry for 140290 (240162)
		Writing entry for 140300 (242688)
		Writing entry for 140310 (245514)
		Writing entry for 140320 (247926)
		Writing entry for 140330 (251164)
		Writing entry for 140340 (252962)
		Writing entry for 150300 (253745)
		Writing entry for 150310 (254614)
		Writing entry for 150320 (255828)
		Writing entry for 150330 (258637)
		Writing entry for 150340 (261909)
		Writing entry for 150350 (264042)
		Writing entry for 150360 (265134)
		Writing entry for 160310 (265969)
		Writing entry for 160320 (266735)
		Writing entry for 160330 (267755)
		Writing entry for 160340 (270277)
		Writing entry for 160350 (273141)
		Writing entry for 160360 (276305)
		Writing entry for 160370 (279641)
		Writing entry for 160380 (281613)
		Writing entry for 160390 (282831)
		Writing entry for 160400 (283739)
		Writing entry for 170340 (284514)
		Writing entry for 170341 (285404)
		Writing entry for 170350 (286249)
		Writing entry for 170360 (287481)
		Writing entry for 170370 (290724)
		Writing entry for 170380 (294064)
		Writing entry for 170381 (296574)
		Writing entry for 170390 (298852)
		Writing entry for 170400 (300889)
		Writing entry for 170410 (302121)
		Writing entry for 170420 (303133)
		Writing entry for 180350 (303976)
		Writing entry for 180360 (304738)
		Writing entry for 180370 (305728)
		Writing entry for 180380 (308228)
		Writing entry for 180390 (311136)
		Writing entry for 180400 (314700)
		Writing entry for 180410 (318031)
		Writing entry for 180420 (320375)
		Writing entry for 180430 (323153)
		Writing entry for 180440 (325009)
		Writing entry for 180450 (325983)
		Writing entry for 180460 (326760)
		Writing entry for 190380 (327510)
		Writing entry for 190381 (328375)
		Writing entry for 190390 (329216)
		Writing entry for 190400 (330362)
		Writing entry for 190410 (332530)
		Writing entry for 190420 (335855)
		Writing entry for 190430 (338170)
		Writing entry for 190440 (341040)
		Writing entry for 190450 (343143)
		Writing entry for 190460 (344495)
		Writing entry for 190470 (345518)
		Writing entry for 190480 (346465)
		Writing entry for 200390 (347266)
		Writing entry for 200400 (348028)
		Writing entry for 200410 (349058)
		Writing entry for 200420 (351459)
		Writing entry for 200430 (354191)
		Writing entry for 200440 (356820)
		Writing entry for 200450 (360473)
		Writing entry for 200460 (363373)
		Writing entry for 200470 (366859)
		Writing entry for 200480 (369029)
		Writing entry for 200490 (371332)
		Writing entry for 210420 (372803)
		Writing entry for 210421 (373610)
		Writing entry for 210430 (374396)
		Writing entry for 210440 (375444)
		Writing entry for 210441 (377957)
		Writing entry for 210450 (379737)
		Writing entry for 210451 (383027)
		Writing entry for 210460 (386797)
		Writing entry for 210461 (389218)
		Writing entry for 210470 (392013)
		Writing entry for 210480 (395033)
		Writing entry for 210490 (397132)
		Writing entry for 210500 (398971)
		Writing entry for 210501 (399892)
		Writing entry for 220430 (400785)
		Writing entry for 220440 (401543)
		Writing entry for 220450 (402481)
		Writing entry for 220460 (404723)
		Writing entry for 220470 (406609)
		Writing entry for 220480 (408803)
		Writing entry for 220490 (412234)
		Writing entry for 220500 (415081)
		Writing entry for 220510 (417911)
		Writing entry for 220520 (419853)
		Writing entry for 220530 (420684)
		Writing entry for 230460 (421438)
		Writing entry for 230470 (422244)
		Writing entry for 230480 (423204)
		Writing entry for 230490 (424857)
		Writing entry for 230500 (427381)
		Writing entry for 230510 (430194)
		Writing entry for 230520 (433587)
		Writing entry for 230530 (435812)
		Writing entry for 230540 (436934)
		Writing entry for 240470 (437809)
		Writing entry for 240480 (438567)
		Writing entry for 240490 (439317)
		Writing entry for 240500 (440842)
		Writing entry for 240510 (441882)
		Writing entry for 240520 (444510)
		Writing entry for 240530 (448021)
		Writing entry for 240540 (450940)
		Writing entry for 240550 (453651)
		Writing entry for 240560 (455647)
		Writing entry for 240570 (457309)
		Writing entry for 240580 (458265)
		Writing entry for 250500 (459060)
		Writing entry for 250510 (459810)
		Writing entry for 250520 (460736)
		Writing entry for 250521 (462476)
		Writing entry for 250530 (464480)
		Writing entry for 250540 (467206)
		Writing entry for 250550 (470274)
		Writing entry for 250560 (473498)
		Writing entry for 250570 (476366)
		Writing entry for 250580 (478448)
		Writing entry for 250581 (479567)
		Writing entry for 250590 (480670)
		Writing entry for 250600 (481685)
		Writing entry for 260520 (482514)
		Writing entry for 260521 (483366)
		Writing entry for 260530 (484117)
		Writing entry for 260531 (485828)
		Writing entry for 260540 (486882)
		Writing entry for 260550 (488997)
		Writing entry for 260560 (492704)
		Writing entry for 260570 (496466)
		Writing entry for 260580 (499672)
		Writing entry for 260590 (503720)
		Writing entry for 260600 (506200)
		Writing entry for 260610 (509357)
		Writing entry for 260620 (511082)
		Writing entry for 260630 (511991)
		Writing entry for 260640 (512886)
		Writing entry for 270540 (513635)
		Writing entry for 270541 (514469)
		Writing entry for 270550 (515302)
		Writing entry for 270560 (516362)
		Writing entry for 270570 (518813)
		Writing entry for 270580 (521416)
		Writing entry for 270581 (524590)
		Writing entry for 270590 (527550)
		Writing entry for 270600 (530886)
		Writing entry for 270601 (533614)
		Writing entry for 270610 (536757)
		Writing entry for 270620 (539651)
		Writing entry for 270621 (541273)
		Writing entry for 270630 (542850)
		Writing entry for 270640 (544128)
		Writing entry for 270650 (545319)
		Writing entry for 270660 (546178)
		Writing entry for 280550 (547017)
		Writing entry for 280560 (547771)
		Writing entry for 280570 (548603)
		Writing entry for 280580 (550136)
		Writing entry for 280590 (551693)
		Writing entry for 280600 (553256)
		Writing entry for 280610 (555063)
		Writing entry for 280620 (557089)
		Writing entry for 280630 (560041)
		Writing entry for 280640 (563636)
		Writing entry for 280650 (567124)
		Writing entry for 280660 (570032)
		Writing entry for 280670 (571928)
		Writing entry for 280680 (574078)
		Writing entry for 280690 (575047)
		Writing entry for 280700 (575984)
		Writing entry for 280710 (576745)
		Writing entry for 290580 (577495)
		Writing entry for 290590 (578245)
		Writing entry for 290600 (578995)
		Writing entry for 290610 (579745)
		Writing entry for 290620 (580495)
		Writing entry for 290630 (581439)
		Writing entry for 290640 (582583)
		Writing entry for 290650 (585061)
		Writing entry for 290660 (587528)
		Writing entry for 290670 (589516)
		Writing entry for 290680 (591217)
		Writing entry for 290681 (593039)
		Writing entry for 290690 (594811)
		Writing entry for 290700 (595920)
		Writing entry for 290701 (596860)
		Writing entry for 290710 (597780)
		Writing entry for 290720 (598610)
		Writing entry for 300630 (599443)
		Writing entry for 300640 (600241)
		Writing entry for 300650 (601115)
		Writing entry for 300660 (602656)
		Writing entry for 300670 (604255)
		Writing entry for 300680 (605830)
		Writing entry for 300690 (607479)
		Writing entry for 300691 (609756)
		Writing entry for 300700 (611289)
		Writing entry for 300710 (612820)
		Writing entry for 300711 (614403)
		Writing entry for 300720 (615940)
		Writing entry for 300730 (616690)
		Writing entry for 300731 (618157)
		Writing entry for 310690 (619603)
		Writing entry for 310710 (620375)
		Writing entry for 310720 (621147)
		Writing entry for 310730 (621897)
		Writing entry for 310740 (622669)
		Writing entry for 310750 (623419)
		Writing entry for 310760 (624169)
		Finished converting to binary with 292 parents.
		Appended index to file.
	Exiting after library conversion.
