ALARA 2.9.1rc
Set verbose level to 3.
Openned tree file ref_new/sample1.tree.
	Openned sample1 for input.
Starting problem input processing.
	Reading input.
		Writing entry for 10010 (28)
		Writing entry for 10020 (769)
		Writing entry for 10030 (1672)
		Writing entry for 20030 (1816)
		Writing entry for 20060 (4297)
		Writing entry for 30050 (4343)
		Writing entry for 30060 (4411)
		Writing entry for 30070 (7456)
		Writing entry for 30080 (8923)
		Writing GAMMA entry for 30090 (28)
		Writing entry for 30090 (8969)
		Writing entry for 40060 (9037)
		Writing GAMMA entry for 40070 (56)
		Writing entry for 40070 (9105)
		Writing entry for 40080 (12717)
		Writing entry for 40090 (12766)
		Writing entry for 40100 (14639)
		Writing GAMMA entry for 40110 (84)
		Writing entry for 40110 (15844)
		Writing entry for 50080 (15915)
		Writing entry for 50090 (15961)
		Writing entry for 50100 (16029)
		Writing entry for 50110 (21560)
		Writing GAMMA entry for 50120 (168)
		Writing entry for 50120 (23061)
		Writing GAMMA entry for 50130 (196)
		Writing entry for 50130 (23132)
		Writing entry for 60090 (23200)
		Writing GAMMA entry for 60100 (248)
		Writing entry for 60100 (23246)
		Writing GAMMA entry for 60110 (284)
		Writing entry for 60110 (23292)
		Writing entry for 60120 (23338)
		Writing entry for 60130 (24623)
		Writing entry for 60140 (26163)
		Writing GAMMA entry for 60150 (312)
		Writing entry for 60150 (27300)
		Writing GAMMA entry for 70120 (372)
		Writing entry for 70120 (27346)
		Writing GAMMA entry for 70130 (444)
		Writing entry for 70130 (27392)
		Writing entry for 70140 (27438)
		Writing entry for 70150 (31238)
		Writing GAMMA entry for 70160 (472)
		Writing entry for 70160 (32883)
		Writing GAMMA entry for 70170 (572)
		Writing entry for 70170 (32954)
		Writing GAMMA entry for 70180 (608)
		Writing entry for 70180 (33000)
		Writing GAMMA entry for 80140 (660)
		Writing entry for 80140 (33046)
		Writing GAMMA entry for 80150 (724)
		Writing entry for 80150 (33092)
		Writing entry for 80160 (33138)
		Writing entry for 80170 (34860)
		Writing entry for 80180 (37821)
		Writing GAMMA entry for 80190 (752)
		Writing entry for 80190 (39433)
		Writing GAMMA entry for 80200 (836)
		Writing entry for 80200 (39479)
		Writing entry for 90170 (39525)
		Writing GAMMA entry for 90180 (904)
		Writing entry for 90180 (39571)
		Writing entry for 90190 (39617)
		Writing GAMMA entry for 90200 (932)
		Writing entry for 90200 (41888)
		Writing GAMMA entry for 90210 (968)
		Writing entry for 90210 (41934)
		Writing GAMMA entry for 90220 (1012)
		Writing entry for 90220 (41980)
		Writing GAMMA entry for 90230 (1144)
		Writing entry for 90230 (42026)
		Writing GAMMA entry for 100180 (1300)
		Writing entry for 100180 (42072)
		Writing GAMMA entry for 100190 (1372)
		Writing entry for 100190 (42118)
		Writing entry for 100200 (42164)
		Writing entry for 100210 (44200)
		Writing entry for 100220 (47251)
		Writing GAMMA entry for 100230 (1428)
		Writing entry for 100230 (48777)
		Writing GAMMA entry for 100240 (1488)
		Writing entry for 100240 (48823)
		Writing GAMMA entry for 100250 (1524)
		Writing entry for 100250 (48869)
		Writing GAMMA entry for 110200 (1592)
		Writing entry for 110200 (48915)
		Writing GAMMA entry for 110210 (1704)
		Writing entry for 110210 (48961)
		Writing GAMMA entry for 110220 (1752)
		Writing entry for 110220 (49007)
		Writing entry for 110230 (53560)
		Writing GAMMA entry for 110240 (1808)
		Writing entry for 110240 (56169)
		Writing GAMMA entry for 110241 (1904)
		Writing entry for 110241 (58734)
		Writing GAMMA entry for 110250 (1932)
		Writing entry for 110250 (58802)
		Writing GAMMA entry for 110260 (2032)
		Writing entry for 110260 (58848)
		Writing GAMMA entry for 110270 (2204)
		Writing entry for 110270 (58894)
		Writing GAMMA entry for 110280 (2240)
		Writing entry for 110280 (58940)
		Writing GAMMA entry for 120220 (2300)
		Writing entry for 120220 (58986)
		Writing GAMMA entry for 120230 (2372)
		Writing entry for 120230 (59032)
		Writing entry for 120240 (59078)
		Writing entry for 120250 (61052)
		Writing entry for 120260 (63369)
		Writing GAMMA entry for 120270 (2436)
		Writing entry for 120270 (64967)
		Writing GAMMA entry for 120280 (2480)
		Writing entry for 120280 (65013)
		Writing GAMMA entry for 120290 (2608)
		Writing entry for 120290 (66437)
		Writing GAMMA entry for 130240 (2724)
		Writing entry for 130240 (66483)
		Writing GAMMA entry for 130241 (2956)
		Writing entry for 130241 (66529)
		Writing GAMMA entry for 130250 (3028)
		Writing entry for 130250 (66597)
		Writing GAMMA entry for 130260 (3100)
		Writing entry for 130260 (66643)
		Writing GAMMA entry for 130261 (3180)
		Writing entry for 130261 (71672)
		Writing entry for 130270 (71718)
		Writing GAMMA entry for 130280 (3208)
		Writing entry for 130280 (74100)
		Writing GAMMA entry for 130290 (3236)
		Writing entry for 130290 (74146)
		Writing GAMMA entry for 130300 (3336)
		Writing entry for 130300 (74192)
		Writing GAMMA entry for 130310 (3468)
		Writing entry for 130310 (74238)
		Writing GAMMA entry for 130320 (3536)
		Writing entry for 130320 (74284)
		Writing GAMMA entry for 140260 (3564)
		Writing entry for 140260 (74330)
		Writing GAMMA entry for 140270 (3636)
		Writing entry for 140270 (74376)
		Writing entry for 140280 (74422)
		Writing entry for 140290 (76356)
		Writing entry for 140300 (78991)
		Writing GAMMA entry for 140310 (3716)
		Writing entry for 140310 (80669)
		Writing entry for 140320 (82512)
		Writing GAMMA entry for 140330 (3744)
		Writing entry for 140330 (83944)
		Writing GAMMA entry for 140340 (3796)
		Writing entry for 140340 (83990)
		Writing GAMMA entry for 150280 (3840)
		Writing entry for 150280 (84036)
		Writing GAMMA entry for 150290 (4008)
		Writing entry for 150290 (84082)
		Writing GAMMA entry for 150300 (4104)
		Writing entry for 150300 (84128)
		Writing entry for 150310 (84174)
		Writing entry for 150320 (86519)
		Writing entry for 150330 (90138)
		Writing GAMMA entry for 150340 (4152)
		Writing entry for 150340 (92089)
		Writing GAMMA entry for 150350 (4220)
		Writing entry for 150350 (92135)
		Writing GAMMA entry for 150360 (4256)
		Writing entry for 150360 (92181)
		Writing GAMMA entry for 160300 (4444)
		Writing entry for 160300 (92227)
		Writing GAMMA entry for 160310 (4516)
		Writing entry for 160310 (92273)
		Writing entry for 160320 (92319)
		Writing entry for 160330 (95803)
		Writing entry for 160340 (100253)
		Writing entry for 160350 (102196)
		Writing entry for 160360 (105407)
		Writing GAMMA entry for 160370 (4596)
		Writing entry for 160370 (107091)
		Writing GAMMA entry for 160380 (4648)
		Writing entry for 160380 (107137)
		Writing GAMMA entry for 160390 (4708)
		Writing entry for 160390 (107183)
		Writing entry for 160400 (107229)
		Writing GAMMA entry for 170320 (4784)
		Writing entry for 170320 (107275)
		Writing GAMMA entry for 170330 (4968)
		Writing entry for 170330 (107321)
		Writing GAMMA entry for 170340 (5072)
		Writing entry for 170340 (107367)
		Writing GAMMA entry for 170341 (5100)
		Writing entry for 170341 (107413)
		Writing entry for 170350 (107481)
		Writing GAMMA entry for 170360 (5260)
		Writing entry for 170360 (112065)
		Writing entry for 170370 (116627)
		Writing GAMMA entry for 170380 (5312)
		Writing entry for 170380 (119620)
		Writing GAMMA entry for 170381 (5356)
		Writing entry for 170381 (119666)
		Writing GAMMA entry for 170390 (5384)
		Writing entry for 170390 (119712)
		Writing GAMMA entry for 170400 (5492)
		Writing entry for 170400 (119758)
		Writing entry for 170410 (119804)
		Writing entry for 170420 (119850)
		Writing GAMMA entry for 180340 (6064)
		Writing entry for 180340 (119896)
		Writing GAMMA entry for 180350 (6144)
		Writing entry for 180350 (119942)
		Writing entry for 180360 (119988)
		Writing GAMMA entry for 180370 (6280)
		Writing entry for 180370 (124485)
		Writing entry for 180380 (129018)
		Writing entry for 180390 (131639)
		Writing entry for 180400 (135087)
		Writing GAMMA entry for 180410 (6324)
		Writing entry for 180410 (137100)
		Writing entry for 180420 (139445)
		Writing GAMMA entry for 180430 (6360)
		Writing entry for 180430 (141127)
		Writing GAMMA entry for 180440 (7060)
		Writing entry for 180440 (141173)
		Writing GAMMA entry for 180450 (7296)
		Writing entry for 180450 (141219)
		Writing GAMMA entry for 180460 (7728)
		Writing entry for 180460 (141265)
		Writing GAMMA entry for 190360 (7780)
		Writing entry for 190360 (141311)
		Writing GAMMA entry for 190370 (8084)
		Writing entry for 190370 (141423)
		Writing GAMMA entry for 190380 (8148)
		Writing entry for 190380 (141469)
		Writing GAMMA entry for 190381 (8212)
		Writing entry for 190381 (141515)
		Writing entry for 190390 (141561)
		Writing GAMMA entry for 190400 (8240)
		Writing entry for 190400 (146194)
		Writing entry for 190410 (150897)
		Writing GAMMA entry for 190420 (8312)
		Writing entry for 190420 (154098)
		Writing GAMMA entry for 190430 (8396)
		Writing entry for 190430 (158658)
		Writing GAMMA entry for 190440 (8532)
		Writing entry for 190440 (160735)
		Writing GAMMA entry for 190450 (9564)
		Writing entry for 190450 (160781)
		Writing GAMMA entry for 190460 (9992)
		Writing entry for 190460 (160827)
		Writing GAMMA entry for 190470 (10140)
		Writing entry for 190470 (160873)
		Writing GAMMA entry for 190480 (10208)
		Writing entry for 190480 (160919)
		Writing GAMMA entry for 200380 (10388)
		Writing entry for 200380 (160965)
		Writing GAMMA entry for 200390 (10460)
		Writing entry for 200390 (161011)
		Writing entry for 200400 (161057)
		Writing GAMMA entry for 200410 (10516)
		Writing entry for 200410 (164743)
		Writing entry for 200420 (169296)
		Writing entry for 200430 (172551)
		Writing entry for 200440 (175474)
		Writing GAMMA entry for 200450 (10560)
		Writing entry for 200450 (177376)
		Writing entry for 200460 (179667)
		Writing GAMMA entry for 200470 (10624)
		Writing entry for 200470 (181311)
		Writing entry for 200480 (183077)
		Writing GAMMA entry for 200490 (10736)
		Writing entry for 200490 (184363)
		Writing GAMMA entry for 210400 (10844)
		Writing entry for 210400 (184409)
		Writing GAMMA entry for 210410 (10964)
		Writing entry for 210410 (184521)
		Writing GAMMA entry for 210420 (11044)
		Writing entry for 210420 (184567)
		Writing GAMMA entry for 210421 (11124)
		Writing entry for 210421 (184613)
		Writing GAMMA entry for 210430 (11244)
		Writing entry for 210430 (184659)
		Writing GAMMA entry for 210440 (11356)
		Writing entry for 210440 (184705)
		Writing GAMMA entry for 210441 (11460)
		Writing entry for 210441 (184751)
		Writing entry for 210450 (190864)
		Writing GAMMA entry for 210451 (11572)
		Writing entry for 210451 (195768)
		Writing GAMMA entry for 210460 (11624)
		Writing entry for 210460 (195814)
		Writing GAMMA entry for 210461 (11704)
		Writing entry for 210461 (200802)
		Writing GAMMA entry for 210470 (11776)
		Writing entry for 210470 (200848)
		Writing GAMMA entry for 210480 (11840)
		Writing entry for 210480 (203242)
		Writing GAMMA entry for 210490 (11900)
		Writing entry for 210490 (206594)
		Writing GAMMA entry for 210500 (11936)
		Writing entry for 210500 (206640)
		Writing GAMMA entry for 210501 (12036)
		Writing entry for 210501 (206686)
		Writing GAMMA entry for 220420 (12108)
		Writing entry for 220420 (206754)
		Writing GAMMA entry for 220430 (12212)
		Writing entry for 220430 (206800)
		Writing GAMMA entry for 220440 (12264)
		Writing entry for 220440 (206846)
		Writing GAMMA entry for 220450 (12352)
		Writing entry for 220450 (212152)
		Writing entry for 220460 (217597)
		Writing entry for 220470 (220815)
		Writing entry for 220480 (224546)
		Writing entry for 220490 (226556)
		Writing entry for 220500 (229703)
		Writing GAMMA entry for 220510 (12536)
		Writing entry for 220510 (231627)
		Writing GAMMA entry for 220520 (12616)
		Writing entry for 220520 (231673)
		Writing GAMMA entry for 220530 (12696)
		Writing entry for 220530 (231719)
		Writing entry for 230440 (231765)
		Writing GAMMA entry for 230450 (12876)
		Writing entry for 230450 (231855)
		Writing GAMMA entry for 230460 (12956)
		Writing entry for 230460 (231901)
		Writing GAMMA entry for 230470 (12984)
		Writing entry for 230470 (231947)
		Writing GAMMA entry for 230480 (13152)
		Writing entry for 230480 (231993)
		Writing GAMMA entry for 230490 (13252)
		Writing entry for 230490 (237462)
		Writing GAMMA entry for 230500 (13296)
		Writing entry for 230500 (241509)
		Writing entry for 230510 (246088)
		Writing GAMMA entry for 230520 (13368)
		Writing entry for 230520 (248498)
		Writing GAMMA entry for 230530 (13536)
		Writing entry for 230530 (248544)
		Writing GAMMA entry for 230540 (13612)
		Writing entry for 230540 (248590)
		Writing GAMMA entry for 240460 (13824)
		Writing entry for 240460 (248636)
		Writing GAMMA entry for 240470 (13876)
		Writing entry for 240470 (248682)
		Writing GAMMA entry for 240480 (13948)
		Writing entry for 240480 (248728)
		Writing GAMMA entry for 240490 (14044)
		Writing entry for 240490 (253262)
		Writing entry for 240500 (253308)
		Writing GAMMA entry for 240510 (14204)
		Writing entry for 240510 (255432)
		Writing entry for 240520 (259882)
		Writing entry for 240530 (261770)
		Writing entry for 240540 (263980)
		Writing GAMMA entry for 240550 (14268)
		Writing entry for 240550 (265718)
		Writing GAMMA entry for 240560 (14380)
		Writing entry for 240560 (265764)
		Writing GAMMA entry for 240570 (14460)
		Writing entry for 240570 (265810)
		Writing entry for 240580 (265856)
		Writing entry for 250480 (265902)
		Writing GAMMA entry for 250490 (14724)
		Writing entry for 250490 (265948)
		Writing GAMMA entry for 250500 (14772)
		Writing entry for 250500 (265994)
		Writing GAMMA entry for 250501 (14800)
		Writing entry for 250501 (266040)
		Writing GAMMA entry for 250510 (14984)
		Writing entry for 250510 (266086)
		Writing GAMMA entry for 250520 (15144)
		Writing entry for 250520 (266132)
		Writing GAMMA entry for 250521 (15384)
		Writing entry for 250521 (271104)
		Writing GAMMA entry for 250530 (15576)
		Writing entry for 250530 (271172)
		Writing GAMMA entry for 250540 (15628)
		Writing entry for 250540 (275733)
		Writing entry for 250550 (280269)
		Writing GAMMA entry for 250560 (15716)
		Writing entry for 250560 (282784)
		Writing GAMMA entry for 250570 (15816)
		Writing entry for 250570 (282830)
		Writing GAMMA entry for 250580 (15972)
		Writing entry for 250580 (282876)
		Writing entry for 250581 (282922)
		Writing GAMMA entry for 250590 (16296)
		Writing entry for 250590 (282968)
		Writing GAMMA entry for 250600 (16388)
		Writing entry for 250600 (283014)
		Writing entry for 260500 (283060)
		Writing GAMMA entry for 260510 (16464)
		Writing entry for 260510 (283106)
		Writing GAMMA entry for 260520 (16512)
		Writing entry for 260520 (283152)
		Writing GAMMA entry for 260521 (16600)
		Writing entry for 260521 (283198)
		Writing GAMMA entry for 260530 (16704)
		Writing entry for 260530 (283266)
		Writing GAMMA entry for 260531 (16848)
		Writing entry for 260531 (283312)
		Writing entry for 260540 (283358)
		Writing GAMMA entry for 260550 (16916)
		Writing entry for 260550 (286923)
		Writing entry for 260560 (291398)
		Writing entry for 260570 (293271)
		Writing entry for 260580 (295575)
		Writing GAMMA entry for 260590 (16960)
		Writing entry for 260590 (297535)
		Writing GAMMA entry for 260600 (17080)
		Writing entry for 260600 (300816)
		Writing GAMMA entry for 260610 (17152)
		Writing entry for 260610 (302742)
		Writing GAMMA entry for 260620 (17556)
		Writing entry for 260620 (302788)
		Writing GAMMA entry for 260630 (17584)
		Writing entry for 260630 (302834)
		Writing entry for 260640 (302880)
		Writing entry for 260650 (302926)
		Writing GAMMA entry for 270540 (17756)
		Writing entry for 270540 (302972)
		Writing GAMMA entry for 270541 (17784)
		Writing entry for 270541 (303018)
		Writing GAMMA entry for 270550 (17880)
		Writing entry for 270550 (303064)
		Writing GAMMA entry for 270560 (18128)
		Writing entry for 270560 (308545)
		Writing GAMMA entry for 270570 (18552)
		Writing entry for 270570 (313321)
		Writing GAMMA entry for 270580 (18688)
		Writing entry for 270580 (318642)
		Writing GAMMA entry for 270581 (18776)
		Writing entry for 270581 (322823)
		Writing entry for 270590 (327223)
		Writing GAMMA entry for 270600 (18840)
		Writing entry for 270600 (331530)
		Writing GAMMA entry for 270601 (18944)
		Writing entry for 270601 (336617)
		Writing GAMMA entry for 270610 (19056)
		Writing entry for 270610 (336685)
		Writing GAMMA entry for 270620 (19100)
		Writing entry for 270620 (336731)
		Writing GAMMA entry for 270621 (19224)
		Writing entry for 270621 (336777)
		Writing GAMMA entry for 270630 (19340)
		Writing entry for 270630 (336845)
		Writing GAMMA entry for 270640 (19408)
		Writing entry for 270640 (336891)
		Writing entry for 270650 (336937)
		Writing GAMMA entry for 270660 (19452)
		Writing entry for 270660 (336983)
		Writing GAMMA entry for 280550 (19496)
		Writing entry for 280550 (337029)
		Writing GAMMA entry for 280560 (19548)
		Writing entry for 280560 (337075)
		Writing GAMMA entry for 280570 (19660)
		Writing entry for 280570 (341932)
		Writing entry for 280580 (346748)
		Writing GAMMA entry for 280590 (19916)
		Writing entry for 280590 (351771)
		Writing entry for 280600 (356490)
		Writing entry for 280610 (358892)
		Writing entry for 280620 (362163)
		Writing entry for 280630 (364784)
		Writing entry for 280640 (368172)
		Writing GAMMA entry for 280650 (19968)
		Writing entry for 280650 (370198)
		Writing entry for 280660 (370244)
		Writing GAMMA entry for 280670 (20104)
		Writing entry for 280670 (372008)
		Writing entry for 280680 (372054)
		Writing GAMMA entry for 280690 (20252)
		Writing entry for 280690 (372100)
		Writing entry for 280700 (372146)
		Writing entry for 280710 (372192)
		Writing entry for 290560 (372238)
		Writing GAMMA entry for 290570 (20488)
		Writing entry for 290570 (372284)
		Writing GAMMA entry for 290580 (20536)
		Writing entry for 290580 (372330)
		Writing GAMMA entry for 290590 (20784)
		Writing entry for 290590 (372376)
		Writing GAMMA entry for 290600 (21040)
		Writing entry for 290600 (372422)
		Writing GAMMA entry for 290610 (21816)
		Writing entry for 290610 (372468)
		Writing GAMMA entry for 290620 (22160)
		Writing entry for 290620 (372514)
		Writing entry for 290630 (372560)
		Writing GAMMA entry for 290640 (22352)
		Writing entry for 290640 (377961)
		Writing entry for 290650 (382826)
		Writing GAMMA entry for 290660 (22424)
		Writing entry for 290660 (386115)
		Writing GAMMA entry for 290670 (22468)
		Writing entry for 290670 (386161)
		Writing GAMMA entry for 290680 (22580)
		Writing entry for 290680 (389204)
		Writing GAMMA entry for 290681 (22680)
		Writing entry for 290681 (389250)
		Writing GAMMA entry for 290690 (23000)
		Writing entry for 290690 (389318)
		Writing GAMMA entry for 290700 (23156)
		Writing entry for 290700 (389364)
		Writing GAMMA entry for 290701 (23192)
		Writing entry for 290701 (389410)
		Writing GAMMA entry for 290710 (23316)
		Writing entry for 290710 (389456)
		Writing GAMMA entry for 290720 (23440)
		Writing entry for 290720 (389502)
		Writing entry for 300580 (389548)
		Writing GAMMA entry for 300590 (23660)
		Writing entry for 300590 (389594)
		Writing GAMMA entry for 300600 (23740)
		Writing entry for 300600 (389640)
		Writing GAMMA entry for 300610 (23868)
		Writing entry for 300610 (389686)
		Writing GAMMA entry for 300620 (24308)
		Writing entry for 300620 (389732)
		Writing GAMMA entry for 300630 (24596)
		Writing entry for 300630 (389778)
		Writing entry for 300640 (389824)
		Writing GAMMA entry for 300650 (25172)
		Writing entry for 300650 (393311)
		Writing entry for 300660 (398050)
		Writing entry for 300670 (401562)
		Writing entry for 300680 (406184)
		Writing GAMMA entry for 300690 (25260)
		Writing entry for 300690 (410367)
		Writing GAMMA entry for 300691 (25296)
		Writing entry for 300691 (410413)
		Writing entry for 300700 (414872)
		Writing GAMMA entry for 300710 (25376)
		Writing entry for 300710 (418382)
		Writing GAMMA entry for 300711 (25588)
		Writing entry for 300711 (418428)
		Writing GAMMA entry for 300720 (26096)
		Writing entry for 300720 (418496)
		Writing GAMMA entry for 300730 (26232)
		Writing entry for 300730 (421393)
		Writing entry for 300731 (421439)
		Writing GAMMA entry for 300740 (26432)
		Writing entry for 300740 (421507)
		Writing GAMMA entry for 300750 (26644)
		Writing entry for 300750 (421553)
		Writing entry for 300760 (421599)
		Finished converting to binary with 329 parents.
		Appended index to file.
		Finished converting to binary with 217 parents.
		Appended index to file.
	Exiting after library conversion.
