ALARA 2.7.2
Set verbose level to 3.
Openned tree file ref_out/sample8.tree.
	Openned sample8 for input.
Starting problem input processing.
	Reading input.
		Set geometry type: rectangular.
		Reading zone boundaries for Dimension x:
		Reading the material loading for this problem.
		Openned material library ./data/sampleMatlib
		Openned element library ./data/myElelib
		Reading constituent list for Mixture inner_mix with constituents:
		Added Flux flux_1 from file data/fluxin1 with normalization 1, format code 1, and skipping 1 entries.
		Reading items for schedule 1_year.
		Reading pulsing levels for History steady_state:
		Openning DataLib with type alaralib
		Reading after-shutdown cooling times.
		Added output at resolution 1 (interval)
		Truncation parameters set at 1e-06 for truncation and 1e-08 for ignore.
	Cross-checking input for completeness and self-consistency.
		Checking for all internally referenced mixtures.
		Checking for all mixtures referenced in material loading.
		Checking that dimension types match geometry type: Rectangular.
		Number of zones defined by zone dimensions (2) matches number of material loadings defined.(2)
		Checking for all sub-schedules, fluxes and pulsing histories referenced in schedules.


***Please review this schedule hierarchy.!!!!!!!!!!

Schedule '1_year':
	pulse: 5 y with 0 s delay pulsed with history steady_state

***End of schedule hierarchy.


	Preprocessing input.
		Replacing all 'similar' constituents and removing unused mixtures.
		Converting zone boundaries into list of intervals.
		Cross-referencing intervals with mixtures.
		Assigning 1 fluxes to each interval
		Making list of root isotopes.
		Processing pulsing histories.
		Processing schedule hierarchy.
		Processing cooling times.
		Collapsing schedules from top.
		Making storage hierarchies in intervals.
Starting problem solution.
		Solving Root #1: fe-54 
		   Maximum relative concentration: 0.059
		      last Root: 833 nodes in 244 chains with maximum length 8.
		                 in 0.140 s (5950.000 nodes/s)
		   Total so far: 833 nodes in 244 chains with maximum length 8.
		                 in 0.17 s (4900.000 nodes/s)
		Solving Root #2: fe-56 
		   Maximum relative concentration: 0.9172
		      last Root: 475 nodes in 145 chains with maximum length 7.
		                 in 0.100 s (4750.000 nodes/s)
		   Total so far: 1308 nodes in 389 chains with maximum length 8.
		                 in 0.27 s (4844.444 nodes/s)
		Solving Root #3: fe-57 
		   Maximum relative concentration: 0.021
		      last Root: 522 nodes in 138 chains with maximum length 8.
		                 in 0.100 s (5220.001 nodes/s)
		   Total so far: 1830 nodes in 527 chains with maximum length 8.
		                 in 0.37 s (4945.946 nodes/s)
		Solving Root #4: fe-58 
		   Maximum relative concentration: 0.0028
		      last Root: 892 nodes in 213 chains with maximum length 9.
		                 in 0.170 s (5247.059 nodes/s)
		   Total so far: 2722 nodes in 740 chains with maximum length 9.
		                 in 0.54 s (5040.741 nodes/s)
	Solved problem.
	Reset binary dump with 5 results per isotope.
		Read dump file.
		Tallying constituent results into total result lists.
Interval output requested:
	Response Units: Bq /cm3
	Number Density [atoms/cm3]
	Contact Dose [ Sv/hr] : data/ANS6_4_3
	Folded (Adjoint/Biological) Dose [Sv/hr] : data/adjfile2.gam


*** Number Density [atoms/cm3] ***

Interval #1 (Zone: inner_zone) :
	Relative Volume: 3.33333
	Containing mixture: inner_mix

Total (All constituents) 
	COMPACTED

Number Density [atoms/cm3]
isotope	 shutdown         1 d       100 d         1 y       100 y   
====================================================================
h-1 	3.3155e+20  3.3155e+20  3.3155e+20  3.3155e+20  3.3155e+20  
h-2 	1.0138e+19  1.0138e+19  1.0138e+19  1.0138e+19  1.0138e+19  
h-3 	2.0631e+16  2.0628e+16  2.0316e+16  1.9507e+16  7.6110e+13  
he-3 	1.3086e+14  1.3403e+14  4.4597e+14  1.2549e+15  2.0686e+16  
he-4 	6.0204e+19  6.0204e+19  6.0204e+19  6.0204e+19  6.0204e+19  
sc-48 	2.8145e+12  1.9229e+12  8.0447e-05  0.0000e+00  0.0000e+00  
ti-48 	1.1127e+15  1.1135e+15  1.1155e+15  1.1155e+15  1.1155e+15  
ti-49 	1.8588e+14  1.8596e+14  1.9350e+14  2.0739e+14  2.2613e+14  
ti-50 	3.2460e+16  3.2460e+16  3.2460e+16  3.2460e+16  3.2460e+16  
ti-51 	4.7153e+10  0.0000e+00  0.0000e+00  0.0000e+00  0.0000e+00  
v-49 	4.0247e+13  4.0162e+13  3.2622e+13  1.8736e+13  2.5134e-20  
v-50 	6.0390e+16  6.0390e+16  6.0390e+16  6.0390e+16  6.0390e+16  
v-51 	7.3907e+18  7.3948e+18  7.5438e+18  7.5575e+18  7.5575e+18  
v-52 	9.5317e+11  0.0000e+00  0.0000e+00  0.0000e+00  0.0000e+00  
v-53 	3.4226e+10  0.0000e+00  0.0000e+00  0.0000e+00  0.0000e+00  
v-54 	4.6703e+09  0.0000e+00  0.0000e+00  0.0000e+00  0.0000e+00  
cr-50 	1.9923e+16  1.9923e+16  1.9923e+16  1.9923e+16  1.9923e+16  
cr-51 	1.6678e+17  1.6266e+17  1.3666e+16  1.8503e+13  0.0000e+00  
cr-52 	1.7389e+18  1.7389e+18  1.7393e+18  1.7393e+18  1.7393e+18  
cr-53 	4.6609e+19  4.6609e+19  4.6609e+19  4.6609e+19  4.6610e+19  
cr-54 	4.8124e+19  4.8159e+19  5.1317e+19  5.7016e+19  6.4168e+19  
cr-55 	8.5568e+11  0.0000e+00  0.0000e+00  0.0000e+00  0.0000e+00  
cr-56 	3.4747e+07  0.0000e+00  0.0000e+00  0.0000e+00  0.0000e+00  
mn-52 	3.4907e+14  3.0837e+14  1.4426e+09  8.8305e-06  0.0000e+00  
mn-52m	2.0049e+11  5.7262e-10  0.0000e+00  0.0000e+00  0.0000e+00  
mn-53 	4.1560e+19  4.1560e+19  4.1560e+19  4.1560e+19  4.1559e+19  
mn-54 	1.6045e+19  1.6009e+19  1.2851e+19  7.1526e+18  1.3148e-16  
mn-55 	2.9004e+20  2.9025e+20  3.1061e+20  3.5852e+20  5.9690e+20  
mn-56 	1.7128e+16  2.7061e+13  0.0000e+00  0.0000e+00  0.0000e+00  
mn-57 	4.5965e+12  0.0000e+00  0.0000e+00  0.0000e+00  0.0000e+00  
mn-58 	3.7108e+10  0.0000e+00  0.0000e+00  0.0000e+00  0.0000e+00  
mn-58m	7.1924e+08  0.0000e+00  0.0000e+00  0.0000e+00  0.0000e+00  
mn-59 	5.1813e+05  0.0000e+00  0.0000e+00  0.0000e+00  0.0000e+00  
fe-53 	1.3018e+12  0.0000e+00  0.0000e+00  0.0000e+00  0.0000e+00  
fe-54 	4.7968e+21  4.7968e+21  4.7968e+21  4.7968e+21  4.7968e+21  
fe-55 	3.0686e+20  3.0665e+20  2.8629e+20  2.3837e+20  3.2997e+09  
fe-56 	7.5521e+22  7.5521e+22  7.5521e+22  7.5521e+22  7.5521e+22  
fe-57 	3.3628e+21  3.3628e+21  3.3628e+21  3.3628e+21  3.3628e+21  
fe-58 	2.8443e+20  2.8443e+20  2.8443e+20  2.8443e+20  2.8443e+20  
fe-59 	1.0501e+17  1.0339e+17  2.2120e+16  3.6223e+14  0.0000e+00  
fe-60 	1.8588e+15  1.8588e+15  1.8588e+15  1.8588e+15  1.8587e+15  
fe-61 	3.3687e+07  0.0000e+00  0.0000e+00  0.0000e+00  0.0000e+00  
co-58 	3.4951e+14  3.4849e+14  1.3248e+14  1.0014e+13  0.0000e+00  
co-58m	2.8353e+12  4.4102e+11  0.0000e+00  0.0000e+00  0.0000e+00  
co-59 	2.2105e+18  2.2121e+18  2.2934e+18  2.3151e+18  2.3155e+18  
co-60 	3.1510e+17  3.1499e+17  3.0396e+17  2.7640e+17  6.4227e+11  
co-60m	2.5382e+12  0.0000e+00  0.0000e+00  0.0000e+00  0.0000e+00  
co-61 	3.0039e+11  1.2564e+07  0.0000e+00  0.0000e+00  0.0000e+00  
ni-59 	8.5340e+13  8.5340e+13  8.5340e+13  8.5339e+13  8.5262e+13  
ni-60 	7.1446e+16  7.1560e+16  8.2588e+16  1.1014e+17  3.8655e+17  
ni-61 	2.3246e+15  2.3249e+15  2.3249e+15  2.3249e+15  2.3249e+15  
ni-62 	9.7766e+12  9.7766e+12  9.7766e+12  9.7766e+12  9.7766e+12  
====================================================================
total	8.5128e+22  8.5128e+22  8.5128e+22  8.5128e+22  8.5128e+22  

Interval #2 (Zone: inner_zone) :
	Relative Volume: 3.33333
	Containing mixture: inner_mix

Total (All constituents) 
	COMPACTED

Number Density [atoms/cm3]
isotope	 shutdown         1 d       100 d         1 y       100 y   
====================================================================
h-1 	3.3155e+20  3.3155e+20  3.3155e+20  3.3155e+20  3.3155e+20  
h-2 	1.0138e+19  1.0138e+19  1.0138e+19  1.0138e+19  1.0138e+19  
h-3 	2.0631e+16  2.0628e+16  2.0316e+16  1.9507e+16  7.6110e+13  
he-3 	1.3086e+14  1.3403e+14  4.4597e+14  1.2549e+15  2.0686e+16  
he-4 	6.0204e+19  6.0204e+19  6.0204e+19  6.0204e+19  6.0204e+19  
sc-48 	2.8145e+12  1.9229e+12  8.0447e-05  0.0000e+00  0.0000e+00  
ti-48 	1.1127e+15  1.1135e+15  1.1155e+15  1.1155e+15  1.1155e+15  
ti-49 	1.8588e+14  1.8596e+14  1.9350e+14  2.0739e+14  2.2613e+14  
ti-50 	3.2460e+16  3.2460e+16  3.2460e+16  3.2460e+16  3.2460e+16  
ti-51 	4.7153e+10  0.0000e+00  0.0000e+00  0.0000e+00  0.0000e+00  
v-49 	4.0247e+13  4.0162e+13  3.2622e+13  1.8736e+13  2.5134e-20  
v-50 	6.0390e+16  6.0390e+16  6.0390e+16  6.0390e+16  6.0390e+16  
v-51 	7.3907e+18  7.3948e+18  7.5438e+18  7.5575e+18  7.5575e+18  
v-52 	9.5317e+11  0.0000e+00  0.0000e+00  0.0000e+00  0.0000e+00  
v-53 	3.4226e+10  0.0000e+00  0.0000e+00  0.0000e+00  0.0000e+00  
v-54 	4.6703e+09  0.0000e+00  0.0000e+00  0.0000e+00  0.0000e+00  
cr-50 	1.9923e+16  1.9923e+16  1.9923e+16  1.9923e+16  1.9923e+16  
cr-51 	1.6678e+17  1.6266e+17  1.3666e+16  1.8503e+13  0.0000e+00  
cr-52 	1.7389e+18  1.7389e+18  1.7393e+18  1.7393e+18  1.7393e+18  
cr-53 	4.6609e+19  4.6609e+19  4.6609e+19  4.6609e+19  4.6610e+19  
cr-54 	4.8124e+19  4.8159e+19  5.1317e+19  5.7016e+19  6.4168e+19  
cr-55 	8.5568e+11  0.0000e+00  0.0000e+00  0.0000e+00  0.0000e+00  
cr-56 	3.4747e+07  0.0000e+00  0.0000e+00  0.0000e+00  0.0000e+00  
mn-52 	3.4907e+14  3.0837e+14  1.4426e+09  8.8305e-06  0.0000e+00  
mn-52m	2.0049e+11  5.7262e-10  0.0000e+00  0.0000e+00  0.0000e+00  
mn-53 	4.1560e+19  4.1560e+19  4.1560e+19  4.1560e+19  4.1559e+19  
mn-54 	1.6045e+19  1.6009e+19  1.2851e+19  7.1526e+18  1.3148e-16  
mn-55 	2.9004e+20  2.9025e+20  3.1061e+20  3.5852e+20  5.9690e+20  
mn-56 	1.7128e+16  2.7061e+13  0.0000e+00  0.0000e+00  0.0000e+00  
mn-57 	4.5965e+12  0.0000e+00  0.0000e+00  0.0000e+00  0.0000e+00  
mn-58 	3.7108e+10  0.0000e+00  0.0000e+00  0.0000e+00  0.0000e+00  
mn-58m	7.1924e+08  0.0000e+00  0.0000e+00  0.0000e+00  0.0000e+00  
mn-59 	5.1813e+05  0.0000e+00  0.0000e+00  0.0000e+00  0.0000e+00  
fe-53 	1.3018e+12  0.0000e+00  0.0000e+00  0.0000e+00  0.0000e+00  
fe-54 	4.7968e+21  4.7968e+21  4.7968e+21  4.7968e+21  4.7968e+21  
fe-55 	3.0686e+20  3.0665e+20  2.8629e+20  2.3837e+20  3.2997e+09  
fe-56 	7.5521e+22  7.5521e+22  7.5521e+22  7.5521e+22  7.5521e+22  
fe-57 	3.3628e+21  3.3628e+21  3.3628e+21  3.3628e+21  3.3628e+21  
fe-58 	2.8443e+20  2.8443e+20  2.8443e+20  2.8443e+20  2.8443e+20  
fe-59 	1.0501e+17  1.0339e+17  2.2120e+16  3.6223e+14  0.0000e+00  
fe-60 	1.8588e+15  1.8588e+15  1.8588e+15  1.8588e+15  1.8587e+15  
fe-61 	3.3687e+07  0.0000e+00  0.0000e+00  0.0000e+00  0.0000e+00  
co-58 	3.4951e+14  3.4849e+14  1.3248e+14  1.0014e+13  0.0000e+00  
co-58m	2.8353e+12  4.4102e+11  0.0000e+00  0.0000e+00  0.0000e+00  
co-59 	2.2105e+18  2.2121e+18  2.2934e+18  2.3151e+18  2.3155e+18  
co-60 	3.1510e+17  3.1499e+17  3.0396e+17  2.7640e+17  6.4227e+11  
co-60m	2.5382e+12  0.0000e+00  0.0000e+00  0.0000e+00  0.0000e+00  
co-61 	3.0039e+11  1.2564e+07  0.0000e+00  0.0000e+00  0.0000e+00  
ni-59 	8.5340e+13  8.5340e+13  8.5340e+13  8.5339e+13  8.5262e+13  
ni-60 	7.1446e+16  7.1560e+16  8.2588e+16  1.1014e+17  3.8655e+17  
ni-61 	2.3246e+15  2.3249e+15  2.3249e+15  2.3249e+15  2.3249e+15  
ni-62 	9.7766e+12  9.7766e+12  9.7766e+12  9.7766e+12  9.7766e+12  
====================================================================
total	8.5128e+22  8.5128e+22  8.5128e+22  8.5128e+22  8.5128e+22  

Interval #3 (Zone: inner_zone) :
	Relative Volume: 3.33333
	Containing mixture: inner_mix

Total (All constituents) 
	COMPACTED

Number Density [atoms/cm3]
isotope	 shutdown         1 d       100 d         1 y       100 y   
====================================================================
h-1 	3.3155e+20  3.3155e+20  3.3155e+20  3.3155e+20  3.3155e+20  
h-2 	1.0138e+19  1.0138e+19  1.0138e+19  1.0138e+19  1.0138e+19  
h-3 	2.0631e+16  2.0628e+16  2.0316e+16  1.9507e+16  7.6110e+13  
he-3 	1.3086e+14  1.3403e+14  4.4597e+14  1.2549e+15  2.0686e+16  
he-4 	6.0204e+19  6.0204e+19  6.0204e+19  6.0204e+19  6.0204e+19  
sc-48 	2.8145e+12  1.9229e+12  8.0447e-05  0.0000e+00  0.0000e+00  
ti-48 	1.1127e+15  1.1135e+15  1.1155e+15  1.1155e+15  1.1155e+15  
ti-49 	1.8588e+14  1.8596e+14  1.9350e+14  2.0739e+14  2.2613e+14  
ti-50 	3.2460e+16  3.2460e+16  3.2460e+16  3.2460e+16  3.2460e+16  
ti-51 	4.7153e+10  0.0000e+00  0.0000e+00  0.0000e+00  0.0000e+00  
v-49 	4.0247e+13  4.0162e+13  3.2622e+13  1.8736e+13  2.5134e-20  
v-50 	6.0390e+16  6.0390e+16  6.0390e+16  6.0390e+16  6.0390e+16  
v-51 	7.3907e+18  7.3948e+18  7.5438e+18  7.5575e+18  7.5575e+18  
v-52 	9.5317e+11  0.0000e+00  0.0000e+00  0.0000e+00  0.0000e+00  
v-53 	3.4226e+10  0.0000e+00  0.0000e+00  0.0000e+00  0.0000e+00  
v-54 	4.6703e+09  0.0000e+00  0.0000e+00  0.0000e+00  0.0000e+00  
cr-50 	1.9923e+16  1.9923e+16  1.9923e+16  1.9923e+16  1.9923e+16  
cr-51 	1.6678e+17  1.6266e+17  1.3666e+16  1.8503e+13  0.0000e+00  
cr-52 	1.7389e+18  1.7389e+18  1.7393e+18  1.7393e+18  1.7393e+18  
cr-53 	4.6609e+19  4.6609e+19  4.6609e+19  4.6609e+19  4.6610e+19  
cr-54 	4.8124e+19  4.8159e+19  5.1317e+19  5.7016e+19  6.4168e+19  
cr-55 	8.5568e+11  0.0000e+00  0.0000e+00  0.0000e+00  0.0000e+00  
cr-56 	3.4747e+07  0.0000e+00  0.0000e+00  0.0000e+00  0.0000e+00  
mn-52 	3.4907e+14  3.0837e+14  1.4426e+09  8.8305e-06  0.0000e+00  
mn-52m	2.0049e+11  5.7262e-10  0.0000e+00  0.0000e+00  0.0000e+00  
mn-53 	4.1560e+19  4.1560e+19  4.1560e+19  4.1560e+19  4.1559e+19  
mn-54 	1.6045e+19  1.6009e+19  1.2851e+19  7.1526e+18  1.3148e-16  
mn-55 	2.9004e+20  2.9025e+20  3.1061e+20  3.5852e+20  5.9690e+20  
mn-56 	1.7128e+16  2.7061e+13  0.0000e+00  0.0000e+00  0.0000e+00  
mn-57 	4.5965e+12  0.0000e+00  0.0000e+00  0.0000e+00  0.0000e+00  
mn-58 	3.7108e+10  0.0000e+00  0.0000e+00  0.0000e+00  0.0000e+00  
mn-58m	7.1924e+08  0.0000e+00  0.0000e+00  0.0000e+00  0.0000e+00  
mn-59 	5.1813e+05  0.0000e+00  0.0000e+00  0.0000e+00  0.0000e+00  
fe-53 	1.3018e+12  0.0000e+00  0.0000e+00  0.0000e+00  0.0000e+00  
fe-54 	4.7968e+21  4.7968e+21  4.7968e+21  4.7968e+21  4.7968e+21  
fe-55 	3.0686e+20  3.0665e+20  2.8629e+20  2.3837e+20  3.2997e+09  
fe-56 	7.5521e+22  7.5521e+22  7.5521e+22  7.5521e+22  7.5521e+22  
fe-57 	3.3628e+21  3.3628e+21  3.3628e+21  3.3628e+21  3.3628e+21  
fe-58 	2.8443e+20  2.8443e+20  2.8443e+20  2.8443e+20  2.8443e+20  
fe-59 	1.0501e+17  1.0339e+17  2.2120e+16  3.6223e+14  0.0000e+00  
fe-60 	1.8588e+15  1.8588e+15  1.8588e+15  1.8588e+15  1.8587e+15  
fe-61 	3.3687e+07  0.0000e+00  0.0000e+00  0.0000e+00  0.0000e+00  
co-58 	3.4951e+14  3.4849e+14  1.3248e+14  1.0014e+13  0.0000e+00  
co-58m	2.8353e+12  4.4102e+11  0.0000e+00  0.0000e+00  0.0000e+00  
co-59 	2.2105e+18  2.2121e+18  2.2934e+18  2.3151e+18  2.3155e+18  
co-60 	3.1510e+17  3.1499e+17  3.0396e+17  2.7640e+17  6.4227e+11  
co-60m	2.5382e+12  0.0000e+00  0.0000e+00  0.0000e+00  0.0000e+00  
co-61 	3.0039e+11  1.2564e+07  0.0000e+00  0.0000e+00  0.0000e+00  
ni-59 	8.5340e+13  8.5340e+13  8.5340e+13  8.5339e+13  8.5262e+13  
ni-60 	7.1446e+16  7.1560e+16  8.2588e+16  1.1014e+17  3.8655e+17  
ni-61 	2.3246e+15  2.3249e+15  2.3249e+15  2.3249e+15  2.3249e+15  
ni-62 	9.7766e+12  9.7766e+12  9.7766e+12  9.7766e+12  9.7766e+12  
====================================================================
total	8.5128e+22  8.5128e+22  8.5128e+22  8.5128e+22  8.5128e+22  

Interval #4 (Zone: outer_zone) :
	Mixture: VOID


Totals for all intervals.
Number Density [atoms/cm3]
interval shutdown         1 d       100 d         1 y       100 y   
====================================================================
1	8.5128e+22  8.5128e+22  8.5128e+22  8.5128e+22  8.5128e+22  
2	8.5128e+22  8.5128e+22  8.5128e+22  8.5128e+22  8.5128e+22  
3	8.5128e+22  8.5128e+22  8.5128e+22  8.5128e+22  8.5128e+22  
====================================================================





*** Contact Dose [ Sv/hr] : data/ANS6_4_3 ***

Interval #1 (Zone: inner_zone) :
	Relative Volume: 3.33333
	Containing mixture: inner_mix

Total (All constituents) 
	COMPACTED

Contact Dose [ Sv/hr] : data/ANS6_4_3
isotope	 shutdown         1 d       100 d         1 y       100 y   
====================================================================
sc-48 	1.1446e-02  7.8201e-03  3.2715e-19  0.0000e+00  0.0000e+00  
ti-51 	5.8865e-03  0.0000e+00  0.0000e+00  0.0000e+00  0.0000e+00  
v-49 	1.4313e-09  1.4283e-09  1.1601e-09  6.6633e-10  8.9383e-43  
v-50 	2.9248e-18  2.9248e-18  2.9248e-18  2.9248e-18  2.9248e-18  
v-52 	1.2571e+00  0.0000e+00  0.0000e+00  0.0000e+00  0.0000e+00  
v-53 	6.8396e-02  0.0000e+00  0.0000e+00  0.0000e+00  0.0000e+00  
v-54 	7.7493e-02  0.0000e+00  0.0000e+00  0.0000e+00  0.0000e+00  
cr-51 	2.3876e-01  2.3286e-01  1.9563e-02  2.6487e-05  0.0000e+00  
cr-55 	5.6854e-04  0.0000e+00  0.0000e+00  0.0000e+00  0.0000e+00  
cr-56 	1.7083e-07  0.0000e+00  0.0000e+00  0.0000e+00  0.0000e+00  
mn-52 	4.6392e-01  4.0984e-01  1.9173e-06  1.1736e-20  0.0000e+00  
mn-52m	6.9108e-02  1.9738e-22  0.0000e+00  0.0000e+00  0.0000e+00  
mn-53 	6.6768e-10  6.6768e-10  6.6768e-10  6.6768e-10  6.6766e-10  
mn-54 	8.6442e+01  8.6251e+01  6.9236e+01  3.8536e+01  7.0839e-34  
mn-56 	6.1555e+02  9.7252e-01  0.0000e+00  0.0000e+00  0.0000e+00  
mn-57 	4.7986e-01  0.0000e+00  0.0000e+00  0.0000e+00  0.0000e+00  
mn-58 	2.5841e-01  0.0000e+00  0.0000e+00  0.0000e+00  0.0000e+00  
mn-59 	1.1879e-05  0.0000e+00  0.0000e+00  0.0000e+00  0.0000e+00  
fe-53 	4.2415e-01  0.0000e+00  0.0000e+00  0.0000e+00  0.0000e+00  
fe-55 	8.7857e-03  8.7796e-03  8.1968e-03  6.8248e-03  9.4475e-14  
fe-59 	6.2776e+00  6.1806e+00  1.3224e+00  2.1654e-02  0.0000e+00  
fe-60 	1.6633e-13  1.6633e-13  1.6633e-13  1.6633e-13  1.6633e-13  
fe-61 	2.4878e-05  0.0000e+00  0.0000e+00  0.0000e+00  0.0000e+00  
co-58 	9.3492e-03  9.3218e-03  3.5438e-03  2.6788e-04  0.0000e+00  
co-58m	2.8417e-07  4.4203e-08  0.0000e+00  0.0000e+00  0.0000e+00  
co-60 	9.3527e-01  9.3494e-01  9.0220e-01  8.2041e-01  1.9064e-06  
co-60m	2.9573e-03  0.0000e+00  0.0000e+00  0.0000e+00  0.0000e+00  
co-61 	3.4151e-04  1.4283e-08  0.0000e+00  0.0000e+00  0.0000e+00  
ni-59 	1.4821e-13  1.4821e-13  1.4821e-13  1.4821e-13  1.4808e-13  
====================================================================
total	7.1258e+02  9.5007e+01  7.1492e+01  3.9385e+01  1.9070e-06  

Interval #2 (Zone: inner_zone) :
	Relative Volume: 3.33333
	Containing mixture: inner_mix

Total (All constituents) 
	COMPACTED

Contact Dose [ Sv/hr] : data/ANS6_4_3
isotope	 shutdown         1 d       100 d         1 y       100 y   
====================================================================
sc-48 	1.1446e-02  7.8201e-03  3.2715e-19  0.0000e+00  0.0000e+00  
ti-51 	5.8865e-03  0.0000e+00  0.0000e+00  0.0000e+00  0.0000e+00  
v-49 	1.4313e-09  1.4283e-09  1.1601e-09  6.6633e-10  8.9383e-43  
v-50 	2.9248e-18  2.9248e-18  2.9248e-18  2.9248e-18  2.9248e-18  
v-52 	1.2571e+00  0.0000e+00  0.0000e+00  0.0000e+00  0.0000e+00  
v-53 	6.8396e-02  0.0000e+00  0.0000e+00  0.0000e+00  0.0000e+00  
v-54 	7.7493e-02  0.0000e+00  0.0000e+00  0.0000e+00  0.0000e+00  
cr-51 	2.3876e-01  2.3286e-01  1.9563e-02  2.6487e-05  0.0000e+00  
cr-55 	5.6854e-04  0.0000e+00  0.0000e+00  0.0000e+00  0.0000e+00  
cr-56 	1.7083e-07  0.0000e+00  0.0000e+00  0.0000e+00  0.0000e+00  
mn-52 	4.6392e-01  4.0984e-01  1.9173e-06  1.1736e-20  0.0000e+00  
mn-52m	6.9108e-02  1.9738e-22  0.0000e+00  0.0000e+00  0.0000e+00  
mn-53 	6.6768e-10  6.6768e-10  6.6768e-10  6.6768e-10  6.6766e-10  
mn-54 	8.6442e+01  8.6251e+01  6.9236e+01  3.8536e+01  7.0839e-34  
mn-56 	6.1555e+02  9.7252e-01  0.0000e+00  0.0000e+00  0.0000e+00  
mn-57 	4.7986e-01  0.0000e+00  0.0000e+00  0.0000e+00  0.0000e+00  
mn-58 	2.5841e-01  0.0000e+00  0.0000e+00  0.0000e+00  0.0000e+00  
mn-59 	1.1879e-05  0.0000e+00  0.0000e+00  0.0000e+00  0.0000e+00  
fe-53 	4.2415e-01  0.0000e+00  0.0000e+00  0.0000e+00  0.0000e+00  
fe-55 	8.7857e-03  8.7796e-03  8.1968e-03  6.8248e-03  9.4475e-14  
fe-59 	6.2776e+00  6.1806e+00  1.3224e+00  2.1654e-02  0.0000e+00  
fe-60 	1.6633e-13  1.6633e-13  1.6633e-13  1.6633e-13  1.6633e-13  
fe-61 	2.4878e-05  0.0000e+00  0.0000e+00  0.0000e+00  0.0000e+00  
co-58 	9.3492e-03  9.3218e-03  3.5438e-03  2.6788e-04  0.0000e+00  
co-58m	2.8417e-07  4.4203e-08  0.0000e+00  0.0000e+00  0.0000e+00  
co-60 	9.3527e-01  9.3494e-01  9.0220e-01  8.2041e-01  1.9064e-06  
co-60m	2.9573e-03  0.0000e+00  0.0000e+00  0.0000e+00  0.0000e+00  
co-61 	3.4151e-04  1.4283e-08  0.0000e+00  0.0000e+00  0.0000e+00  
ni-59 	1.4821e-13  1.4821e-13  1.4821e-13  1.4821e-13  1.4808e-13  
====================================================================
total	7.1258e+02  9.5007e+01  7.1492e+01  3.9385e+01  1.9070e-06  

Interval #3 (Zone: inner_zone) :
	Relative Volume: 3.33333
	Containing mixture: inner_mix

Total (All constituents) 
	COMPACTED

Contact Dose [ Sv/hr] : data/ANS6_4_3
isotope	 shutdown         1 d       100 d         1 y       100 y   
====================================================================
sc-48 	1.1446e-02  7.8201e-03  3.2715e-19  0.0000e+00  0.0000e+00  
ti-51 	5.8865e-03  0.0000e+00  0.0000e+00  0.0000e+00  0.0000e+00  
v-49 	1.4313e-09  1.4283e-09  1.1601e-09  6.6633e-10  8.9383e-43  
v-50 	2.9248e-18  2.9248e-18  2.9248e-18  2.9248e-18  2.9248e-18  
v-52 	1.2571e+00  0.0000e+00  0.0000e+00  0.0000e+00  0.0000e+00  
v-53 	6.8396e-02  0.0000e+00  0.0000e+00  0.0000e+00  0.0000e+00  
v-54 	7.7493e-02  0.0000e+00  0.0000e+00  0.0000e+00  0.0000e+00  
cr-51 	2.3876e-01  2.3286e-01  1.9563e-02  2.6487e-05  0.0000e+00  
cr-55 	5.6854e-04  0.0000e+00  0.0000e+00  0.0000e+00  0.0000e+00  
cr-56 	1.7083e-07  0.0000e+00  0.0000e+00  0.0000e+00  0.0000e+00  
mn-52 	4.6392e-01  4.0984e-01  1.9173e-06  1.1736e-20  0.0000e+00  
mn-52m	6.9108e-02  1.9738e-22  0.0000e+00  0.0000e+00  0.0000e+00  
mn-53 	6.6768e-10  6.6768e-10  6.6768e-10  6.6768e-10  6.6766e-10  
mn-54 	8.6442e+01  8.6251e+01  6.9236e+01  3.8536e+01  7.0839e-34  
mn-56 	6.1555e+02  9.7252e-01  0.0000e+00  0.0000e+00  0.0000e+00  
mn-57 	4.7986e-01  0.0000e+00  0.0000e+00  0.0000e+00  0.0000e+00  
mn-58 	2.5841e-01  0.0000e+00  0.0000e+00  0.0000e+00  0.0000e+00  
mn-59 	1.1879e-05  0.0000e+00  0.0000e+00  0.0000e+00  0.0000e+00  
fe-53 	4.2415e-01  0.0000e+00  0.0000e+00  0.0000e+00  0.0000e+00  
fe-55 	8.7857e-03  8.7796e-03  8.1968e-03  6.8248e-03  9.4475e-14  
fe-59 	6.2776e+00  6.1806e+00  1.3224e+00  2.1654e-02  0.0000e+00  
fe-60 	1.6633e-13  1.6633e-13  1.6633e-13  1.6633e-13  1.6633e-13  
fe-61 	2.4878e-05  0.0000e+00  0.0000e+00  0.0000e+00  0.0000e+00  
co-58 	9.3492e-03  9.3218e-03  3.5438e-03  2.6788e-04  0.0000e+00  
co-58m	2.8417e-07  4.4203e-08  0.0000e+00  0.0000e+00  0.0000e+00  
co-60 	9.3527e-01  9.3494e-01  9.0220e-01  8.2041e-01  1.9064e-06  
co-60m	2.9573e-03  0.0000e+00  0.0000e+00  0.0000e+00  0.0000e+00  
co-61 	3.4151e-04  1.4283e-08  0.0000e+00  0.0000e+00  0.0000e+00  
ni-59 	1.4821e-13  1.4821e-13  1.4821e-13  1.4821e-13  1.4808e-13  
====================================================================
total	7.1258e+02  9.5007e+01  7.1492e+01  3.9385e+01  1.9070e-06  

Interval #4 (Zone: outer_zone) :
	Mixture: VOID


Totals for all intervals.
Contact Dose [ Sv/hr] : data/ANS6_4_3
interval shutdown         1 d       100 d         1 y       100 y   
====================================================================
1	7.1258e+02  9.5007e+01  7.1492e+01  3.9385e+01  1.9070e-06  
2	7.1258e+02  9.5007e+01  7.1492e+01  3.9385e+01  1.9070e-06  
3	7.1258e+02  9.5007e+01  7.1492e+01  3.9385e+01  1.9070e-06  
====================================================================





*** Folded (Adjoint/Biological) Dose [Sv/hr] : data/adjfile2.gam ***

Interval #1 (Zone: inner_zone) :
	Relative Volume: 3.33333
	Containing mixture: inner_mix

Total (All constituents) 
	COMPACTED

Folded (Adjoint/Biological) Dose [Sv/hr] : data/adjfile2.gam
isotope	 shutdown         1 d       100 d         1 y       100 y   
====================================================================
sc-48 	4.1964e+04  2.8671e+04  1.1994e-12  0.0000e+00  0.0000e+00  
ti-51 	1.0714e+05  0.0000e+00  0.0000e+00  0.0000e+00  0.0000e+00  
v-50 	7.0298e-12  7.0298e-12  7.0298e-12  7.0298e-12  7.0298e-12  
v-52 	3.3429e+06  0.0000e+00  0.0000e+00  0.0000e+00  0.0000e+00  
v-53 	2.7941e+05  0.0000e+00  0.0000e+00  0.0000e+00  0.0000e+00  
v-54 	2.2452e+05  0.0000e+00  0.0000e+00  0.0000e+00  0.0000e+00  
cr-51 	5.3692e+06  5.2366e+06  4.3994e+05  5.9566e+02  0.0000e+00  
cr-55 	1.3281e+03  0.0000e+00  0.0000e+00  0.0000e+00  0.0000e+00  
mn-52 	2.0344e+06  1.7972e+06  8.4076e+00  5.1465e-14  0.0000e+00  
mn-52m	3.7848e+05  1.0810e-15  0.0000e+00  0.0000e+00  0.0000e+00  
mn-54 	4.6464e+08  4.6361e+08  3.7216e+08  2.0713e+08  3.8077e-27  
mn-56 	2.0623e+09  3.2583e+06  0.0000e+00  0.0000e+00  0.0000e+00  
mn-57 	3.0191e+06  0.0000e+00  0.0000e+00  0.0000e+00  0.0000e+00  
mn-58 	1.0074e+06  0.0000e+00  0.0000e+00  0.0000e+00  0.0000e+00  
mn-59 	1.0043e+02  0.0000e+00  0.0000e+00  0.0000e+00  0.0000e+00  
fe-53 	4.7455e+06  0.0000e+00  0.0000e+00  0.0000e+00  0.0000e+00  
fe-59 	2.1377e+07  2.1047e+07  4.5030e+06  7.3739e+04  0.0000e+00  
fe-61 	9.6336e+01  0.0000e+00  0.0000e+00  0.0000e+00  0.0000e+00  
co-58 	5.8297e+04  5.8126e+04  2.2098e+04  1.6704e+03  0.0000e+00  
co-60 	2.9586e+06  2.9576e+06  2.8540e+06  2.5953e+06  6.0305e+00  
co-60m	8.4812e+03  0.0000e+00  0.0000e+00  0.0000e+00  0.0000e+00  
co-61 	1.4243e+03  5.9570e-02  0.0000e+00  0.0000e+00  0.0000e+00  
ni-59 	8.3432e-09  8.3432e-09  8.3432e-09  8.3431e-09  8.3356e-09  
====================================================================
total	2.5719e+09  4.9799e+08  3.7998e+08  2.0981e+08  6.0305e+00  

Interval #2 (Zone: inner_zone) :
	Relative Volume: 3.33333
	Containing mixture: inner_mix

Total (All constituents) 
	COMPACTED

Folded (Adjoint/Biological) Dose [Sv/hr] : data/adjfile2.gam
isotope	 shutdown         1 d       100 d         1 y       100 y   
====================================================================
sc-48 	4.6195e+04  3.1561e+04  1.3204e-12  0.0000e+00  0.0000e+00  
ti-51 	1.1795e+05  0.0000e+00  0.0000e+00  0.0000e+00  0.0000e+00  
v-50 	7.7385e-12  7.7385e-12  7.7385e-12  7.7385e-12  7.7385e-12  
v-52 	3.6799e+06  0.0000e+00  0.0000e+00  0.0000e+00  0.0000e+00  
v-53 	3.0758e+05  0.0000e+00  0.0000e+00  0.0000e+00  0.0000e+00  
v-54 	2.4716e+05  0.0000e+00  0.0000e+00  0.0000e+00  0.0000e+00  
cr-51 	5.9106e+06  5.7645e+06  4.8430e+05  6.5572e+02  0.0000e+00  
cr-55 	1.4620e+03  0.0000e+00  0.0000e+00  0.0000e+00  0.0000e+00  
mn-52 	2.2395e+06  1.9784e+06  9.2552e+00  5.6654e-14  0.0000e+00  
mn-52m	4.1664e+05  1.1900e-15  0.0000e+00  0.0000e+00  0.0000e+00  
mn-54 	5.1149e+08  5.1035e+08  4.0968e+08  2.2802e+08  4.1916e-27  
mn-56 	2.2703e+09  3.5868e+06  0.0000e+00  0.0000e+00  0.0000e+00  
mn-57 	3.3235e+06  0.0000e+00  0.0000e+00  0.0000e+00  0.0000e+00  
mn-58 	1.1090e+06  0.0000e+00  0.0000e+00  0.0000e+00  0.0000e+00  
mn-59 	1.1056e+02  0.0000e+00  0.0000e+00  0.0000e+00  0.0000e+00  
fe-53 	5.2239e+06  0.0000e+00  0.0000e+00  0.0000e+00  0.0000e+00  
fe-59 	2.3532e+07  2.3169e+07  4.9570e+06  8.1173e+04  0.0000e+00  
fe-61 	1.0605e+02  0.0000e+00  0.0000e+00  0.0000e+00  0.0000e+00  
co-58 	6.4175e+04  6.3987e+04  2.4326e+04  1.8388e+03  0.0000e+00  
co-60 	3.2569e+06  3.2557e+06  3.1418e+06  2.8569e+06  6.6386e+00  
co-60m	9.3363e+03  0.0000e+00  0.0000e+00  0.0000e+00  0.0000e+00  
co-61 	1.5679e+03  6.5576e-02  0.0000e+00  0.0000e+00  0.0000e+00  
ni-59 	9.1844e-09  9.1844e-09  9.1844e-09  9.1843e-09  9.1761e-09  
====================================================================
total	2.8312e+09  5.4820e+08  4.1829e+08  2.3096e+08  6.6386e+00  

Interval #3 (Zone: inner_zone) :
	Relative Volume: 3.33333
	Containing mixture: inner_mix

Total (All constituents) 
	COMPACTED

Folded (Adjoint/Biological) Dose [Sv/hr] : data/adjfile2.gam
isotope	 shutdown         1 d       100 d         1 y       100 y   
====================================================================
sc-48 	5.0842e+04  3.4736e+04  1.4532e-12  0.0000e+00  0.0000e+00  
ti-51 	1.2981e+05  0.0000e+00  0.0000e+00  0.0000e+00  0.0000e+00  
v-50 	8.5170e-12  8.5170e-12  8.5170e-12  8.5170e-12  8.5170e-12  
v-52 	4.0501e+06  0.0000e+00  0.0000e+00  0.0000e+00  0.0000e+00  
v-53 	3.3852e+05  0.0000e+00  0.0000e+00  0.0000e+00  0.0000e+00  
v-54 	2.7202e+05  0.0000e+00  0.0000e+00  0.0000e+00  0.0000e+00  
cr-51 	6.5052e+06  6.3445e+06  5.3302e+05  7.2168e+02  0.0000e+00  
cr-55 	1.6091e+03  0.0000e+00  0.0000e+00  0.0000e+00  0.0000e+00  
mn-52 	2.4648e+06  2.1775e+06  1.0186e+01  6.2354e-14  0.0000e+00  
mn-52m	4.5855e+05  1.3097e-15  0.0000e+00  0.0000e+00  0.0000e+00  
mn-54 	5.6294e+08  5.6169e+08  4.5089e+08  2.5096e+08  4.6133e-27  
mn-56 	2.4987e+09  3.9477e+06  0.0000e+00  0.0000e+00  0.0000e+00  
mn-57 	3.6578e+06  0.0000e+00  0.0000e+00  0.0000e+00  0.0000e+00  
mn-58 	1.2206e+06  0.0000e+00  0.0000e+00  0.0000e+00  0.0000e+00  
mn-59 	1.2168e+02  0.0000e+00  0.0000e+00  0.0000e+00  0.0000e+00  
fe-53 	5.7495e+06  0.0000e+00  0.0000e+00  0.0000e+00  0.0000e+00  
fe-59 	2.5900e+07  2.5499e+07  5.4557e+06  8.9340e+04  0.0000e+00  
fe-61 	1.1672e+02  0.0000e+00  0.0000e+00  0.0000e+00  0.0000e+00  
co-58 	7.0631e+04  7.0424e+04  2.6773e+04  2.0238e+03  0.0000e+00  
co-60 	3.5845e+06  3.5833e+06  3.4578e+06  3.1443e+06  7.3064e+00  
co-60m	1.0276e+04  0.0000e+00  0.0000e+00  0.0000e+00  0.0000e+00  
co-61 	1.7256e+03  7.2173e-02  0.0000e+00  0.0000e+00  0.0000e+00  
ni-59 	1.0108e-08  1.0108e-08  1.0108e-08  1.0108e-08  1.0099e-08  
====================================================================
total	3.1161e+09  6.0335e+08  4.6037e+08  2.5419e+08  7.3064e+00  

Interval #4 (Zone: outer_zone) :
	Mixture: VOID


Totals for all intervals.
Folded (Adjoint/Biological) Dose [Sv/hr] : data/adjfile2.gam
interval shutdown         1 d       100 d         1 y       100 y   
====================================================================
1	2.5719e+09  4.9799e+08  3.7998e+08  2.0981e+08  6.0305e+00  
2	2.8312e+09  5.4820e+08  4.1829e+08  2.3096e+08  6.6386e+00  
3	3.1161e+09  6.0335e+08  4.6037e+08  2.5419e+08  7.3064e+00  
====================================================================





Output.
